running egg_info
creating ../../../build/landing_controller/landing_controller_node.egg-info
writing ../../../build/landing_controller/landing_controller_node.egg-info/PKG-INFO
writing dependency_links to ../../../build/landing_controller/landing_controller_node.egg-info/dependency_links.txt
writing entry points to ../../../build/landing_controller/landing_controller_node.egg-info/entry_points.txt
writing requirements to ../../../build/landing_controller/landing_controller_node.egg-info/requires.txt
writing top-level names to ../../../build/landing_controller/landing_controller_node.egg-info/top_level.txt
writing manifest file '../../../build/landing_controller/landing_controller_node.egg-info/SOURCES.txt'
reading manifest file '../../../build/landing_controller/landing_controller_node.egg-info/SOURCES.txt'
writing manifest file '../../../build/landing_controller/landing_controller_node.egg-info/SOURCES.txt'
running build
running build_py
creating /home/harold/Workspace/Quads_Project/build/landing_controller/build
creating /home/harold/Workspace/Quads_Project/build/landing_controller/build/lib
creating /home/harold/Workspace/Quads_Project/build/landing_controller/build/lib/landing_controller
copying landing_controller/landing_controller_node.py -> /home/harold/Workspace/Quads_Project/build/landing_controller/build/lib/landing_controller
copying landing_controller/infer_axis_mapping.py -> /home/harold/Workspace/Quads_Project/build/landing_controller/build/lib/landing_controller
copying landing_controller/controller.py -> /home/harold/Workspace/Quads_Project/build/landing_controller/build/lib/landing_controller
copying landing_controller/__init__.py -> /home/harold/Workspace/Quads_Project/build/landing_controller/build/lib/landing_controller
running install
running install_lib
creating /home/harold/Workspace/Quads_Project/install/landing_controller/lib/python3.10/site-packages/landing_controller
copying /home/harold/Workspace/Quads_Project/build/landing_controller/build/lib/landing_controller/landing_controller_node.py -> /home/harold/Workspace/Quads_Project/install/landing_controller/lib/python3.10/site-packages/landing_controller
copying /home/harold/Workspace/Quads_Project/build/landing_controller/build/lib/landing_controller/infer_axis_mapping.py -> /home/harold/Workspace/Quads_Project/install/landing_controller/lib/python3.10/site-packages/landing_controller
copying /home/harold/Workspace/Quads_Project/build/landing_controller/build/lib/landing_controller/controller.py -> /home/harold/Workspace/Quads_Project/install/landing_controller/lib/python3.10/site-packages/landing_controller
copying /home/harold/Workspace/Quads_Project/build/landing_controller/build/lib/landing_controller/__init__.py -> /home/harold/Workspace/Quads_Project/install/landing_controller/lib/python3.10/site-packages/landing_controller
byte-compiling /home/harold/Workspace/Quads_Project/install/landing_controller/lib/python3.10/site-packages/landing_controller/landing_controller_node.py to landing_controller_node.cpython-310.pyc
byte-compiling /home/harold/Workspace/Quads_Project/install/landing_controller/lib/python3.10/site-packages/landing_controller/infer_axis_mapping.py to infer_axis_mapping.cpython-310.pyc
byte-compiling /home/harold/Workspace/Quads_Project/install/landing_controller/lib/python3.10/site-packages/landing_controller/controller.py to controller.cpython-310.pyc
byte-compiling /home/harold/Workspace/Quads_Project/install/landing_controller/lib/python3.10/site-packages/landing_controller/__init__.py to __init__.cpython-310.pyc
running install_data
