[1.118s] Invoking command in '/home/harold/Workspace/Quads_Project/drone_dev/src/landing_controller_node': PYTHONPATH=/home/harold/Workspace/Quads_Project/build/landing_controller/prefix_override:/usr/lib/python3/dist-packages/colcon_core/task/python/colcon_distutils_commands:/home/harold/Workspace/Quads_Project/install/landing_controller/lib/python3.10/site-packages:${PYTHONPATH} /usr/bin/python3 -W ignore:setup.py install is deprecated -W ignore:easy_install command is deprecated setup.py egg_info --egg-base ../../../build/landing_controller build --build-base /home/harold/Workspace/Quads_Project/build/landing_controller/build install --record /home/harold/Workspace/Quads_Project/build/landing_controller/install.log --single-version-externally-managed install_data
[1.542s] running egg_info
[1.543s] creating ../../../build/landing_controller/landing_controller_node.egg-info
[1.543s] writing ../../../build/landing_controller/landing_controller_node.egg-info/PKG-INFO
[1.544s] writing dependency_links to ../../../build/landing_controller/landing_controller_node.egg-info/dependency_links.txt
[1.544s] writing entry points to ../../../build/landing_controller/landing_controller_node.egg-info/entry_points.txt
[1.544s] writing requirements to ../../../build/landing_controller/landing_controller_node.egg-info/requires.txt
[1.544s] writing top-level names to ../../../build/landing_controller/landing_controller_node.egg-info/top_level.txt
[1.545s] writing manifest file '../../../build/landing_controller/landing_controller_node.egg-info/SOURCES.txt'
[1.548s] reading manifest file '../../../build/landing_controller/landing_controller_node.egg-info/SOURCES.txt'
[1.549s] writing manifest file '../../../build/landing_controller/landing_controller_node.egg-info/SOURCES.txt'
[1.549s] running build
[1.549s] running build_py
[1.550s] creating /home/harold/Workspace/Quads_Project/build/landing_controller/build
[1.550s] creating /home/harold/Workspace/Quads_Project/build/landing_controller/build/lib
[1.550s] creating /home/harold/Workspace/Quads_Project/build/landing_controller/build/lib/landing_controller
[1.551s] copying landing_controller/landing_controller_node.py -> /home/harold/Workspace/Quads_Project/build/landing_controller/build/lib/landing_controller
[1.551s] copying landing_controller/infer_axis_mapping.py -> /home/harold/Workspace/Quads_Project/build/landing_controller/build/lib/landing_controller
[1.551s] copying landing_controller/controller.py -> /home/harold/Workspace/Quads_Project/build/landing_controller/build/lib/landing_controller
[1.551s] copying landing_controller/__init__.py -> /home/harold/Workspace/Quads_Project/build/landing_controller/build/lib/landing_controller
[1.551s] running install
[1.552s] running install_lib
[1.553s] creating /home/harold/Workspace/Quads_Project/install/landing_controller/lib/python3.10/site-packages/landing_controller
[1.553s] copying /home/harold/Workspace/Quads_Project/build/landing_controller/build/lib/landing_controller/landing_controller_node.py -> /home/harold/Workspace/Quads_Project/install/landing_controller/lib/python3.10/site-packages/landing_controller
[1.554s] copying /home/harold/Workspace/Quads_Project/build/landing_controller/build/lib/landing_controller/infer_axis_mapping.py -> /home/harold/Workspace/Quads_Project/install/landing_controller/lib/python3.10/site-packages/landing_controller
[1.554s] copying /home/harold/Workspace/Quads_Project/build/landing_controller/build/lib/landing_controller/controller.py -> /home/harold/Workspace/Quads_Project/install/landing_controller/lib/python3.10/site-packages/landing_controller
[1.554s] copying /home/harold/Workspace/Quads_Project/build/landing_controller/build/lib/landing_controller/__init__.py -> /home/harold/Workspace/Quads_Project/install/landing_controller/lib/python3.10/site-packages/landing_controller
[1.555s] byte-compiling /home/harold/Workspace/Quads_Project/install/landing_controller/lib/python3.10/site-packages/landing_controller/landing_controller_node.py to landing_controller_node.cpython-310.pyc
[1.557s] byte-compiling /home/harold/Workspace/Quads_Project/install/landing_controller/lib/python3.10/site-packages/landing_controller/infer_axis_mapping.py to infer_axis_mapping.cpython-310.pyc
[1.560s] byte-compiling /home/harold/Workspace/Quads_Project/install/landing_controller/lib/python3.10/site-packages/landing_controller/controller.py to controller.cpython-310.pyc
[1.561s] byte-compiling /home/harold/Workspace/Quads_Project/install/landing_controller/lib/python3.10/site-packages/landing_controller/__init__.py to __init__.cpython-310.pyc
[1.561s] running install_data
[1.562s] error: can't copy 'resource/landing_controller_node': doesn't exist or not a regular file
[1.613s] Invoked command in '/home/harold/Workspace/Quads_Project/drone_dev/src/landing_controller_node' returned '1': PYTHONPATH=/home/harold/Workspace/Quads_Project/build/landing_controller/prefix_override:/usr/lib/python3/dist-packages/colcon_core/task/python/colcon_distutils_commands:/home/harold/Workspace/Quads_Project/install/landing_controller/lib/python3.10/site-packages:${PYTHONPATH} /usr/bin/python3 -W ignore:setup.py install is deprecated -W ignore:easy_install command is deprecated setup.py egg_info --egg-base ../../../build/landing_controller build --build-base /home/harold/Workspace/Quads_Project/build/landing_controller/build install --record /home/harold/Workspace/Quads_Project/build/landing_controller/install.log --single-version-externally-managed install_data
