[0.200s] DEBUG:colcon:Command line arguments: ['/usr/bin/colcon', 'build', '--symlink-install', '--packages-select', 'csi_camera_publisher', 'aruco_detector_node']
[0.200s] DEBUG:colcon:Parsed command line arguments: Namespace(log_base=None, log_level=None, verb_name='build', build_base='build', install_base='install', merge_install=False, symlink_install=True, test_result_base=None, continue_on_error=False, executor='parallel', parallel_workers=6, event_handlers=None, ignore_user_meta=False, metas=['./colcon.meta'], base_paths=['.'], packages_ignore=None, packages_ignore_regex=None, paths=None, packages_up_to=None, packages_up_to_regex=None, packages_above=None, packages_above_and_dependencies=None, packages_above_depth=None, packages_select_by_dep=None, packages_skip_by_dep=None, packages_skip_up_to=None, packages_select_build_failed=False, packages_skip_build_finished=False, packages_select_test_failures=False, packages_skip_test_passed=False, packages_select=['csi_camera_publisher', 'aruco_detector_node'], packages_skip=None, packages_select_regex=None, packages_skip_regex=None, packages_start=None, packages_end=None, allow_overriding=[], cmake_args=None, cmake_target=None, cmake_target_skip_unavailable=False, cmake_clean_cache=False, cmake_clean_first=False, cmake_force_configure=False, ament_cmake_args=None, catkin_cmake_args=None, catkin_skip_building_tests=False, mixin_files=None, mixin=None, verb_parser=<colcon_mixin.mixin.mixin_argument.MixinArgumentDecorator object at 0xffff8c6b59f0>, verb_extension=<colcon_core.verb.build.BuildVerb object at 0xffff8c6b5540>, main=<bound method BuildVerb.main of <colcon_core.verb.build.BuildVerb object at 0xffff8c6b5540>>, mixin_verb=('build',))
[0.502s] Level 1:colcon.colcon_core.package_discovery:discover_packages(colcon_meta) check parameters
[0.503s] Level 1:colcon.colcon_core.package_discovery:discover_packages(recursive) check parameters
[0.503s] Level 1:colcon.colcon_core.package_discovery:discover_packages(ignore) check parameters
[0.503s] Level 1:colcon.colcon_core.package_discovery:discover_packages(path) check parameters
[0.503s] Level 1:colcon.colcon_core.package_discovery:discover_packages(colcon_meta) discover
[0.503s] Level 1:colcon.colcon_core.package_discovery:discover_packages(recursive) discover
[0.503s] INFO:colcon.colcon_core.package_discovery:Crawling recursively for packages in '/home/harold/Workspace/Quads_Project'
[0.503s] Level 1:colcon.colcon_core.package_identification:_identify(.) by extensions ['ignore', 'ignore_ament_install']
[0.503s] Level 1:colcon.colcon_core.package_identification:_identify(.) by extension 'ignore'
[0.504s] Level 1:colcon.colcon_core.package_identification:_identify(.) by extension 'ignore_ament_install'
[0.504s] Level 1:colcon.colcon_core.package_identification:_identify(.) by extensions ['colcon_pkg']
[0.504s] Level 1:colcon.colcon_core.package_identification:_identify(.) by extension 'colcon_pkg'
[0.504s] Level 1:colcon.colcon_core.package_identification:_identify(.) by extensions ['colcon_meta']
[0.504s] Level 1:colcon.colcon_core.package_identification:_identify(.) by extension 'colcon_meta'
[0.504s] Level 1:colcon.colcon_core.package_identification:_identify(.) by extensions ['ros']
[0.504s] Level 1:colcon.colcon_core.package_identification:_identify(.) by extension 'ros'
[0.523s] Level 1:colcon.colcon_core.package_identification:_identify(.) by extensions ['cmake', 'python']
[0.524s] Level 1:colcon.colcon_core.package_identification:_identify(.) by extension 'cmake'
[0.524s] Level 1:colcon.colcon_core.package_identification:_identify(.) by extension 'python'
[0.524s] Level 1:colcon.colcon_core.package_identification:_identify(.) by extensions ['python_setup_py']
[0.524s] Level 1:colcon.colcon_core.package_identification:_identify(.) by extension 'python_setup_py'
[0.524s] Level 1:colcon.colcon_core.package_identification:_identify(build) by extensions ['ignore', 'ignore_ament_install']
[0.524s] Level 1:colcon.colcon_core.package_identification:_identify(build) by extension 'ignore'
[0.524s] Level 1:colcon.colcon_core.package_identification:_identify(build) ignored
[0.525s] Level 1:colcon.colcon_core.package_identification:_identify(drone_dev) by extensions ['ignore', 'ignore_ament_install']
[0.525s] Level 1:colcon.colcon_core.package_identification:_identify(drone_dev) by extension 'ignore'
[0.525s] Level 1:colcon.colcon_core.package_identification:_identify(drone_dev) by extension 'ignore_ament_install'
[0.525s] Level 1:colcon.colcon_core.package_identification:_identify(drone_dev) by extensions ['colcon_pkg']
[0.525s] Level 1:colcon.colcon_core.package_identification:_identify(drone_dev) by extension 'colcon_pkg'
[0.525s] Level 1:colcon.colcon_core.package_identification:_identify(drone_dev) by extensions ['colcon_meta']
[0.525s] Level 1:colcon.colcon_core.package_identification:_identify(drone_dev) by extension 'colcon_meta'
[0.525s] Level 1:colcon.colcon_core.package_identification:_identify(drone_dev) by extensions ['ros']
[0.526s] Level 1:colcon.colcon_core.package_identification:_identify(drone_dev) by extension 'ros'
[0.526s] Level 1:colcon.colcon_core.package_identification:_identify(drone_dev) by extensions ['cmake', 'python']
[0.526s] Level 1:colcon.colcon_core.package_identification:_identify(drone_dev) by extension 'cmake'
[0.532s] Level 1:colcon.colcon_core.package_identification:_identify(drone_dev) by extension 'python'
[0.532s] DEBUG:colcon.colcon_core.package_identification:Package 'drone_dev' with type 'cmake' and name 'drone_dev_hardware'
[0.532s] Level 1:colcon.colcon_core.package_identification:_identify(drone_dev_sim) by extensions ['ignore', 'ignore_ament_install']
[0.532s] Level 1:colcon.colcon_core.package_identification:_identify(drone_dev_sim) by extension 'ignore'
[0.532s] Level 1:colcon.colcon_core.package_identification:_identify(drone_dev_sim) by extension 'ignore_ament_install'
[0.533s] Level 1:colcon.colcon_core.package_identification:_identify(drone_dev_sim) by extensions ['colcon_pkg']
[0.533s] Level 1:colcon.colcon_core.package_identification:_identify(drone_dev_sim) by extension 'colcon_pkg'
[0.533s] Level 1:colcon.colcon_core.package_identification:_identify(drone_dev_sim) by extensions ['colcon_meta']
[0.533s] Level 1:colcon.colcon_core.package_identification:_identify(drone_dev_sim) by extension 'colcon_meta'
[0.533s] Level 1:colcon.colcon_core.package_identification:_identify(drone_dev_sim) by extensions ['ros']
[0.533s] Level 1:colcon.colcon_core.package_identification:_identify(drone_dev_sim) by extension 'ros'
[0.533s] Level 1:colcon.colcon_core.package_identification:_identify(drone_dev_sim) by extensions ['cmake', 'python']
[0.533s] Level 1:colcon.colcon_core.package_identification:_identify(drone_dev_sim) by extension 'cmake'
[0.539s] Level 1:colcon.colcon_core.package_identification:_identify(drone_dev_sim) by extension 'python'
[0.539s] DEBUG:colcon.colcon_core.package_identification:Package 'drone_dev_sim' with type 'cmake' and name 'drone_dev_sim'
[0.539s] Level 1:colcon.colcon_core.package_identification:_identify(install) by extensions ['ignore', 'ignore_ament_install']
[0.539s] Level 1:colcon.colcon_core.package_identification:_identify(install) by extension 'ignore'
[0.540s] Level 1:colcon.colcon_core.package_identification:_identify(install) ignored
[0.540s] Level 1:colcon.colcon_core.package_identification:_identify(landingPadDetection) by extensions ['ignore', 'ignore_ament_install']
[0.540s] Level 1:colcon.colcon_core.package_identification:_identify(landingPadDetection) by extension 'ignore'
[0.540s] Level 1:colcon.colcon_core.package_identification:_identify(landingPadDetection) by extension 'ignore_ament_install'
[0.540s] Level 1:colcon.colcon_core.package_identification:_identify(landingPadDetection) by extensions ['colcon_pkg']
[0.540s] Level 1:colcon.colcon_core.package_identification:_identify(landingPadDetection) by extension 'colcon_pkg'
[0.540s] Level 1:colcon.colcon_core.package_identification:_identify(landingPadDetection) by extensions ['colcon_meta']
[0.540s] Level 1:colcon.colcon_core.package_identification:_identify(landingPadDetection) by extension 'colcon_meta'
[0.540s] Level 1:colcon.colcon_core.package_identification:_identify(landingPadDetection) by extensions ['ros']
[0.540s] Level 1:colcon.colcon_core.package_identification:_identify(landingPadDetection) by extension 'ros'
[0.541s] Level 1:colcon.colcon_core.package_identification:_identify(landingPadDetection) by extensions ['cmake', 'python']
[0.541s] Level 1:colcon.colcon_core.package_identification:_identify(landingPadDetection) by extension 'cmake'
[0.541s] Level 1:colcon.colcon_core.package_identification:_identify(landingPadDetection) by extension 'python'
[0.541s] Level 1:colcon.colcon_core.package_identification:_identify(landingPadDetection) by extensions ['python_setup_py']
[0.541s] Level 1:colcon.colcon_core.package_identification:_identify(landingPadDetection) by extension 'python_setup_py'
[0.541s] Level 1:colcon.colcon_core.package_identification:_identify(landingPadDetection/Camera_calibration_Im219) by extensions ['ignore', 'ignore_ament_install']
[0.541s] Level 1:colcon.colcon_core.package_identification:_identify(landingPadDetection/Camera_calibration_Im219) by extension 'ignore'
[0.541s] Level 1:colcon.colcon_core.package_identification:_identify(landingPadDetection/Camera_calibration_Im219) by extension 'ignore_ament_install'
[0.541s] Level 1:colcon.colcon_core.package_identification:_identify(landingPadDetection/Camera_calibration_Im219) by extensions ['colcon_pkg']
[0.542s] Level 1:colcon.colcon_core.package_identification:_identify(landingPadDetection/Camera_calibration_Im219) by extension 'colcon_pkg'
[0.542s] Level 1:colcon.colcon_core.package_identification:_identify(landingPadDetection/Camera_calibration_Im219) by extensions ['colcon_meta']
[0.542s] Level 1:colcon.colcon_core.package_identification:_identify(landingPadDetection/Camera_calibration_Im219) by extension 'colcon_meta'
[0.542s] Level 1:colcon.colcon_core.package_identification:_identify(landingPadDetection/Camera_calibration_Im219) by extensions ['ros']
[0.542s] Level 1:colcon.colcon_core.package_identification:_identify(landingPadDetection/Camera_calibration_Im219) by extension 'ros'
[0.542s] Level 1:colcon.colcon_core.package_identification:_identify(landingPadDetection/Camera_calibration_Im219) by extensions ['cmake', 'python']
[0.542s] Level 1:colcon.colcon_core.package_identification:_identify(landingPadDetection/Camera_calibration_Im219) by extension 'cmake'
[0.542s] Level 1:colcon.colcon_core.package_identification:_identify(landingPadDetection/Camera_calibration_Im219) by extension 'python'
[0.542s] Level 1:colcon.colcon_core.package_identification:_identify(landingPadDetection/Camera_calibration_Im219) by extensions ['python_setup_py']
[0.542s] Level 1:colcon.colcon_core.package_identification:_identify(landingPadDetection/Camera_calibration_Im219) by extension 'python_setup_py'
[0.543s] Level 1:colcon.colcon_core.package_identification:_identify(landingPadDetection/Camera_calibration_Im219/ images_taken) by extensions ['ignore', 'ignore_ament_install']
[0.543s] Level 1:colcon.colcon_core.package_identification:_identify(landingPadDetection/Camera_calibration_Im219/ images_taken) by extension 'ignore'
[0.543s] Level 1:colcon.colcon_core.package_identification:_identify(landingPadDetection/Camera_calibration_Im219/ images_taken) by extension 'ignore_ament_install'
[0.543s] Level 1:colcon.colcon_core.package_identification:_identify(landingPadDetection/Camera_calibration_Im219/ images_taken) by extensions ['colcon_pkg']
[0.543s] Level 1:colcon.colcon_core.package_identification:_identify(landingPadDetection/Camera_calibration_Im219/ images_taken) by extension 'colcon_pkg'
[0.543s] Level 1:colcon.colcon_core.package_identification:_identify(landingPadDetection/Camera_calibration_Im219/ images_taken) by extensions ['colcon_meta']
[0.543s] Level 1:colcon.colcon_core.package_identification:_identify(landingPadDetection/Camera_calibration_Im219/ images_taken) by extension 'colcon_meta'
[0.543s] Level 1:colcon.colcon_core.package_identification:_identify(landingPadDetection/Camera_calibration_Im219/ images_taken) by extensions ['ros']
[0.543s] Level 1:colcon.colcon_core.package_identification:_identify(landingPadDetection/Camera_calibration_Im219/ images_taken) by extension 'ros'
[0.543s] Level 1:colcon.colcon_core.package_identification:_identify(landingPadDetection/Camera_calibration_Im219/ images_taken) by extensions ['cmake', 'python']
[0.543s] Level 1:colcon.colcon_core.package_identification:_identify(landingPadDetection/Camera_calibration_Im219/ images_taken) by extension 'cmake'
[0.544s] Level 1:colcon.colcon_core.package_identification:_identify(landingPadDetection/Camera_calibration_Im219/ images_taken) by extension 'python'
[0.544s] Level 1:colcon.colcon_core.package_identification:_identify(landingPadDetection/Camera_calibration_Im219/ images_taken) by extensions ['python_setup_py']
[0.544s] Level 1:colcon.colcon_core.package_identification:_identify(landingPadDetection/Camera_calibration_Im219/ images_taken) by extension 'python_setup_py'
[0.544s] Level 1:colcon.colcon_core.package_identification:_identify(landingPadDetection/Camera_calibration_OV9218) by extensions ['ignore', 'ignore_ament_install']
[0.544s] Level 1:colcon.colcon_core.package_identification:_identify(landingPadDetection/Camera_calibration_OV9218) by extension 'ignore'
[0.544s] Level 1:colcon.colcon_core.package_identification:_identify(landingPadDetection/Camera_calibration_OV9218) by extension 'ignore_ament_install'
[0.544s] Level 1:colcon.colcon_core.package_identification:_identify(landingPadDetection/Camera_calibration_OV9218) by extensions ['colcon_pkg']
[0.544s] Level 1:colcon.colcon_core.package_identification:_identify(landingPadDetection/Camera_calibration_OV9218) by extension 'colcon_pkg'
[0.544s] Level 1:colcon.colcon_core.package_identification:_identify(landingPadDetection/Camera_calibration_OV9218) by extensions ['colcon_meta']
[0.544s] Level 1:colcon.colcon_core.package_identification:_identify(landingPadDetection/Camera_calibration_OV9218) by extension 'colcon_meta'
[0.544s] Level 1:colcon.colcon_core.package_identification:_identify(landingPadDetection/Camera_calibration_OV9218) by extensions ['ros']
[0.545s] Level 1:colcon.colcon_core.package_identification:_identify(landingPadDetection/Camera_calibration_OV9218) by extension 'ros'
[0.545s] Level 1:colcon.colcon_core.package_identification:_identify(landingPadDetection/Camera_calibration_OV9218) by extensions ['cmake', 'python']
[0.545s] Level 1:colcon.colcon_core.package_identification:_identify(landingPadDetection/Camera_calibration_OV9218) by extension 'cmake'
[0.545s] Level 1:colcon.colcon_core.package_identification:_identify(landingPadDetection/Camera_calibration_OV9218) by extension 'python'
[0.545s] Level 1:colcon.colcon_core.package_identification:_identify(landingPadDetection/Camera_calibration_OV9218) by extensions ['python_setup_py']
[0.545s] Level 1:colcon.colcon_core.package_identification:_identify(landingPadDetection/Camera_calibration_OV9218) by extension 'python_setup_py'
[0.545s] Level 1:colcon.colcon_core.package_identification:_identify(landingPadDetection/Camera_calibration_OV9218/__pycache__) by extensions ['ignore', 'ignore_ament_install']
[0.545s] Level 1:colcon.colcon_core.package_identification:_identify(landingPadDetection/Camera_calibration_OV9218/__pycache__) by extension 'ignore'
[0.545s] Level 1:colcon.colcon_core.package_identification:_identify(landingPadDetection/Camera_calibration_OV9218/__pycache__) by extension 'ignore_ament_install'
[0.546s] Level 1:colcon.colcon_core.package_identification:_identify(landingPadDetection/Camera_calibration_OV9218/__pycache__) by extensions ['colcon_pkg']
[0.546s] Level 1:colcon.colcon_core.package_identification:_identify(landingPadDetection/Camera_calibration_OV9218/__pycache__) by extension 'colcon_pkg'
[0.546s] Level 1:colcon.colcon_core.package_identification:_identify(landingPadDetection/Camera_calibration_OV9218/__pycache__) by extensions ['colcon_meta']
[0.546s] Level 1:colcon.colcon_core.package_identification:_identify(landingPadDetection/Camera_calibration_OV9218/__pycache__) by extension 'colcon_meta'
[0.546s] Level 1:colcon.colcon_core.package_identification:_identify(landingPadDetection/Camera_calibration_OV9218/__pycache__) by extensions ['ros']
[0.546s] Level 1:colcon.colcon_core.package_identification:_identify(landingPadDetection/Camera_calibration_OV9218/__pycache__) by extension 'ros'
[0.546s] Level 1:colcon.colcon_core.package_identification:_identify(landingPadDetection/Camera_calibration_OV9218/__pycache__) by extensions ['cmake', 'python']
[0.546s] Level 1:colcon.colcon_core.package_identification:_identify(landingPadDetection/Camera_calibration_OV9218/__pycache__) by extension 'cmake'
[0.546s] Level 1:colcon.colcon_core.package_identification:_identify(landingPadDetection/Camera_calibration_OV9218/__pycache__) by extension 'python'
[0.546s] Level 1:colcon.colcon_core.package_identification:_identify(landingPadDetection/Camera_calibration_OV9218/__pycache__) by extensions ['python_setup_py']
[0.546s] Level 1:colcon.colcon_core.package_identification:_identify(landingPadDetection/Camera_calibration_OV9218/__pycache__) by extension 'python_setup_py'
[0.547s] Level 1:colcon.colcon_core.package_identification:_identify(landingPadDetection/Camera_calibration_OV9218/image_taken) by extensions ['ignore', 'ignore_ament_install']
[0.547s] Level 1:colcon.colcon_core.package_identification:_identify(landingPadDetection/Camera_calibration_OV9218/image_taken) by extension 'ignore'
[0.547s] Level 1:colcon.colcon_core.package_identification:_identify(landingPadDetection/Camera_calibration_OV9218/image_taken) by extension 'ignore_ament_install'
[0.547s] Level 1:colcon.colcon_core.package_identification:_identify(landingPadDetection/Camera_calibration_OV9218/image_taken) by extensions ['colcon_pkg']
[0.547s] Level 1:colcon.colcon_core.package_identification:_identify(landingPadDetection/Camera_calibration_OV9218/image_taken) by extension 'colcon_pkg'
[0.547s] Level 1:colcon.colcon_core.package_identification:_identify(landingPadDetection/Camera_calibration_OV9218/image_taken) by extensions ['colcon_meta']
[0.547s] Level 1:colcon.colcon_core.package_identification:_identify(landingPadDetection/Camera_calibration_OV9218/image_taken) by extension 'colcon_meta'
[0.547s] Level 1:colcon.colcon_core.package_identification:_identify(landingPadDetection/Camera_calibration_OV9218/image_taken) by extensions ['ros']
[0.547s] Level 1:colcon.colcon_core.package_identification:_identify(landingPadDetection/Camera_calibration_OV9218/image_taken) by extension 'ros'
[0.547s] Level 1:colcon.colcon_core.package_identification:_identify(landingPadDetection/Camera_calibration_OV9218/image_taken) by extensions ['cmake', 'python']
[0.547s] Level 1:colcon.colcon_core.package_identification:_identify(landingPadDetection/Camera_calibration_OV9218/image_taken) by extension 'cmake'
[0.548s] Level 1:colcon.colcon_core.package_identification:_identify(landingPadDetection/Camera_calibration_OV9218/image_taken) by extension 'python'
[0.548s] Level 1:colcon.colcon_core.package_identification:_identify(landingPadDetection/Camera_calibration_OV9218/image_taken) by extensions ['python_setup_py']
[0.548s] Level 1:colcon.colcon_core.package_identification:_identify(landingPadDetection/Camera_calibration_OV9218/image_taken) by extension 'python_setup_py'
[0.548s] Level 1:colcon.colcon_core.package_identification:_identify(landingPadDetection/__pycache__) by extensions ['ignore', 'ignore_ament_install']
[0.548s] Level 1:colcon.colcon_core.package_identification:_identify(landingPadDetection/__pycache__) by extension 'ignore'
[0.548s] Level 1:colcon.colcon_core.package_identification:_identify(landingPadDetection/__pycache__) by extension 'ignore_ament_install'
[0.548s] Level 1:colcon.colcon_core.package_identification:_identify(landingPadDetection/__pycache__) by extensions ['colcon_pkg']
[0.548s] Level 1:colcon.colcon_core.package_identification:_identify(landingPadDetection/__pycache__) by extension 'colcon_pkg'
[0.548s] Level 1:colcon.colcon_core.package_identification:_identify(landingPadDetection/__pycache__) by extensions ['colcon_meta']
[0.548s] Level 1:colcon.colcon_core.package_identification:_identify(landingPadDetection/__pycache__) by extension 'colcon_meta'
[0.548s] Level 1:colcon.colcon_core.package_identification:_identify(landingPadDetection/__pycache__) by extensions ['ros']
[0.549s] Level 1:colcon.colcon_core.package_identification:_identify(landingPadDetection/__pycache__) by extension 'ros'
[0.549s] Level 1:colcon.colcon_core.package_identification:_identify(landingPadDetection/__pycache__) by extensions ['cmake', 'python']
[0.549s] Level 1:colcon.colcon_core.package_identification:_identify(landingPadDetection/__pycache__) by extension 'cmake'
[0.549s] Level 1:colcon.colcon_core.package_identification:_identify(landingPadDetection/__pycache__) by extension 'python'
[0.549s] Level 1:colcon.colcon_core.package_identification:_identify(landingPadDetection/__pycache__) by extensions ['python_setup_py']
[0.549s] Level 1:colcon.colcon_core.package_identification:_identify(landingPadDetection/__pycache__) by extension 'python_setup_py'
[0.549s] Level 1:colcon.colcon_core.package_identification:_identify(landingPadDetection/mac_carera__) by extensions ['ignore', 'ignore_ament_install']
[0.549s] Level 1:colcon.colcon_core.package_identification:_identify(landingPadDetection/mac_carera__) by extension 'ignore'
[0.549s] Level 1:colcon.colcon_core.package_identification:_identify(landingPadDetection/mac_carera__) by extension 'ignore_ament_install'
[0.549s] Level 1:colcon.colcon_core.package_identification:_identify(landingPadDetection/mac_carera__) by extensions ['colcon_pkg']
[0.550s] Level 1:colcon.colcon_core.package_identification:_identify(landingPadDetection/mac_carera__) by extension 'colcon_pkg'
[0.550s] Level 1:colcon.colcon_core.package_identification:_identify(landingPadDetection/mac_carera__) by extensions ['colcon_meta']
[0.550s] Level 1:colcon.colcon_core.package_identification:_identify(landingPadDetection/mac_carera__) by extension 'colcon_meta'
[0.550s] Level 1:colcon.colcon_core.package_identification:_identify(landingPadDetection/mac_carera__) by extensions ['ros']
[0.550s] Level 1:colcon.colcon_core.package_identification:_identify(landingPadDetection/mac_carera__) by extension 'ros'
[0.550s] Level 1:colcon.colcon_core.package_identification:_identify(landingPadDetection/mac_carera__) by extensions ['cmake', 'python']
[0.550s] Level 1:colcon.colcon_core.package_identification:_identify(landingPadDetection/mac_carera__) by extension 'cmake'
[0.550s] Level 1:colcon.colcon_core.package_identification:_identify(landingPadDetection/mac_carera__) by extension 'python'
[0.550s] Level 1:colcon.colcon_core.package_identification:_identify(landingPadDetection/mac_carera__) by extensions ['python_setup_py']
[0.550s] Level 1:colcon.colcon_core.package_identification:_identify(landingPadDetection/mac_carera__) by extension 'python_setup_py'
[0.551s] Level 1:colcon.colcon_core.package_identification:_identify(log) by extensions ['ignore', 'ignore_ament_install']
[0.551s] Level 1:colcon.colcon_core.package_identification:_identify(log) by extension 'ignore'
[0.551s] Level 1:colcon.colcon_core.package_identification:_identify(log) ignored
[0.551s] Level 1:colcon.colcon_core.package_discovery:discover_packages(recursive) using defaults
[0.551s] Level 1:colcon.colcon_core.package_discovery:discover_packages(ignore) discover
[0.551s] Level 1:colcon.colcon_core.package_discovery:discover_packages(ignore) using defaults
[0.551s] Level 1:colcon.colcon_core.package_discovery:discover_packages(path) discover
[0.551s] Level 1:colcon.colcon_core.package_discovery:discover_packages(path) using defaults
[0.552s] WARNING:colcon.colcon_core.package_selection:ignoring unknown package 'csi_camera_publisher' in --packages-select
[0.552s] WARNING:colcon.colcon_core.package_selection:ignoring unknown package 'aruco_detector_node' in --packages-select
[0.613s] INFO:colcon.colcon_core.package_selection:Skipping not selected package 'drone_dev_hardware' in 'drone_dev'
[0.613s] INFO:colcon.colcon_core.package_selection:Skipping not selected package 'drone_dev_sim' in 'drone_dev_sim'
[0.614s] Level 1:colcon.colcon_core.package_discovery:discover_packages(prefix_path) check parameters
[0.614s] Level 1:colcon.colcon_core.package_discovery:discover_packages(prefix_path) discover
[0.617s] DEBUG:colcon.colcon_installed_package_information.package_discovery:Found 0 installed packages in /home/harold/Workspace/Quads_Project/install
[0.619s] DEBUG:colcon.colcon_installed_package_information.package_discovery:Found 280 installed packages in /opt/ros/humble
[0.621s] Level 1:colcon.colcon_core.package_discovery:discover_packages(prefix_path) using defaults
[0.688s] INFO:colcon.colcon_core.executor:Executing jobs using 'parallel' executor
[0.691s] DEBUG:colcon.colcon_parallel_executor.executor.parallel:run_until_complete
[0.691s] DEBUG:colcon.colcon_parallel_executor.executor.parallel:closing loop
[0.692s] DEBUG:colcon.colcon_parallel_executor.executor.parallel:loop closed
[0.692s] DEBUG:colcon.colcon_parallel_executor.executor.parallel:run_until_complete finished with '0'
[0.692s] DEBUG:colcon.colcon_core.event_reactor:joining thread
[0.692s] DEBUG:colcon.colcon_core.event_reactor:joined thread
[0.695s] INFO:colcon.colcon_core.plugin_system:Skipping extension 'colcon_core.shell.bat': Not used on non-Windows systems
[0.696s] INFO:colcon.colcon_core.shell:Creating prefix script '/home/harold/Workspace/Quads_Project/install/local_setup.ps1'
[0.698s] INFO:colcon.colcon_core.shell:Creating prefix util module '/home/harold/Workspace/Quads_Project/install/_local_setup_util_ps1.py'
[0.700s] INFO:colcon.colcon_core.shell:Creating prefix chain script '/home/harold/Workspace/Quads_Project/install/setup.ps1'
[0.702s] INFO:colcon.colcon_core.shell:Creating prefix script '/home/harold/Workspace/Quads_Project/install/local_setup.sh'
[0.703s] INFO:colcon.colcon_core.shell:Creating prefix util module '/home/harold/Workspace/Quads_Project/install/_local_setup_util_sh.py'
[0.704s] INFO:colcon.colcon_core.shell:Creating prefix chain script '/home/harold/Workspace/Quads_Project/install/setup.sh'
[0.706s] INFO:colcon.colcon_core.shell:Creating prefix script '/home/harold/Workspace/Quads_Project/install/local_setup.bash'
[0.707s] INFO:colcon.colcon_core.shell:Creating prefix chain script '/home/harold/Workspace/Quads_Project/install/setup.bash'
[0.708s] INFO:colcon.colcon_core.shell:Creating prefix script '/home/harold/Workspace/Quads_Project/install/local_setup.zsh'
[0.709s] INFO:colcon.colcon_core.shell:Creating prefix chain script '/home/harold/Workspace/Quads_Project/install/setup.zsh'
