[0.668s] DEBUG:colcon:Command line arguments: ['/usr/bin/colcon', 'build', '--symlink-install', '--packages-select', 'csi_camera_publisher', 'aruco_detector_node']
[0.668s] DEBUG:colcon:Parsed command line arguments: Namespace(log_base=None, log_level=None, verb_name='build', build_base='build', install_base='install', merge_install=False, symlink_install=True, test_result_base=None, continue_on_error=False, executor='parallel', parallel_workers=6, event_handlers=None, ignore_user_meta=False, metas=['./colcon.meta'], base_paths=['.'], packages_ignore=None, packages_ignore_regex=None, paths=None, packages_up_to=None, packages_up_to_regex=None, packages_above=None, packages_above_and_dependencies=None, packages_above_depth=None, packages_select_by_dep=None, packages_skip_by_dep=None, packages_skip_up_to=None, packages_select_build_failed=False, packages_skip_build_finished=False, packages_select_test_failures=False, packages_skip_test_passed=False, packages_select=['csi_camera_publisher', 'aruco_detector_node'], packages_skip=None, packages_select_regex=None, packages_skip_regex=None, packages_start=None, packages_end=None, allow_overriding=[], cmake_args=None, cmake_target=None, cmake_target_skip_unavailable=False, cmake_clean_cache=False, cmake_clean_first=False, cmake_force_configure=False, ament_cmake_args=None, catkin_cmake_args=None, catkin_skip_building_tests=False, mixin_files=None, mixin=None, verb_parser=<colcon_mixin.mixin.mixin_argument.MixinArgumentDecorator object at 0xffff9f2659f0>, verb_extension=<colcon_core.verb.build.BuildVerb object at 0xffff9f265540>, main=<bound method BuildVerb.main of <colcon_core.verb.build.BuildVerb object at 0xffff9f265540>>, mixin_verb=('build',))
[1.736s] Level 1:colcon.colcon_core.package_discovery:discover_packages(colcon_meta) check parameters
[1.737s] Level 1:colcon.colcon_core.package_discovery:discover_packages(recursive) check parameters
[1.737s] Level 1:colcon.colcon_core.package_discovery:discover_packages(ignore) check parameters
[1.737s] Level 1:colcon.colcon_core.package_discovery:discover_packages(path) check parameters
[1.738s] Level 1:colcon.colcon_core.package_discovery:discover_packages(colcon_meta) discover
[1.738s] Level 1:colcon.colcon_core.package_discovery:discover_packages(recursive) discover
[1.738s] INFO:colcon.colcon_core.package_discovery:Crawling recursively for packages in '/home/harold/Workspace/Quads_Project'
[1.738s] Level 1:colcon.colcon_core.package_identification:_identify(.) by extensions ['ignore', 'ignore_ament_install']
[1.739s] Level 1:colcon.colcon_core.package_identification:_identify(.) by extension 'ignore'
[1.739s] Level 1:colcon.colcon_core.package_identification:_identify(.) by extension 'ignore_ament_install'
[1.740s] Level 1:colcon.colcon_core.package_identification:_identify(.) by extensions ['colcon_pkg']
[1.740s] Level 1:colcon.colcon_core.package_identification:_identify(.) by extension 'colcon_pkg'
[1.740s] Level 1:colcon.colcon_core.package_identification:_identify(.) by extensions ['colcon_meta']
[1.740s] Level 1:colcon.colcon_core.package_identification:_identify(.) by extension 'colcon_meta'
[1.740s] Level 1:colcon.colcon_core.package_identification:_identify(.) by extensions ['ros']
[1.740s] Level 1:colcon.colcon_core.package_identification:_identify(.) by extension 'ros'
[1.793s] Level 1:colcon.colcon_core.package_identification:_identify(.) by extensions ['cmake', 'python']
[1.794s] Level 1:colcon.colcon_core.package_identification:_identify(.) by extension 'cmake'
[1.794s] Level 1:colcon.colcon_core.package_identification:_identify(.) by extension 'python'
[1.794s] Level 1:colcon.colcon_core.package_identification:_identify(.) by extensions ['python_setup_py']
[1.794s] Level 1:colcon.colcon_core.package_identification:_identify(.) by extension 'python_setup_py'
[1.795s] Level 1:colcon.colcon_core.package_identification:_identify(build) by extensions ['ignore', 'ignore_ament_install']
[1.795s] Level 1:colcon.colcon_core.package_identification:_identify(build) by extension 'ignore'
[1.795s] Level 1:colcon.colcon_core.package_identification:_identify(build) ignored
[1.796s] Level 1:colcon.colcon_core.package_identification:_identify(drone_dev) by extensions ['ignore', 'ignore_ament_install']
[1.796s] Level 1:colcon.colcon_core.package_identification:_identify(drone_dev) by extension 'ignore'
[1.796s] Level 1:colcon.colcon_core.package_identification:_identify(drone_dev) by extension 'ignore_ament_install'
[1.797s] Level 1:colcon.colcon_core.package_identification:_identify(drone_dev) by extensions ['colcon_pkg']
[1.797s] Level 1:colcon.colcon_core.package_identification:_identify(drone_dev) by extension 'colcon_pkg'
[1.797s] Level 1:colcon.colcon_core.package_identification:_identify(drone_dev) by extensions ['colcon_meta']
[1.797s] Level 1:colcon.colcon_core.package_identification:_identify(drone_dev) by extension 'colcon_meta'
[1.797s] Level 1:colcon.colcon_core.package_identification:_identify(drone_dev) by extensions ['ros']
[1.797s] Level 1:colcon.colcon_core.package_identification:_identify(drone_dev) by extension 'ros'
[1.798s] Level 1:colcon.colcon_core.package_identification:_identify(drone_dev) by extensions ['cmake', 'python']
[1.798s] Level 1:colcon.colcon_core.package_identification:_identify(drone_dev) by extension 'cmake'
[1.811s] Level 1:colcon.colcon_core.package_identification:_identify(drone_dev) by extension 'python'
[1.812s] DEBUG:colcon.colcon_core.package_identification:Package 'drone_dev' with type 'cmake' and name 'drone_dev_hardware'
[1.812s] Level 1:colcon.colcon_core.package_identification:_identify(drone_dev_sim) by extensions ['ignore', 'ignore_ament_install']
[1.812s] Level 1:colcon.colcon_core.package_identification:_identify(drone_dev_sim) by extension 'ignore'
[1.812s] Level 1:colcon.colcon_core.package_identification:_identify(drone_dev_sim) by extension 'ignore_ament_install'
[1.812s] Level 1:colcon.colcon_core.package_identification:_identify(drone_dev_sim) by extensions ['colcon_pkg']
[1.813s] Level 1:colcon.colcon_core.package_identification:_identify(drone_dev_sim) by extension 'colcon_pkg'
[1.813s] Level 1:colcon.colcon_core.package_identification:_identify(drone_dev_sim) by extensions ['colcon_meta']
[1.813s] Level 1:colcon.colcon_core.package_identification:_identify(drone_dev_sim) by extension 'colcon_meta'
[1.813s] Level 1:colcon.colcon_core.package_identification:_identify(drone_dev_sim) by extensions ['ros']
[1.813s] Level 1:colcon.colcon_core.package_identification:_identify(drone_dev_sim) by extension 'ros'
[1.813s] Level 1:colcon.colcon_core.package_identification:_identify(drone_dev_sim) by extensions ['cmake', 'python']
[1.813s] Level 1:colcon.colcon_core.package_identification:_identify(drone_dev_sim) by extension 'cmake'
[1.825s] Level 1:colcon.colcon_core.package_identification:_identify(drone_dev_sim) by extension 'python'
[1.825s] DEBUG:colcon.colcon_core.package_identification:Package 'drone_dev_sim' with type 'cmake' and name 'drone_dev_sim'
[1.825s] Level 1:colcon.colcon_core.package_identification:_identify(install) by extensions ['ignore', 'ignore_ament_install']
[1.826s] Level 1:colcon.colcon_core.package_identification:_identify(install) by extension 'ignore'
[1.826s] Level 1:colcon.colcon_core.package_identification:_identify(install) ignored
[1.826s] Level 1:colcon.colcon_core.package_identification:_identify(landingPadDetection) by extensions ['ignore', 'ignore_ament_install']
[1.826s] Level 1:colcon.colcon_core.package_identification:_identify(landingPadDetection) by extension 'ignore'
[1.826s] Level 1:colcon.colcon_core.package_identification:_identify(landingPadDetection) by extension 'ignore_ament_install'
[1.827s] Level 1:colcon.colcon_core.package_identification:_identify(landingPadDetection) by extensions ['colcon_pkg']
[1.827s] Level 1:colcon.colcon_core.package_identification:_identify(landingPadDetection) by extension 'colcon_pkg'
[1.827s] Level 1:colcon.colcon_core.package_identification:_identify(landingPadDetection) by extensions ['colcon_meta']
[1.827s] Level 1:colcon.colcon_core.package_identification:_identify(landingPadDetection) by extension 'colcon_meta'
[1.827s] Level 1:colcon.colcon_core.package_identification:_identify(landingPadDetection) by extensions ['ros']
[1.827s] Level 1:colcon.colcon_core.package_identification:_identify(landingPadDetection) by extension 'ros'
[1.828s] Level 1:colcon.colcon_core.package_identification:_identify(landingPadDetection) by extensions ['cmake', 'python']
[1.828s] Level 1:colcon.colcon_core.package_identification:_identify(landingPadDetection) by extension 'cmake'
[1.828s] Level 1:colcon.colcon_core.package_identification:_identify(landingPadDetection) by extension 'python'
[1.828s] Level 1:colcon.colcon_core.package_identification:_identify(landingPadDetection) by extensions ['python_setup_py']
[1.828s] Level 1:colcon.colcon_core.package_identification:_identify(landingPadDetection) by extension 'python_setup_py'
[1.829s] Level 1:colcon.colcon_core.package_identification:_identify(landingPadDetection/Camera_calibration_Im219) by extensions ['ignore', 'ignore_ament_install']
[1.829s] Level 1:colcon.colcon_core.package_identification:_identify(landingPadDetection/Camera_calibration_Im219) by extension 'ignore'
[1.829s] Level 1:colcon.colcon_core.package_identification:_identify(landingPadDetection/Camera_calibration_Im219) by extension 'ignore_ament_install'
[1.829s] Level 1:colcon.colcon_core.package_identification:_identify(landingPadDetection/Camera_calibration_Im219) by extensions ['colcon_pkg']
[1.829s] Level 1:colcon.colcon_core.package_identification:_identify(landingPadDetection/Camera_calibration_Im219) by extension 'colcon_pkg'
[1.830s] Level 1:colcon.colcon_core.package_identification:_identify(landingPadDetection/Camera_calibration_Im219) by extensions ['colcon_meta']
[1.830s] Level 1:colcon.colcon_core.package_identification:_identify(landingPadDetection/Camera_calibration_Im219) by extension 'colcon_meta'
[1.830s] Level 1:colcon.colcon_core.package_identification:_identify(landingPadDetection/Camera_calibration_Im219) by extensions ['ros']
[1.830s] Level 1:colcon.colcon_core.package_identification:_identify(landingPadDetection/Camera_calibration_Im219) by extension 'ros'
[1.830s] Level 1:colcon.colcon_core.package_identification:_identify(landingPadDetection/Camera_calibration_Im219) by extensions ['cmake', 'python']
[1.830s] Level 1:colcon.colcon_core.package_identification:_identify(landingPadDetection/Camera_calibration_Im219) by extension 'cmake'
[1.831s] Level 1:colcon.colcon_core.package_identification:_identify(landingPadDetection/Camera_calibration_Im219) by extension 'python'
[1.831s] Level 1:colcon.colcon_core.package_identification:_identify(landingPadDetection/Camera_calibration_Im219) by extensions ['python_setup_py']
[1.831s] Level 1:colcon.colcon_core.package_identification:_identify(landingPadDetection/Camera_calibration_Im219) by extension 'python_setup_py'
[1.831s] Level 1:colcon.colcon_core.package_identification:_identify(landingPadDetection/Camera_calibration_Im219/ images_taken) by extensions ['ignore', 'ignore_ament_install']
[1.831s] Level 1:colcon.colcon_core.package_identification:_identify(landingPadDetection/Camera_calibration_Im219/ images_taken) by extension 'ignore'
[1.832s] Level 1:colcon.colcon_core.package_identification:_identify(landingPadDetection/Camera_calibration_Im219/ images_taken) by extension 'ignore_ament_install'
[1.832s] Level 1:colcon.colcon_core.package_identification:_identify(landingPadDetection/Camera_calibration_Im219/ images_taken) by extensions ['colcon_pkg']
[1.832s] Level 1:colcon.colcon_core.package_identification:_identify(landingPadDetection/Camera_calibration_Im219/ images_taken) by extension 'colcon_pkg'
[1.832s] Level 1:colcon.colcon_core.package_identification:_identify(landingPadDetection/Camera_calibration_Im219/ images_taken) by extensions ['colcon_meta']
[1.832s] Level 1:colcon.colcon_core.package_identification:_identify(landingPadDetection/Camera_calibration_Im219/ images_taken) by extension 'colcon_meta'
[1.832s] Level 1:colcon.colcon_core.package_identification:_identify(landingPadDetection/Camera_calibration_Im219/ images_taken) by extensions ['ros']
[1.832s] Level 1:colcon.colcon_core.package_identification:_identify(landingPadDetection/Camera_calibration_Im219/ images_taken) by extension 'ros'
[1.833s] Level 1:colcon.colcon_core.package_identification:_identify(landingPadDetection/Camera_calibration_Im219/ images_taken) by extensions ['cmake', 'python']
[1.833s] Level 1:colcon.colcon_core.package_identification:_identify(landingPadDetection/Camera_calibration_Im219/ images_taken) by extension 'cmake'
[1.833s] Level 1:colcon.colcon_core.package_identification:_identify(landingPadDetection/Camera_calibration_Im219/ images_taken) by extension 'python'
[1.833s] Level 1:colcon.colcon_core.package_identification:_identify(landingPadDetection/Camera_calibration_Im219/ images_taken) by extensions ['python_setup_py']
[1.833s] Level 1:colcon.colcon_core.package_identification:_identify(landingPadDetection/Camera_calibration_Im219/ images_taken) by extension 'python_setup_py'
[1.834s] Level 1:colcon.colcon_core.package_identification:_identify(landingPadDetection/Camera_calibration_OV9218) by extensions ['ignore', 'ignore_ament_install']
[1.834s] Level 1:colcon.colcon_core.package_identification:_identify(landingPadDetection/Camera_calibration_OV9218) by extension 'ignore'
[1.834s] Level 1:colcon.colcon_core.package_identification:_identify(landingPadDetection/Camera_calibration_OV9218) by extension 'ignore_ament_install'
[1.834s] Level 1:colcon.colcon_core.package_identification:_identify(landingPadDetection/Camera_calibration_OV9218) by extensions ['colcon_pkg']
[1.834s] Level 1:colcon.colcon_core.package_identification:_identify(landingPadDetection/Camera_calibration_OV9218) by extension 'colcon_pkg'
[1.834s] Level 1:colcon.colcon_core.package_identification:_identify(landingPadDetection/Camera_calibration_OV9218) by extensions ['colcon_meta']
[1.834s] Level 1:colcon.colcon_core.package_identification:_identify(landingPadDetection/Camera_calibration_OV9218) by extension 'colcon_meta'
[1.835s] Level 1:colcon.colcon_core.package_identification:_identify(landingPadDetection/Camera_calibration_OV9218) by extensions ['ros']
[1.835s] Level 1:colcon.colcon_core.package_identification:_identify(landingPadDetection/Camera_calibration_OV9218) by extension 'ros'
[1.835s] Level 1:colcon.colcon_core.package_identification:_identify(landingPadDetection/Camera_calibration_OV9218) by extensions ['cmake', 'python']
[1.835s] Level 1:colcon.colcon_core.package_identification:_identify(landingPadDetection/Camera_calibration_OV9218) by extension 'cmake'
[1.835s] Level 1:colcon.colcon_core.package_identification:_identify(landingPadDetection/Camera_calibration_OV9218) by extension 'python'
[1.835s] Level 1:colcon.colcon_core.package_identification:_identify(landingPadDetection/Camera_calibration_OV9218) by extensions ['python_setup_py']
[1.835s] Level 1:colcon.colcon_core.package_identification:_identify(landingPadDetection/Camera_calibration_OV9218) by extension 'python_setup_py'
[1.836s] Level 1:colcon.colcon_core.package_identification:_identify(landingPadDetection/Camera_calibration_OV9218/__pycache__) by extensions ['ignore', 'ignore_ament_install']
[1.836s] Level 1:colcon.colcon_core.package_identification:_identify(landingPadDetection/Camera_calibration_OV9218/__pycache__) by extension 'ignore'
[1.836s] Level 1:colcon.colcon_core.package_identification:_identify(landingPadDetection/Camera_calibration_OV9218/__pycache__) by extension 'ignore_ament_install'
[1.836s] Level 1:colcon.colcon_core.package_identification:_identify(landingPadDetection/Camera_calibration_OV9218/__pycache__) by extensions ['colcon_pkg']
[1.837s] Level 1:colcon.colcon_core.package_identification:_identify(landingPadDetection/Camera_calibration_OV9218/__pycache__) by extension 'colcon_pkg'
[1.837s] Level 1:colcon.colcon_core.package_identification:_identify(landingPadDetection/Camera_calibration_OV9218/__pycache__) by extensions ['colcon_meta']
[1.837s] Level 1:colcon.colcon_core.package_identification:_identify(landingPadDetection/Camera_calibration_OV9218/__pycache__) by extension 'colcon_meta'
[1.837s] Level 1:colcon.colcon_core.package_identification:_identify(landingPadDetection/Camera_calibration_OV9218/__pycache__) by extensions ['ros']
[1.837s] Level 1:colcon.colcon_core.package_identification:_identify(landingPadDetection/Camera_calibration_OV9218/__pycache__) by extension 'ros'
[1.837s] Level 1:colcon.colcon_core.package_identification:_identify(landingPadDetection/Camera_calibration_OV9218/__pycache__) by extensions ['cmake', 'python']
[1.837s] Level 1:colcon.colcon_core.package_identification:_identify(landingPadDetection/Camera_calibration_OV9218/__pycache__) by extension 'cmake'
[1.837s] Level 1:colcon.colcon_core.package_identification:_identify(landingPadDetection/Camera_calibration_OV9218/__pycache__) by extension 'python'
[1.838s] Level 1:colcon.colcon_core.package_identification:_identify(landingPadDetection/Camera_calibration_OV9218/__pycache__) by extensions ['python_setup_py']
[1.838s] Level 1:colcon.colcon_core.package_identification:_identify(landingPadDetection/Camera_calibration_OV9218/__pycache__) by extension 'python_setup_py'
[1.838s] Level 1:colcon.colcon_core.package_identification:_identify(landingPadDetection/Camera_calibration_OV9218/image_taken) by extensions ['ignore', 'ignore_ament_install']
[1.838s] Level 1:colcon.colcon_core.package_identification:_identify(landingPadDetection/Camera_calibration_OV9218/image_taken) by extension 'ignore'
[1.838s] Level 1:colcon.colcon_core.package_identification:_identify(landingPadDetection/Camera_calibration_OV9218/image_taken) by extension 'ignore_ament_install'
[1.839s] Level 1:colcon.colcon_core.package_identification:_identify(landingPadDetection/Camera_calibration_OV9218/image_taken) by extensions ['colcon_pkg']
[1.839s] Level 1:colcon.colcon_core.package_identification:_identify(landingPadDetection/Camera_calibration_OV9218/image_taken) by extension 'colcon_pkg'
[1.839s] Level 1:colcon.colcon_core.package_identification:_identify(landingPadDetection/Camera_calibration_OV9218/image_taken) by extensions ['colcon_meta']
[1.839s] Level 1:colcon.colcon_core.package_identification:_identify(landingPadDetection/Camera_calibration_OV9218/image_taken) by extension 'colcon_meta'
[1.839s] Level 1:colcon.colcon_core.package_identification:_identify(landingPadDetection/Camera_calibration_OV9218/image_taken) by extensions ['ros']
[1.839s] Level 1:colcon.colcon_core.package_identification:_identify(landingPadDetection/Camera_calibration_OV9218/image_taken) by extension 'ros'
[1.839s] Level 1:colcon.colcon_core.package_identification:_identify(landingPadDetection/Camera_calibration_OV9218/image_taken) by extensions ['cmake', 'python']
[1.840s] Level 1:colcon.colcon_core.package_identification:_identify(landingPadDetection/Camera_calibration_OV9218/image_taken) by extension 'cmake'
[1.840s] Level 1:colcon.colcon_core.package_identification:_identify(landingPadDetection/Camera_calibration_OV9218/image_taken) by extension 'python'
[1.840s] Level 1:colcon.colcon_core.package_identification:_identify(landingPadDetection/Camera_calibration_OV9218/image_taken) by extensions ['python_setup_py']
[1.840s] Level 1:colcon.colcon_core.package_identification:_identify(landingPadDetection/Camera_calibration_OV9218/image_taken) by extension 'python_setup_py'
[1.840s] Level 1:colcon.colcon_core.package_identification:_identify(landingPadDetection/__pycache__) by extensions ['ignore', 'ignore_ament_install']
[1.840s] Level 1:colcon.colcon_core.package_identification:_identify(landingPadDetection/__pycache__) by extension 'ignore'
[1.841s] Level 1:colcon.colcon_core.package_identification:_identify(landingPadDetection/__pycache__) by extension 'ignore_ament_install'
[1.841s] Level 1:colcon.colcon_core.package_identification:_identify(landingPadDetection/__pycache__) by extensions ['colcon_pkg']
[1.841s] Level 1:colcon.colcon_core.package_identification:_identify(landingPadDetection/__pycache__) by extension 'colcon_pkg'
[1.841s] Level 1:colcon.colcon_core.package_identification:_identify(landingPadDetection/__pycache__) by extensions ['colcon_meta']
[1.841s] Level 1:colcon.colcon_core.package_identification:_identify(landingPadDetection/__pycache__) by extension 'colcon_meta'
[1.841s] Level 1:colcon.colcon_core.package_identification:_identify(landingPadDetection/__pycache__) by extensions ['ros']
[1.841s] Level 1:colcon.colcon_core.package_identification:_identify(landingPadDetection/__pycache__) by extension 'ros'
[1.842s] Level 1:colcon.colcon_core.package_identification:_identify(landingPadDetection/__pycache__) by extensions ['cmake', 'python']
[1.842s] Level 1:colcon.colcon_core.package_identification:_identify(landingPadDetection/__pycache__) by extension 'cmake'
[1.842s] Level 1:colcon.colcon_core.package_identification:_identify(landingPadDetection/__pycache__) by extension 'python'
[1.842s] Level 1:colcon.colcon_core.package_identification:_identify(landingPadDetection/__pycache__) by extensions ['python_setup_py']
[1.842s] Level 1:colcon.colcon_core.package_identification:_identify(landingPadDetection/__pycache__) by extension 'python_setup_py'
[1.842s] Level 1:colcon.colcon_core.package_identification:_identify(landingPadDetection/mac_carera__) by extensions ['ignore', 'ignore_ament_install']
[1.842s] Level 1:colcon.colcon_core.package_identification:_identify(landingPadDetection/mac_carera__) by extension 'ignore'
[1.843s] Level 1:colcon.colcon_core.package_identification:_identify(landingPadDetection/mac_carera__) by extension 'ignore_ament_install'
[1.843s] Level 1:colcon.colcon_core.package_identification:_identify(landingPadDetection/mac_carera__) by extensions ['colcon_pkg']
[1.843s] Level 1:colcon.colcon_core.package_identification:_identify(landingPadDetection/mac_carera__) by extension 'colcon_pkg'
[1.843s] Level 1:colcon.colcon_core.package_identification:_identify(landingPadDetection/mac_carera__) by extensions ['colcon_meta']
[1.843s] Level 1:colcon.colcon_core.package_identification:_identify(landingPadDetection/mac_carera__) by extension 'colcon_meta'
[1.843s] Level 1:colcon.colcon_core.package_identification:_identify(landingPadDetection/mac_carera__) by extensions ['ros']
[1.843s] Level 1:colcon.colcon_core.package_identification:_identify(landingPadDetection/mac_carera__) by extension 'ros'
[1.843s] Level 1:colcon.colcon_core.package_identification:_identify(landingPadDetection/mac_carera__) by extensions ['cmake', 'python']
[1.844s] Level 1:colcon.colcon_core.package_identification:_identify(landingPadDetection/mac_carera__) by extension 'cmake'
[1.844s] Level 1:colcon.colcon_core.package_identification:_identify(landingPadDetection/mac_carera__) by extension 'python'
[1.844s] Level 1:colcon.colcon_core.package_identification:_identify(landingPadDetection/mac_carera__) by extensions ['python_setup_py']
[1.844s] Level 1:colcon.colcon_core.package_identification:_identify(landingPadDetection/mac_carera__) by extension 'python_setup_py'
[1.844s] Level 1:colcon.colcon_core.package_identification:_identify(log) by extensions ['ignore', 'ignore_ament_install']
[1.844s] Level 1:colcon.colcon_core.package_identification:_identify(log) by extension 'ignore'
[1.845s] Level 1:colcon.colcon_core.package_identification:_identify(log) ignored
[1.845s] Level 1:colcon.colcon_core.package_discovery:discover_packages(recursive) using defaults
[1.845s] Level 1:colcon.colcon_core.package_discovery:discover_packages(ignore) discover
[1.845s] Level 1:colcon.colcon_core.package_discovery:discover_packages(ignore) using defaults
[1.845s] Level 1:colcon.colcon_core.package_discovery:discover_packages(path) discover
[1.845s] Level 1:colcon.colcon_core.package_discovery:discover_packages(path) using defaults
[1.846s] WARNING:colcon.colcon_core.package_selection:ignoring unknown package 'csi_camera_publisher' in --packages-select
[1.846s] WARNING:colcon.colcon_core.package_selection:ignoring unknown package 'aruco_detector_node' in --packages-select
[2.053s] INFO:colcon.colcon_core.package_selection:Skipping not selected package 'drone_dev_hardware' in 'drone_dev'
[2.053s] INFO:colcon.colcon_core.package_selection:Skipping not selected package 'drone_dev_sim' in 'drone_dev_sim'
[2.057s] Level 1:colcon.colcon_core.package_discovery:discover_packages(prefix_path) check parameters
[2.057s] Level 1:colcon.colcon_core.package_discovery:discover_packages(prefix_path) discover
[2.067s] DEBUG:colcon.colcon_installed_package_information.package_discovery:Found 280 installed packages in /opt/ros/humble
[2.070s] Level 1:colcon.colcon_core.package_discovery:discover_packages(prefix_path) using defaults
[2.171s] INFO:colcon.colcon_core.executor:Executing jobs using 'parallel' executor
[2.173s] DEBUG:colcon.colcon_parallel_executor.executor.parallel:run_until_complete
[2.174s] DEBUG:colcon.colcon_parallel_executor.executor.parallel:closing loop
[2.174s] DEBUG:colcon.colcon_parallel_executor.executor.parallel:loop closed
[2.174s] DEBUG:colcon.colcon_parallel_executor.executor.parallel:run_until_complete finished with '0'
[2.174s] DEBUG:colcon.colcon_core.event_reactor:joining thread
[2.175s] DEBUG:colcon.colcon_core.event_reactor:joined thread
[2.192s] INFO:colcon.colcon_core.plugin_system:Skipping extension 'colcon_core.shell.bat': Not used on non-Windows systems
[2.192s] INFO:colcon.colcon_core.shell:Creating prefix script '/home/harold/Workspace/Quads_Project/install/local_setup.ps1'
[2.195s] INFO:colcon.colcon_core.shell:Creating prefix util module '/home/harold/Workspace/Quads_Project/install/_local_setup_util_ps1.py'
[2.205s] INFO:colcon.colcon_core.shell:Creating prefix chain script '/home/harold/Workspace/Quads_Project/install/setup.ps1'
[2.317s] INFO:colcon.colcon_core.shell:Creating prefix script '/home/harold/Workspace/Quads_Project/install/local_setup.sh'
[2.371s] INFO:colcon.colcon_core.shell:Creating prefix util module '/home/harold/Workspace/Quads_Project/install/_local_setup_util_sh.py'
[2.373s] INFO:colcon.colcon_core.shell:Creating prefix chain script '/home/harold/Workspace/Quads_Project/install/setup.sh'
[2.378s] INFO:colcon.colcon_core.shell:Creating prefix script '/home/harold/Workspace/Quads_Project/install/local_setup.bash'
[2.382s] INFO:colcon.colcon_core.shell:Creating prefix chain script '/home/harold/Workspace/Quads_Project/install/setup.bash'
[2.386s] INFO:colcon.colcon_core.shell:Creating prefix script '/home/harold/Workspace/Quads_Project/install/local_setup.zsh'
[2.391s] INFO:colcon.colcon_core.shell:Creating prefix chain script '/home/harold/Workspace/Quads_Project/install/setup.zsh'
