[0.201s] DEBUG:colcon:Command line arguments: ['/usr/bin/colcon', 'build', '--packages-select', 'landing_controller']
[0.202s] DEBUG:colcon:Parsed command line arguments: Namespace(log_base=None, log_level=None, verb_name='build', build_base='build', install_base='install', merge_install=False, symlink_install=False, test_result_base=None, continue_on_error=False, executor='parallel', parallel_workers=6, event_handlers=None, ignore_user_meta=False, metas=['./colcon.meta'], base_paths=['.'], packages_ignore=None, packages_ignore_regex=None, paths=None, packages_up_to=None, packages_up_to_regex=None, packages_above=None, packages_above_and_dependencies=None, packages_above_depth=None, packages_select_by_dep=None, packages_skip_by_dep=None, packages_skip_up_to=None, packages_select_build_failed=False, packages_skip_build_finished=False, packages_select_test_failures=False, packages_skip_test_passed=False, packages_select=['landing_controller'], packages_skip=None, packages_select_regex=None, packages_skip_regex=None, packages_start=None, packages_end=None, allow_overriding=[], cmake_args=None, cmake_target=None, cmake_target_skip_unavailable=False, cmake_clean_cache=False, cmake_clean_first=False, cmake_force_configure=False, ament_cmake_args=None, catkin_cmake_args=None, catkin_skip_building_tests=False, mixin_files=None, mixin=None, verb_parser=<colcon_mixin.mixin.mixin_argument.MixinArgumentDecorator object at 0xffffb4f761a0>, verb_extension=<colcon_core.verb.build.BuildVerb object at 0xffffb4f75cf0>, main=<bound method BuildVerb.main of <colcon_core.verb.build.BuildVerb object at 0xffffb4f75cf0>>, mixin_verb=('build',))
[0.507s] Level 1:colcon.colcon_core.package_discovery:discover_packages(colcon_meta) check parameters
[0.508s] Level 1:colcon.colcon_core.package_discovery:discover_packages(recursive) check parameters
[0.508s] Level 1:colcon.colcon_core.package_discovery:discover_packages(ignore) check parameters
[0.508s] Level 1:colcon.colcon_core.package_discovery:discover_packages(path) check parameters
[0.508s] Level 1:colcon.colcon_core.package_discovery:discover_packages(colcon_meta) discover
[0.508s] Level 1:colcon.colcon_core.package_discovery:discover_packages(recursive) discover
[0.508s] INFO:colcon.colcon_core.package_discovery:Crawling recursively for packages in '/home/harold/Workspace/Quads_Project'
[0.508s] Level 1:colcon.colcon_core.package_identification:_identify(.) by extensions ['ignore', 'ignore_ament_install']
[0.509s] Level 1:colcon.colcon_core.package_identification:_identify(.) by extension 'ignore'
[0.509s] Level 1:colcon.colcon_core.package_identification:_identify(.) by extension 'ignore_ament_install'
[0.509s] Level 1:colcon.colcon_core.package_identification:_identify(.) by extensions ['colcon_pkg']
[0.509s] Level 1:colcon.colcon_core.package_identification:_identify(.) by extension 'colcon_pkg'
[0.509s] Level 1:colcon.colcon_core.package_identification:_identify(.) by extensions ['colcon_meta']
[0.509s] Level 1:colcon.colcon_core.package_identification:_identify(.) by extension 'colcon_meta'
[0.509s] Level 1:colcon.colcon_core.package_identification:_identify(.) by extensions ['ros']
[0.509s] Level 1:colcon.colcon_core.package_identification:_identify(.) by extension 'ros'
[0.529s] Level 1:colcon.colcon_core.package_identification:_identify(.) by extensions ['cmake', 'python']
[0.529s] Level 1:colcon.colcon_core.package_identification:_identify(.) by extension 'cmake'
[0.529s] Level 1:colcon.colcon_core.package_identification:_identify(.) by extension 'python'
[0.529s] Level 1:colcon.colcon_core.package_identification:_identify(.) by extensions ['python_setup_py']
[0.529s] Level 1:colcon.colcon_core.package_identification:_identify(.) by extension 'python_setup_py'
[0.530s] Level 1:colcon.colcon_core.package_identification:_identify(build) by extensions ['ignore', 'ignore_ament_install']
[0.530s] Level 1:colcon.colcon_core.package_identification:_identify(build) by extension 'ignore'
[0.530s] Level 1:colcon.colcon_core.package_identification:_identify(build) ignored
[0.530s] Level 1:colcon.colcon_core.package_identification:_identify(drone_dev) by extensions ['ignore', 'ignore_ament_install']
[0.530s] Level 1:colcon.colcon_core.package_identification:_identify(drone_dev) by extension 'ignore'
[0.530s] Level 1:colcon.colcon_core.package_identification:_identify(drone_dev) by extension 'ignore_ament_install'
[0.531s] Level 1:colcon.colcon_core.package_identification:_identify(drone_dev) by extensions ['colcon_pkg']
[0.531s] Level 1:colcon.colcon_core.package_identification:_identify(drone_dev) by extension 'colcon_pkg'
[0.531s] Level 1:colcon.colcon_core.package_identification:_identify(drone_dev) by extensions ['colcon_meta']
[0.531s] Level 1:colcon.colcon_core.package_identification:_identify(drone_dev) by extension 'colcon_meta'
[0.531s] Level 1:colcon.colcon_core.package_identification:_identify(drone_dev) by extensions ['ros']
[0.531s] Level 1:colcon.colcon_core.package_identification:_identify(drone_dev) by extension 'ros'
[0.531s] Level 1:colcon.colcon_core.package_identification:_identify(drone_dev) by extensions ['cmake', 'python']
[0.531s] Level 1:colcon.colcon_core.package_identification:_identify(drone_dev) by extension 'cmake'
[0.531s] Level 1:colcon.colcon_core.package_identification:_identify(drone_dev) by extension 'python'
[0.531s] Level 1:colcon.colcon_core.package_identification:_identify(drone_dev) by extensions ['python_setup_py']
[0.531s] Level 1:colcon.colcon_core.package_identification:_identify(drone_dev) by extension 'python_setup_py'
[0.532s] Level 1:colcon.colcon_core.package_identification:_identify(drone_dev/airframe) by extensions ['ignore', 'ignore_ament_install']
[0.532s] Level 1:colcon.colcon_core.package_identification:_identify(drone_dev/airframe) by extension 'ignore'
[0.532s] Level 1:colcon.colcon_core.package_identification:_identify(drone_dev/airframe) by extension 'ignore_ament_install'
[0.532s] Level 1:colcon.colcon_core.package_identification:_identify(drone_dev/airframe) by extensions ['colcon_pkg']
[0.532s] Level 1:colcon.colcon_core.package_identification:_identify(drone_dev/airframe) by extension 'colcon_pkg'
[0.532s] Level 1:colcon.colcon_core.package_identification:_identify(drone_dev/airframe) by extensions ['colcon_meta']
[0.532s] Level 1:colcon.colcon_core.package_identification:_identify(drone_dev/airframe) by extension 'colcon_meta'
[0.532s] Level 1:colcon.colcon_core.package_identification:_identify(drone_dev/airframe) by extensions ['ros']
[0.532s] Level 1:colcon.colcon_core.package_identification:_identify(drone_dev/airframe) by extension 'ros'
[0.532s] Level 1:colcon.colcon_core.package_identification:_identify(drone_dev/airframe) by extensions ['cmake', 'python']
[0.533s] Level 1:colcon.colcon_core.package_identification:_identify(drone_dev/airframe) by extension 'cmake'
[0.533s] Level 1:colcon.colcon_core.package_identification:_identify(drone_dev/airframe) by extension 'python'
[0.533s] Level 1:colcon.colcon_core.package_identification:_identify(drone_dev/airframe) by extensions ['python_setup_py']
[0.533s] Level 1:colcon.colcon_core.package_identification:_identify(drone_dev/airframe) by extension 'python_setup_py'
[0.533s] Level 1:colcon.colcon_core.package_identification:_identify(drone_dev/build) by extensions ['ignore', 'ignore_ament_install']
[0.533s] Level 1:colcon.colcon_core.package_identification:_identify(drone_dev/build) by extension 'ignore'
[0.533s] Level 1:colcon.colcon_core.package_identification:_identify(drone_dev/build) ignored
[0.533s] Level 1:colcon.colcon_core.package_identification:_identify(drone_dev/install) by extensions ['ignore', 'ignore_ament_install']
[0.533s] Level 1:colcon.colcon_core.package_identification:_identify(drone_dev/install) by extension 'ignore'
[0.534s] Level 1:colcon.colcon_core.package_identification:_identify(drone_dev/install) ignored
[0.534s] Level 1:colcon.colcon_core.package_identification:_identify(drone_dev/log) by extensions ['ignore', 'ignore_ament_install']
[0.534s] Level 1:colcon.colcon_core.package_identification:_identify(drone_dev/log) by extension 'ignore'
[0.534s] Level 1:colcon.colcon_core.package_identification:_identify(drone_dev/log) ignored
[0.534s] Level 1:colcon.colcon_core.package_identification:_identify(drone_dev/src) by extensions ['ignore', 'ignore_ament_install']
[0.534s] Level 1:colcon.colcon_core.package_identification:_identify(drone_dev/src) by extension 'ignore'
[0.534s] Level 1:colcon.colcon_core.package_identification:_identify(drone_dev/src) by extension 'ignore_ament_install'
[0.535s] Level 1:colcon.colcon_core.package_identification:_identify(drone_dev/src) by extensions ['colcon_pkg']
[0.535s] Level 1:colcon.colcon_core.package_identification:_identify(drone_dev/src) by extension 'colcon_pkg'
[0.535s] Level 1:colcon.colcon_core.package_identification:_identify(drone_dev/src) by extensions ['colcon_meta']
[0.535s] Level 1:colcon.colcon_core.package_identification:_identify(drone_dev/src) by extension 'colcon_meta'
[0.535s] Level 1:colcon.colcon_core.package_identification:_identify(drone_dev/src) by extensions ['ros']
[0.535s] Level 1:colcon.colcon_core.package_identification:_identify(drone_dev/src) by extension 'ros'
[0.535s] Level 1:colcon.colcon_core.package_identification:_identify(drone_dev/src) by extensions ['cmake', 'python']
[0.535s] Level 1:colcon.colcon_core.package_identification:_identify(drone_dev/src) by extension 'cmake'
[0.535s] Level 1:colcon.colcon_core.package_identification:_identify(drone_dev/src) by extension 'python'
[0.535s] Level 1:colcon.colcon_core.package_identification:_identify(drone_dev/src) by extensions ['python_setup_py']
[0.535s] Level 1:colcon.colcon_core.package_identification:_identify(drone_dev/src) by extension 'python_setup_py'
[0.536s] Level 1:colcon.colcon_core.package_identification:_identify(drone_dev/src/ArUco_detector_node) by extensions ['ignore', 'ignore_ament_install']
[0.536s] Level 1:colcon.colcon_core.package_identification:_identify(drone_dev/src/ArUco_detector_node) by extension 'ignore'
[0.536s] Level 1:colcon.colcon_core.package_identification:_identify(drone_dev/src/ArUco_detector_node) by extension 'ignore_ament_install'
[0.536s] Level 1:colcon.colcon_core.package_identification:_identify(drone_dev/src/ArUco_detector_node) by extensions ['colcon_pkg']
[0.536s] Level 1:colcon.colcon_core.package_identification:_identify(drone_dev/src/ArUco_detector_node) by extension 'colcon_pkg'
[0.536s] Level 1:colcon.colcon_core.package_identification:_identify(drone_dev/src/ArUco_detector_node) by extensions ['colcon_meta']
[0.536s] Level 1:colcon.colcon_core.package_identification:_identify(drone_dev/src/ArUco_detector_node) by extension 'colcon_meta'
[0.536s] Level 1:colcon.colcon_core.package_identification:_identify(drone_dev/src/ArUco_detector_node) by extensions ['ros']
[0.536s] Level 1:colcon.colcon_core.package_identification:_identify(drone_dev/src/ArUco_detector_node) by extension 'ros'
[0.541s] DEBUG:colcon.colcon_core.package_identification:Package 'drone_dev/src/ArUco_detector_node' with type 'ros.ament_python' and name 'aruco_detector_node'
[0.542s] Level 1:colcon.colcon_core.package_identification:_identify(drone_dev/src/csi_camera_node) by extensions ['ignore', 'ignore_ament_install']
[0.542s] Level 1:colcon.colcon_core.package_identification:_identify(drone_dev/src/csi_camera_node) by extension 'ignore'
[0.542s] Level 1:colcon.colcon_core.package_identification:_identify(drone_dev/src/csi_camera_node) by extension 'ignore_ament_install'
[0.542s] Level 1:colcon.colcon_core.package_identification:_identify(drone_dev/src/csi_camera_node) by extensions ['colcon_pkg']
[0.542s] Level 1:colcon.colcon_core.package_identification:_identify(drone_dev/src/csi_camera_node) by extension 'colcon_pkg'
[0.542s] Level 1:colcon.colcon_core.package_identification:_identify(drone_dev/src/csi_camera_node) by extensions ['colcon_meta']
[0.542s] Level 1:colcon.colcon_core.package_identification:_identify(drone_dev/src/csi_camera_node) by extension 'colcon_meta'
[0.542s] Level 1:colcon.colcon_core.package_identification:_identify(drone_dev/src/csi_camera_node) by extensions ['ros']
[0.542s] Level 1:colcon.colcon_core.package_identification:_identify(drone_dev/src/csi_camera_node) by extension 'ros'
[0.544s] DEBUG:colcon.colcon_core.package_identification:Package 'drone_dev/src/csi_camera_node' with type 'ros.ament_python' and name 'csi_camera_publisher'
[0.544s] Level 1:colcon.colcon_core.package_identification:_identify(drone_dev/src/landing_controller_node) by extensions ['ignore', 'ignore_ament_install']
[0.544s] Level 1:colcon.colcon_core.package_identification:_identify(drone_dev/src/landing_controller_node) by extension 'ignore'
[0.544s] Level 1:colcon.colcon_core.package_identification:_identify(drone_dev/src/landing_controller_node) by extension 'ignore_ament_install'
[0.544s] Level 1:colcon.colcon_core.package_identification:_identify(drone_dev/src/landing_controller_node) by extensions ['colcon_pkg']
[0.545s] Level 1:colcon.colcon_core.package_identification:_identify(drone_dev/src/landing_controller_node) by extension 'colcon_pkg'
[0.545s] Level 1:colcon.colcon_core.package_identification:_identify(drone_dev/src/landing_controller_node) by extensions ['colcon_meta']
[0.545s] Level 1:colcon.colcon_core.package_identification:_identify(drone_dev/src/landing_controller_node) by extension 'colcon_meta'
[0.545s] Level 1:colcon.colcon_core.package_identification:_identify(drone_dev/src/landing_controller_node) by extensions ['ros']
[0.545s] Level 1:colcon.colcon_core.package_identification:_identify(drone_dev/src/landing_controller_node) by extension 'ros'
[0.546s] DEBUG:colcon.colcon_core.package_identification:Package 'drone_dev/src/landing_controller_node' with type 'ros.ament_python' and name 'landing_controller'
[0.546s] Level 1:colcon.colcon_core.package_identification:_identify(drone_dev/tools) by extensions ['ignore', 'ignore_ament_install']
[0.546s] Level 1:colcon.colcon_core.package_identification:_identify(drone_dev/tools) by extension 'ignore'
[0.546s] Level 1:colcon.colcon_core.package_identification:_identify(drone_dev/tools) by extension 'ignore_ament_install'
[0.546s] Level 1:colcon.colcon_core.package_identification:_identify(drone_dev/tools) by extensions ['colcon_pkg']
[0.547s] Level 1:colcon.colcon_core.package_identification:_identify(drone_dev/tools) by extension 'colcon_pkg'
[0.547s] Level 1:colcon.colcon_core.package_identification:_identify(drone_dev/tools) by extensions ['colcon_meta']
[0.547s] Level 1:colcon.colcon_core.package_identification:_identify(drone_dev/tools) by extension 'colcon_meta'
[0.547s] Level 1:colcon.colcon_core.package_identification:_identify(drone_dev/tools) by extensions ['ros']
[0.547s] Level 1:colcon.colcon_core.package_identification:_identify(drone_dev/tools) by extension 'ros'
[0.547s] Level 1:colcon.colcon_core.package_identification:_identify(drone_dev/tools) by extensions ['cmake', 'python']
[0.547s] Level 1:colcon.colcon_core.package_identification:_identify(drone_dev/tools) by extension 'cmake'
[0.547s] Level 1:colcon.colcon_core.package_identification:_identify(drone_dev/tools) by extension 'python'
[0.547s] Level 1:colcon.colcon_core.package_identification:_identify(drone_dev/tools) by extensions ['python_setup_py']
[0.547s] Level 1:colcon.colcon_core.package_identification:_identify(drone_dev/tools) by extension 'python_setup_py'
[0.548s] Level 1:colcon.colcon_core.package_identification:_identify(drone_dev_sim) by extensions ['ignore', 'ignore_ament_install']
[0.548s] Level 1:colcon.colcon_core.package_identification:_identify(drone_dev_sim) by extension 'ignore'
[0.548s] Level 1:colcon.colcon_core.package_identification:_identify(drone_dev_sim) by extension 'ignore_ament_install'
[0.548s] Level 1:colcon.colcon_core.package_identification:_identify(drone_dev_sim) by extensions ['colcon_pkg']
[0.548s] Level 1:colcon.colcon_core.package_identification:_identify(drone_dev_sim) by extension 'colcon_pkg'
[0.548s] Level 1:colcon.colcon_core.package_identification:_identify(drone_dev_sim) by extensions ['colcon_meta']
[0.548s] Level 1:colcon.colcon_core.package_identification:_identify(drone_dev_sim) by extension 'colcon_meta'
[0.548s] Level 1:colcon.colcon_core.package_identification:_identify(drone_dev_sim) by extensions ['ros']
[0.548s] Level 1:colcon.colcon_core.package_identification:_identify(drone_dev_sim) by extension 'ros'
[0.548s] Level 1:colcon.colcon_core.package_identification:_identify(drone_dev_sim) by extensions ['cmake', 'python']
[0.549s] Level 1:colcon.colcon_core.package_identification:_identify(drone_dev_sim) by extension 'cmake'
[0.556s] Level 1:colcon.colcon_core.package_identification:_identify(drone_dev_sim) by extension 'python'
[0.556s] DEBUG:colcon.colcon_core.package_identification:Package 'drone_dev_sim' with type 'cmake' and name 'drone_dev_sim'
[0.556s] Level 1:colcon.colcon_core.package_identification:_identify(install) by extensions ['ignore', 'ignore_ament_install']
[0.556s] Level 1:colcon.colcon_core.package_identification:_identify(install) by extension 'ignore'
[0.556s] Level 1:colcon.colcon_core.package_identification:_identify(install) ignored
[0.557s] Level 1:colcon.colcon_core.package_identification:_identify(landingPadDetection) by extensions ['ignore', 'ignore_ament_install']
[0.557s] Level 1:colcon.colcon_core.package_identification:_identify(landingPadDetection) by extension 'ignore'
[0.557s] Level 1:colcon.colcon_core.package_identification:_identify(landingPadDetection) by extension 'ignore_ament_install'
[0.557s] Level 1:colcon.colcon_core.package_identification:_identify(landingPadDetection) by extensions ['colcon_pkg']
[0.557s] Level 1:colcon.colcon_core.package_identification:_identify(landingPadDetection) by extension 'colcon_pkg'
[0.557s] Level 1:colcon.colcon_core.package_identification:_identify(landingPadDetection) by extensions ['colcon_meta']
[0.557s] Level 1:colcon.colcon_core.package_identification:_identify(landingPadDetection) by extension 'colcon_meta'
[0.557s] Level 1:colcon.colcon_core.package_identification:_identify(landingPadDetection) by extensions ['ros']
[0.557s] Level 1:colcon.colcon_core.package_identification:_identify(landingPadDetection) by extension 'ros'
[0.558s] Level 1:colcon.colcon_core.package_identification:_identify(landingPadDetection) by extensions ['cmake', 'python']
[0.558s] Level 1:colcon.colcon_core.package_identification:_identify(landingPadDetection) by extension 'cmake'
[0.558s] Level 1:colcon.colcon_core.package_identification:_identify(landingPadDetection) by extension 'python'
[0.558s] Level 1:colcon.colcon_core.package_identification:_identify(landingPadDetection) by extensions ['python_setup_py']
[0.558s] Level 1:colcon.colcon_core.package_identification:_identify(landingPadDetection) by extension 'python_setup_py'
[0.558s] Level 1:colcon.colcon_core.package_identification:_identify(landingPadDetection/Camera_calibration_Im219) by extensions ['ignore', 'ignore_ament_install']
[0.558s] Level 1:colcon.colcon_core.package_identification:_identify(landingPadDetection/Camera_calibration_Im219) by extension 'ignore'
[0.558s] Level 1:colcon.colcon_core.package_identification:_identify(landingPadDetection/Camera_calibration_Im219) by extension 'ignore_ament_install'
[0.558s] Level 1:colcon.colcon_core.package_identification:_identify(landingPadDetection/Camera_calibration_Im219) by extensions ['colcon_pkg']
[0.558s] Level 1:colcon.colcon_core.package_identification:_identify(landingPadDetection/Camera_calibration_Im219) by extension 'colcon_pkg'
[0.559s] Level 1:colcon.colcon_core.package_identification:_identify(landingPadDetection/Camera_calibration_Im219) by extensions ['colcon_meta']
[0.559s] Level 1:colcon.colcon_core.package_identification:_identify(landingPadDetection/Camera_calibration_Im219) by extension 'colcon_meta'
[0.559s] Level 1:colcon.colcon_core.package_identification:_identify(landingPadDetection/Camera_calibration_Im219) by extensions ['ros']
[0.559s] Level 1:colcon.colcon_core.package_identification:_identify(landingPadDetection/Camera_calibration_Im219) by extension 'ros'
[0.559s] Level 1:colcon.colcon_core.package_identification:_identify(landingPadDetection/Camera_calibration_Im219) by extensions ['cmake', 'python']
[0.559s] Level 1:colcon.colcon_core.package_identification:_identify(landingPadDetection/Camera_calibration_Im219) by extension 'cmake'
[0.559s] Level 1:colcon.colcon_core.package_identification:_identify(landingPadDetection/Camera_calibration_Im219) by extension 'python'
[0.559s] Level 1:colcon.colcon_core.package_identification:_identify(landingPadDetection/Camera_calibration_Im219) by extensions ['python_setup_py']
[0.559s] Level 1:colcon.colcon_core.package_identification:_identify(landingPadDetection/Camera_calibration_Im219) by extension 'python_setup_py'
[0.559s] Level 1:colcon.colcon_core.package_identification:_identify(landingPadDetection/Camera_calibration_Im219/ images_taken) by extensions ['ignore', 'ignore_ament_install']
[0.560s] Level 1:colcon.colcon_core.package_identification:_identify(landingPadDetection/Camera_calibration_Im219/ images_taken) by extension 'ignore'
[0.560s] Level 1:colcon.colcon_core.package_identification:_identify(landingPadDetection/Camera_calibration_Im219/ images_taken) by extension 'ignore_ament_install'
[0.560s] Level 1:colcon.colcon_core.package_identification:_identify(landingPadDetection/Camera_calibration_Im219/ images_taken) by extensions ['colcon_pkg']
[0.560s] Level 1:colcon.colcon_core.package_identification:_identify(landingPadDetection/Camera_calibration_Im219/ images_taken) by extension 'colcon_pkg'
[0.560s] Level 1:colcon.colcon_core.package_identification:_identify(landingPadDetection/Camera_calibration_Im219/ images_taken) by extensions ['colcon_meta']
[0.560s] Level 1:colcon.colcon_core.package_identification:_identify(landingPadDetection/Camera_calibration_Im219/ images_taken) by extension 'colcon_meta'
[0.560s] Level 1:colcon.colcon_core.package_identification:_identify(landingPadDetection/Camera_calibration_Im219/ images_taken) by extensions ['ros']
[0.560s] Level 1:colcon.colcon_core.package_identification:_identify(landingPadDetection/Camera_calibration_Im219/ images_taken) by extension 'ros'
[0.560s] Level 1:colcon.colcon_core.package_identification:_identify(landingPadDetection/Camera_calibration_Im219/ images_taken) by extensions ['cmake', 'python']
[0.560s] Level 1:colcon.colcon_core.package_identification:_identify(landingPadDetection/Camera_calibration_Im219/ images_taken) by extension 'cmake'
[0.560s] Level 1:colcon.colcon_core.package_identification:_identify(landingPadDetection/Camera_calibration_Im219/ images_taken) by extension 'python'
[0.560s] Level 1:colcon.colcon_core.package_identification:_identify(landingPadDetection/Camera_calibration_Im219/ images_taken) by extensions ['python_setup_py']
[0.561s] Level 1:colcon.colcon_core.package_identification:_identify(landingPadDetection/Camera_calibration_Im219/ images_taken) by extension 'python_setup_py'
[0.561s] Level 1:colcon.colcon_core.package_identification:_identify(landingPadDetection/Camera_calibration_OV9218) by extensions ['ignore', 'ignore_ament_install']
[0.561s] Level 1:colcon.colcon_core.package_identification:_identify(landingPadDetection/Camera_calibration_OV9218) by extension 'ignore'
[0.561s] Level 1:colcon.colcon_core.package_identification:_identify(landingPadDetection/Camera_calibration_OV9218) by extension 'ignore_ament_install'
[0.561s] Level 1:colcon.colcon_core.package_identification:_identify(landingPadDetection/Camera_calibration_OV9218) by extensions ['colcon_pkg']
[0.561s] Level 1:colcon.colcon_core.package_identification:_identify(landingPadDetection/Camera_calibration_OV9218) by extension 'colcon_pkg'
[0.561s] Level 1:colcon.colcon_core.package_identification:_identify(landingPadDetection/Camera_calibration_OV9218) by extensions ['colcon_meta']
[0.561s] Level 1:colcon.colcon_core.package_identification:_identify(landingPadDetection/Camera_calibration_OV9218) by extension 'colcon_meta'
[0.561s] Level 1:colcon.colcon_core.package_identification:_identify(landingPadDetection/Camera_calibration_OV9218) by extensions ['ros']
[0.561s] Level 1:colcon.colcon_core.package_identification:_identify(landingPadDetection/Camera_calibration_OV9218) by extension 'ros'
[0.562s] Level 1:colcon.colcon_core.package_identification:_identify(landingPadDetection/Camera_calibration_OV9218) by extensions ['cmake', 'python']
[0.562s] Level 1:colcon.colcon_core.package_identification:_identify(landingPadDetection/Camera_calibration_OV9218) by extension 'cmake'
[0.562s] Level 1:colcon.colcon_core.package_identification:_identify(landingPadDetection/Camera_calibration_OV9218) by extension 'python'
[0.562s] Level 1:colcon.colcon_core.package_identification:_identify(landingPadDetection/Camera_calibration_OV9218) by extensions ['python_setup_py']
[0.562s] Level 1:colcon.colcon_core.package_identification:_identify(landingPadDetection/Camera_calibration_OV9218) by extension 'python_setup_py'
[0.562s] Level 1:colcon.colcon_core.package_identification:_identify(landingPadDetection/Camera_calibration_OV9218/__pycache__) by extensions ['ignore', 'ignore_ament_install']
[0.562s] Level 1:colcon.colcon_core.package_identification:_identify(landingPadDetection/Camera_calibration_OV9218/__pycache__) by extension 'ignore'
[0.562s] Level 1:colcon.colcon_core.package_identification:_identify(landingPadDetection/Camera_calibration_OV9218/__pycache__) by extension 'ignore_ament_install'
[0.562s] Level 1:colcon.colcon_core.package_identification:_identify(landingPadDetection/Camera_calibration_OV9218/__pycache__) by extensions ['colcon_pkg']
[0.562s] Level 1:colcon.colcon_core.package_identification:_identify(landingPadDetection/Camera_calibration_OV9218/__pycache__) by extension 'colcon_pkg'
[0.563s] Level 1:colcon.colcon_core.package_identification:_identify(landingPadDetection/Camera_calibration_OV9218/__pycache__) by extensions ['colcon_meta']
[0.563s] Level 1:colcon.colcon_core.package_identification:_identify(landingPadDetection/Camera_calibration_OV9218/__pycache__) by extension 'colcon_meta'
[0.563s] Level 1:colcon.colcon_core.package_identification:_identify(landingPadDetection/Camera_calibration_OV9218/__pycache__) by extensions ['ros']
[0.563s] Level 1:colcon.colcon_core.package_identification:_identify(landingPadDetection/Camera_calibration_OV9218/__pycache__) by extension 'ros'
[0.563s] Level 1:colcon.colcon_core.package_identification:_identify(landingPadDetection/Camera_calibration_OV9218/__pycache__) by extensions ['cmake', 'python']
[0.563s] Level 1:colcon.colcon_core.package_identification:_identify(landingPadDetection/Camera_calibration_OV9218/__pycache__) by extension 'cmake'
[0.563s] Level 1:colcon.colcon_core.package_identification:_identify(landingPadDetection/Camera_calibration_OV9218/__pycache__) by extension 'python'
[0.563s] Level 1:colcon.colcon_core.package_identification:_identify(landingPadDetection/Camera_calibration_OV9218/__pycache__) by extensions ['python_setup_py']
[0.563s] Level 1:colcon.colcon_core.package_identification:_identify(landingPadDetection/Camera_calibration_OV9218/__pycache__) by extension 'python_setup_py'
[0.563s] Level 1:colcon.colcon_core.package_identification:_identify(landingPadDetection/Camera_calibration_OV9218/image_taken) by extensions ['ignore', 'ignore_ament_install']
[0.564s] Level 1:colcon.colcon_core.package_identification:_identify(landingPadDetection/Camera_calibration_OV9218/image_taken) by extension 'ignore'
[0.564s] Level 1:colcon.colcon_core.package_identification:_identify(landingPadDetection/Camera_calibration_OV9218/image_taken) by extension 'ignore_ament_install'
[0.564s] Level 1:colcon.colcon_core.package_identification:_identify(landingPadDetection/Camera_calibration_OV9218/image_taken) by extensions ['colcon_pkg']
[0.564s] Level 1:colcon.colcon_core.package_identification:_identify(landingPadDetection/Camera_calibration_OV9218/image_taken) by extension 'colcon_pkg'
[0.564s] Level 1:colcon.colcon_core.package_identification:_identify(landingPadDetection/Camera_calibration_OV9218/image_taken) by extensions ['colcon_meta']
[0.564s] Level 1:colcon.colcon_core.package_identification:_identify(landingPadDetection/Camera_calibration_OV9218/image_taken) by extension 'colcon_meta'
[0.564s] Level 1:colcon.colcon_core.package_identification:_identify(landingPadDetection/Camera_calibration_OV9218/image_taken) by extensions ['ros']
[0.564s] Level 1:colcon.colcon_core.package_identification:_identify(landingPadDetection/Camera_calibration_OV9218/image_taken) by extension 'ros'
[0.564s] Level 1:colcon.colcon_core.package_identification:_identify(landingPadDetection/Camera_calibration_OV9218/image_taken) by extensions ['cmake', 'python']
[0.564s] Level 1:colcon.colcon_core.package_identification:_identify(landingPadDetection/Camera_calibration_OV9218/image_taken) by extension 'cmake'
[0.564s] Level 1:colcon.colcon_core.package_identification:_identify(landingPadDetection/Camera_calibration_OV9218/image_taken) by extension 'python'
[0.565s] Level 1:colcon.colcon_core.package_identification:_identify(landingPadDetection/Camera_calibration_OV9218/image_taken) by extensions ['python_setup_py']
[0.565s] Level 1:colcon.colcon_core.package_identification:_identify(landingPadDetection/Camera_calibration_OV9218/image_taken) by extension 'python_setup_py'
[0.565s] Level 1:colcon.colcon_core.package_identification:_identify(landingPadDetection/__pycache__) by extensions ['ignore', 'ignore_ament_install']
[0.565s] Level 1:colcon.colcon_core.package_identification:_identify(landingPadDetection/__pycache__) by extension 'ignore'
[0.565s] Level 1:colcon.colcon_core.package_identification:_identify(landingPadDetection/__pycache__) by extension 'ignore_ament_install'
[0.565s] Level 1:colcon.colcon_core.package_identification:_identify(landingPadDetection/__pycache__) by extensions ['colcon_pkg']
[0.565s] Level 1:colcon.colcon_core.package_identification:_identify(landingPadDetection/__pycache__) by extension 'colcon_pkg'
[0.565s] Level 1:colcon.colcon_core.package_identification:_identify(landingPadDetection/__pycache__) by extensions ['colcon_meta']
[0.565s] Level 1:colcon.colcon_core.package_identification:_identify(landingPadDetection/__pycache__) by extension 'colcon_meta'
[0.565s] Level 1:colcon.colcon_core.package_identification:_identify(landingPadDetection/__pycache__) by extensions ['ros']
[0.565s] Level 1:colcon.colcon_core.package_identification:_identify(landingPadDetection/__pycache__) by extension 'ros'
[0.566s] Level 1:colcon.colcon_core.package_identification:_identify(landingPadDetection/__pycache__) by extensions ['cmake', 'python']
[0.566s] Level 1:colcon.colcon_core.package_identification:_identify(landingPadDetection/__pycache__) by extension 'cmake'
[0.566s] Level 1:colcon.colcon_core.package_identification:_identify(landingPadDetection/__pycache__) by extension 'python'
[0.566s] Level 1:colcon.colcon_core.package_identification:_identify(landingPadDetection/__pycache__) by extensions ['python_setup_py']
[0.566s] Level 1:colcon.colcon_core.package_identification:_identify(landingPadDetection/__pycache__) by extension 'python_setup_py'
[0.566s] Level 1:colcon.colcon_core.package_identification:_identify(landingPadDetection/mac_carera__) by extensions ['ignore', 'ignore_ament_install']
[0.566s] Level 1:colcon.colcon_core.package_identification:_identify(landingPadDetection/mac_carera__) by extension 'ignore'
[0.566s] Level 1:colcon.colcon_core.package_identification:_identify(landingPadDetection/mac_carera__) by extension 'ignore_ament_install'
[0.566s] Level 1:colcon.colcon_core.package_identification:_identify(landingPadDetection/mac_carera__) by extensions ['colcon_pkg']
[0.566s] Level 1:colcon.colcon_core.package_identification:_identify(landingPadDetection/mac_carera__) by extension 'colcon_pkg'
[0.567s] Level 1:colcon.colcon_core.package_identification:_identify(landingPadDetection/mac_carera__) by extensions ['colcon_meta']
[0.567s] Level 1:colcon.colcon_core.package_identification:_identify(landingPadDetection/mac_carera__) by extension 'colcon_meta'
[0.567s] Level 1:colcon.colcon_core.package_identification:_identify(landingPadDetection/mac_carera__) by extensions ['ros']
[0.567s] Level 1:colcon.colcon_core.package_identification:_identify(landingPadDetection/mac_carera__) by extension 'ros'
[0.567s] Level 1:colcon.colcon_core.package_identification:_identify(landingPadDetection/mac_carera__) by extensions ['cmake', 'python']
[0.567s] Level 1:colcon.colcon_core.package_identification:_identify(landingPadDetection/mac_carera__) by extension 'cmake'
[0.567s] Level 1:colcon.colcon_core.package_identification:_identify(landingPadDetection/mac_carera__) by extension 'python'
[0.567s] Level 1:colcon.colcon_core.package_identification:_identify(landingPadDetection/mac_carera__) by extensions ['python_setup_py']
[0.567s] Level 1:colcon.colcon_core.package_identification:_identify(landingPadDetection/mac_carera__) by extension 'python_setup_py'
[0.567s] Level 1:colcon.colcon_core.package_identification:_identify(log) by extensions ['ignore', 'ignore_ament_install']
[0.568s] Level 1:colcon.colcon_core.package_identification:_identify(log) by extension 'ignore'
[0.568s] Level 1:colcon.colcon_core.package_identification:_identify(log) ignored
[0.568s] Level 1:colcon.colcon_core.package_discovery:discover_packages(recursive) using defaults
[0.568s] Level 1:colcon.colcon_core.package_discovery:discover_packages(ignore) discover
[0.568s] Level 1:colcon.colcon_core.package_discovery:discover_packages(ignore) using defaults
[0.568s] Level 1:colcon.colcon_core.package_discovery:discover_packages(path) discover
[0.568s] Level 1:colcon.colcon_core.package_discovery:discover_packages(path) using defaults
[0.633s] INFO:colcon.colcon_core.package_selection:Skipping not selected package 'aruco_detector_node' in 'drone_dev/src/ArUco_detector_node'
[0.633s] INFO:colcon.colcon_core.package_selection:Skipping not selected package 'csi_camera_publisher' in 'drone_dev/src/csi_camera_node'
[0.633s] INFO:colcon.colcon_core.package_selection:Skipping not selected package 'drone_dev_sim' in 'drone_dev_sim'
[0.634s] Level 1:colcon.colcon_core.package_discovery:discover_packages(prefix_path) check parameters
[0.634s] Level 1:colcon.colcon_core.package_discovery:discover_packages(prefix_path) discover
[0.638s] DEBUG:colcon.colcon_installed_package_information.package_discovery:Found 280 installed packages in /opt/ros/humble
[0.641s] Level 1:colcon.colcon_core.package_discovery:discover_packages(prefix_path) using defaults
[0.710s] Level 5:colcon.colcon_core.verb:set package 'landing_controller' build argument 'cmake_args' from command line to 'None'
[0.710s] Level 5:colcon.colcon_core.verb:set package 'landing_controller' build argument 'cmake_target' from command line to 'None'
[0.710s] Level 5:colcon.colcon_core.verb:set package 'landing_controller' build argument 'cmake_target_skip_unavailable' from command line to 'False'
[0.710s] Level 5:colcon.colcon_core.verb:set package 'landing_controller' build argument 'cmake_clean_cache' from command line to 'False'
[0.710s] Level 5:colcon.colcon_core.verb:set package 'landing_controller' build argument 'cmake_clean_first' from command line to 'False'
[0.710s] Level 5:colcon.colcon_core.verb:set package 'landing_controller' build argument 'cmake_force_configure' from command line to 'False'
[0.710s] Level 5:colcon.colcon_core.verb:set package 'landing_controller' build argument 'ament_cmake_args' from command line to 'None'
[0.710s] Level 5:colcon.colcon_core.verb:set package 'landing_controller' build argument 'catkin_cmake_args' from command line to 'None'
[0.710s] Level 5:colcon.colcon_core.verb:set package 'landing_controller' build argument 'catkin_skip_building_tests' from command line to 'False'
[0.710s] DEBUG:colcon.colcon_core.verb:Building package 'landing_controller' with the following arguments: {'ament_cmake_args': None, 'build_base': '/home/harold/Workspace/Quads_Project/build/landing_controller', 'catkin_cmake_args': None, 'catkin_skip_building_tests': False, 'cmake_args': None, 'cmake_clean_cache': False, 'cmake_clean_first': False, 'cmake_force_configure': False, 'cmake_target': None, 'cmake_target_skip_unavailable': False, 'install_base': '/home/harold/Workspace/Quads_Project/install/landing_controller', 'merge_install': False, 'path': '/home/harold/Workspace/Quads_Project/drone_dev/src/landing_controller_node', 'symlink_install': False, 'test_result_base': None}
[0.711s] INFO:colcon.colcon_core.executor:Executing jobs using 'parallel' executor
[0.713s] DEBUG:colcon.colcon_parallel_executor.executor.parallel:run_until_complete
[0.713s] INFO:colcon.colcon_ros.task.ament_python.build:Building ROS package in '/home/harold/Workspace/Quads_Project/drone_dev/src/landing_controller_node' with build type 'ament_python'
[0.713s] Level 1:colcon.colcon_core.shell:create_environment_hook('landing_controller', 'ament_prefix_path')
[0.717s] INFO:colcon.colcon_core.plugin_system:Skipping extension 'colcon_core.shell.bat': Not used on non-Windows systems
[0.717s] INFO:colcon.colcon_core.shell:Creating environment hook '/home/harold/Workspace/Quads_Project/install/landing_controller/share/landing_controller/hook/ament_prefix_path.ps1'
[0.719s] INFO:colcon.colcon_core.shell:Creating environment descriptor '/home/harold/Workspace/Quads_Project/install/landing_controller/share/landing_controller/hook/ament_prefix_path.dsv'
[0.719s] INFO:colcon.colcon_core.shell:Creating environment hook '/home/harold/Workspace/Quads_Project/install/landing_controller/share/landing_controller/hook/ament_prefix_path.sh'
[0.721s] INFO:colcon.colcon_core.shell:Skip shell extension 'powershell' for command environment: Not usable outside of PowerShell
[0.721s] DEBUG:colcon.colcon_core.shell:Skip shell extension 'dsv' for command environment
[1.194s] WARNING:colcon.colcon_ros.task.ament_python.build:Package 'landing_controller' doesn't explicitly install a marker in the package index (colcon-ros currently does it implicitly but that fallback will be removed in the future)
[1.195s] WARNING:colcon.colcon_ros.task.ament_python.build:Package 'landing_controller' doesn't explicitly install the 'package.xml' file (colcon-ros currently does it implicitly but that fallback will be removed in the future)
[1.195s] INFO:colcon.colcon_core.task.python.build:Building Python package in '/home/harold/Workspace/Quads_Project/drone_dev/src/landing_controller_node'
[1.196s] INFO:colcon.colcon_core.shell:Skip shell extension 'powershell' for command environment: Not usable outside of PowerShell
[1.196s] DEBUG:colcon.colcon_core.shell:Skip shell extension 'dsv' for command environment
[1.832s] DEBUG:colcon.colcon_core.event_handler.log_command:Invoking command in '/home/harold/Workspace/Quads_Project/drone_dev/src/landing_controller_node': PYTHONPATH=/home/harold/Workspace/Quads_Project/build/landing_controller/prefix_override:/usr/lib/python3/dist-packages/colcon_core/task/python/colcon_distutils_commands:/home/harold/Workspace/Quads_Project/install/landing_controller/lib/python3.10/site-packages:${PYTHONPATH} /usr/bin/python3 -W ignore:setup.py install is deprecated -W ignore:easy_install command is deprecated setup.py egg_info --egg-base ../../../build/landing_controller build --build-base /home/harold/Workspace/Quads_Project/build/landing_controller/build install --record /home/harold/Workspace/Quads_Project/build/landing_controller/install.log --single-version-externally-managed install_data
[2.327s] DEBUG:colcon.colcon_core.event_handler.log_command:Invoked command in '/home/harold/Workspace/Quads_Project/drone_dev/src/landing_controller_node' returned '1': PYTHONPATH=/home/harold/Workspace/Quads_Project/build/landing_controller/prefix_override:/usr/lib/python3/dist-packages/colcon_core/task/python/colcon_distutils_commands:/home/harold/Workspace/Quads_Project/install/landing_controller/lib/python3.10/site-packages:${PYTHONPATH} /usr/bin/python3 -W ignore:setup.py install is deprecated -W ignore:easy_install command is deprecated setup.py egg_info --egg-base ../../../build/landing_controller build --build-base /home/harold/Workspace/Quads_Project/build/landing_controller/build install --record /home/harold/Workspace/Quads_Project/build/landing_controller/install.log --single-version-externally-managed install_data
[2.336s] DEBUG:colcon.colcon_parallel_executor.executor.parallel:closing loop
[2.336s] DEBUG:colcon.colcon_parallel_executor.executor.parallel:loop closed
[2.336s] DEBUG:colcon.colcon_parallel_executor.executor.parallel:run_until_complete finished with '1'
[2.337s] DEBUG:colcon.colcon_core.event_reactor:joining thread
[2.337s] DEBUG:colcon.colcon_core.event_reactor:joined thread
[2.338s] INFO:colcon.colcon_core.shell:Creating prefix script '/home/harold/Workspace/Quads_Project/install/local_setup.ps1'
[2.342s] INFO:colcon.colcon_core.shell:Creating prefix util module '/home/harold/Workspace/Quads_Project/install/_local_setup_util_ps1.py'
[2.348s] INFO:colcon.colcon_core.shell:Creating prefix chain script '/home/harold/Workspace/Quads_Project/install/setup.ps1'
[2.351s] INFO:colcon.colcon_core.shell:Creating prefix script '/home/harold/Workspace/Quads_Project/install/local_setup.sh'
[2.354s] INFO:colcon.colcon_core.shell:Creating prefix util module '/home/harold/Workspace/Quads_Project/install/_local_setup_util_sh.py'
[2.356s] INFO:colcon.colcon_core.shell:Creating prefix chain script '/home/harold/Workspace/Quads_Project/install/setup.sh'
[2.360s] INFO:colcon.colcon_core.shell:Creating prefix script '/home/harold/Workspace/Quads_Project/install/local_setup.bash'
[2.362s] INFO:colcon.colcon_core.shell:Creating prefix chain script '/home/harold/Workspace/Quads_Project/install/setup.bash'
[2.365s] INFO:colcon.colcon_core.shell:Creating prefix script '/home/harold/Workspace/Quads_Project/install/local_setup.zsh'
[2.367s] INFO:colcon.colcon_core.shell:Creating prefix chain script '/home/harold/Workspace/Quads_Project/install/setup.zsh'
