[0.206s] DEBUG:colcon:Command line arguments: ['/usr/bin/colcon', 'build', '--packages-select', 'landing_controller']
[0.206s] DEBUG:colcon:Parsed command line arguments: Namespace(log_base=None, log_level=None, verb_name='build', build_base='build', install_base='install', merge_install=False, symlink_install=False, test_result_base=None, continue_on_error=False, executor='parallel', parallel_workers=6, event_handlers=None, ignore_user_meta=False, metas=['./colcon.meta'], base_paths=['.'], packages_ignore=None, packages_ignore_regex=None, paths=None, packages_up_to=None, packages_up_to_regex=None, packages_above=None, packages_above_and_dependencies=None, packages_above_depth=None, packages_select_by_dep=None, packages_skip_by_dep=None, packages_skip_up_to=None, packages_select_build_failed=False, packages_skip_build_finished=False, packages_select_test_failures=False, packages_skip_test_passed=False, packages_select=['landing_controller'], packages_skip=None, packages_select_regex=None, packages_skip_regex=None, packages_start=None, packages_end=None, allow_overriding=[], cmake_args=None, cmake_target=None, cmake_target_skip_unavailable=False, cmake_clean_cache=False, cmake_clean_first=False, cmake_force_configure=False, ament_cmake_args=None, catkin_cmake_args=None, catkin_skip_building_tests=False, mixin_files=None, mixin=None, verb_parser=<colcon_mixin.mixin.mixin_argument.MixinArgumentDecorator object at 0xffff9a9461a0>, verb_extension=<colcon_core.verb.build.BuildVerb object at 0xffff9a945cf0>, main=<bound method BuildVerb.main of <colcon_core.verb.build.BuildVerb object at 0xffff9a945cf0>>, mixin_verb=('build',))
[0.514s] Level 1:colcon.colcon_core.package_discovery:discover_packages(colcon_meta) check parameters
[0.515s] Level 1:colcon.colcon_core.package_discovery:discover_packages(recursive) check parameters
[0.515s] Level 1:colcon.colcon_core.package_discovery:discover_packages(ignore) check parameters
[0.515s] Level 1:colcon.colcon_core.package_discovery:discover_packages(path) check parameters
[0.515s] Level 1:colcon.colcon_core.package_discovery:discover_packages(colcon_meta) discover
[0.515s] Level 1:colcon.colcon_core.package_discovery:discover_packages(recursive) discover
[0.515s] INFO:colcon.colcon_core.package_discovery:Crawling recursively for packages in '/home/harold/Workspace/Quads_Project'
[0.516s] Level 1:colcon.colcon_core.package_identification:_identify(.) by extensions ['ignore', 'ignore_ament_install']
[0.516s] Level 1:colcon.colcon_core.package_identification:_identify(.) by extension 'ignore'
[0.516s] Level 1:colcon.colcon_core.package_identification:_identify(.) by extension 'ignore_ament_install'
[0.516s] Level 1:colcon.colcon_core.package_identification:_identify(.) by extensions ['colcon_pkg']
[0.516s] Level 1:colcon.colcon_core.package_identification:_identify(.) by extension 'colcon_pkg'
[0.516s] Level 1:colcon.colcon_core.package_identification:_identify(.) by extensions ['colcon_meta']
[0.516s] Level 1:colcon.colcon_core.package_identification:_identify(.) by extension 'colcon_meta'
[0.516s] Level 1:colcon.colcon_core.package_identification:_identify(.) by extensions ['ros']
[0.516s] Level 1:colcon.colcon_core.package_identification:_identify(.) by extension 'ros'
[0.536s] Level 1:colcon.colcon_core.package_identification:_identify(.) by extensions ['cmake', 'python']
[0.537s] Level 1:colcon.colcon_core.package_identification:_identify(.) by extension 'cmake'
[0.537s] Level 1:colcon.colcon_core.package_identification:_identify(.) by extension 'python'
[0.537s] Level 1:colcon.colcon_core.package_identification:_identify(.) by extensions ['python_setup_py']
[0.537s] Level 1:colcon.colcon_core.package_identification:_identify(.) by extension 'python_setup_py'
[0.537s] Level 1:colcon.colcon_core.package_identification:_identify(build) by extensions ['ignore', 'ignore_ament_install']
[0.537s] Level 1:colcon.colcon_core.package_identification:_identify(build) by extension 'ignore'
[0.537s] Level 1:colcon.colcon_core.package_identification:_identify(build) ignored
[0.538s] Level 1:colcon.colcon_core.package_identification:_identify(drone_dev) by extensions ['ignore', 'ignore_ament_install']
[0.538s] Level 1:colcon.colcon_core.package_identification:_identify(drone_dev) by extension 'ignore'
[0.538s] Level 1:colcon.colcon_core.package_identification:_identify(drone_dev) by extension 'ignore_ament_install'
[0.538s] Level 1:colcon.colcon_core.package_identification:_identify(drone_dev) by extensions ['colcon_pkg']
[0.538s] Level 1:colcon.colcon_core.package_identification:_identify(drone_dev) by extension 'colcon_pkg'
[0.538s] Level 1:colcon.colcon_core.package_identification:_identify(drone_dev) by extensions ['colcon_meta']
[0.538s] Level 1:colcon.colcon_core.package_identification:_identify(drone_dev) by extension 'colcon_meta'
[0.538s] Level 1:colcon.colcon_core.package_identification:_identify(drone_dev) by extensions ['ros']
[0.539s] Level 1:colcon.colcon_core.package_identification:_identify(drone_dev) by extension 'ros'
[0.539s] Level 1:colcon.colcon_core.package_identification:_identify(drone_dev) by extensions ['cmake', 'python']
[0.539s] Level 1:colcon.colcon_core.package_identification:_identify(drone_dev) by extension 'cmake'
[0.539s] Level 1:colcon.colcon_core.package_identification:_identify(drone_dev) by extension 'python'
[0.539s] Level 1:colcon.colcon_core.package_identification:_identify(drone_dev) by extensions ['python_setup_py']
[0.539s] Level 1:colcon.colcon_core.package_identification:_identify(drone_dev) by extension 'python_setup_py'
[0.539s] Level 1:colcon.colcon_core.package_identification:_identify(drone_dev/airframe) by extensions ['ignore', 'ignore_ament_install']
[0.539s] Level 1:colcon.colcon_core.package_identification:_identify(drone_dev/airframe) by extension 'ignore'
[0.539s] Level 1:colcon.colcon_core.package_identification:_identify(drone_dev/airframe) by extension 'ignore_ament_install'
[0.540s] Level 1:colcon.colcon_core.package_identification:_identify(drone_dev/airframe) by extensions ['colcon_pkg']
[0.540s] Level 1:colcon.colcon_core.package_identification:_identify(drone_dev/airframe) by extension 'colcon_pkg'
[0.540s] Level 1:colcon.colcon_core.package_identification:_identify(drone_dev/airframe) by extensions ['colcon_meta']
[0.540s] Level 1:colcon.colcon_core.package_identification:_identify(drone_dev/airframe) by extension 'colcon_meta'
[0.540s] Level 1:colcon.colcon_core.package_identification:_identify(drone_dev/airframe) by extensions ['ros']
[0.540s] Level 1:colcon.colcon_core.package_identification:_identify(drone_dev/airframe) by extension 'ros'
[0.540s] Level 1:colcon.colcon_core.package_identification:_identify(drone_dev/airframe) by extensions ['cmake', 'python']
[0.540s] Level 1:colcon.colcon_core.package_identification:_identify(drone_dev/airframe) by extension 'cmake'
[0.540s] Level 1:colcon.colcon_core.package_identification:_identify(drone_dev/airframe) by extension 'python'
[0.540s] Level 1:colcon.colcon_core.package_identification:_identify(drone_dev/airframe) by extensions ['python_setup_py']
[0.540s] Level 1:colcon.colcon_core.package_identification:_identify(drone_dev/airframe) by extension 'python_setup_py'
[0.541s] Level 1:colcon.colcon_core.package_identification:_identify(drone_dev/build) by extensions ['ignore', 'ignore_ament_install']
[0.541s] Level 1:colcon.colcon_core.package_identification:_identify(drone_dev/build) by extension 'ignore'
[0.541s] Level 1:colcon.colcon_core.package_identification:_identify(drone_dev/build) ignored
[0.541s] Level 1:colcon.colcon_core.package_identification:_identify(drone_dev/install) by extensions ['ignore', 'ignore_ament_install']
[0.541s] Level 1:colcon.colcon_core.package_identification:_identify(drone_dev/install) by extension 'ignore'
[0.541s] Level 1:colcon.colcon_core.package_identification:_identify(drone_dev/install) ignored
[0.541s] Level 1:colcon.colcon_core.package_identification:_identify(drone_dev/log) by extensions ['ignore', 'ignore_ament_install']
[0.542s] Level 1:colcon.colcon_core.package_identification:_identify(drone_dev/log) by extension 'ignore'
[0.542s] Level 1:colcon.colcon_core.package_identification:_identify(drone_dev/log) ignored
[0.542s] Level 1:colcon.colcon_core.package_identification:_identify(drone_dev/src) by extensions ['ignore', 'ignore_ament_install']
[0.542s] Level 1:colcon.colcon_core.package_identification:_identify(drone_dev/src) by extension 'ignore'
[0.542s] Level 1:colcon.colcon_core.package_identification:_identify(drone_dev/src) by extension 'ignore_ament_install'
[0.542s] Level 1:colcon.colcon_core.package_identification:_identify(drone_dev/src) by extensions ['colcon_pkg']
[0.542s] Level 1:colcon.colcon_core.package_identification:_identify(drone_dev/src) by extension 'colcon_pkg'
[0.542s] Level 1:colcon.colcon_core.package_identification:_identify(drone_dev/src) by extensions ['colcon_meta']
[0.542s] Level 1:colcon.colcon_core.package_identification:_identify(drone_dev/src) by extension 'colcon_meta'
[0.543s] Level 1:colcon.colcon_core.package_identification:_identify(drone_dev/src) by extensions ['ros']
[0.543s] Level 1:colcon.colcon_core.package_identification:_identify(drone_dev/src) by extension 'ros'
[0.543s] Level 1:colcon.colcon_core.package_identification:_identify(drone_dev/src) by extensions ['cmake', 'python']
[0.543s] Level 1:colcon.colcon_core.package_identification:_identify(drone_dev/src) by extension 'cmake'
[0.543s] Level 1:colcon.colcon_core.package_identification:_identify(drone_dev/src) by extension 'python'
[0.543s] Level 1:colcon.colcon_core.package_identification:_identify(drone_dev/src) by extensions ['python_setup_py']
[0.543s] Level 1:colcon.colcon_core.package_identification:_identify(drone_dev/src) by extension 'python_setup_py'
[0.543s] Level 1:colcon.colcon_core.package_identification:_identify(drone_dev/src/ArUco_detector_node) by extensions ['ignore', 'ignore_ament_install']
[0.543s] Level 1:colcon.colcon_core.package_identification:_identify(drone_dev/src/ArUco_detector_node) by extension 'ignore'
[0.544s] Level 1:colcon.colcon_core.package_identification:_identify(drone_dev/src/ArUco_detector_node) by extension 'ignore_ament_install'
[0.544s] Level 1:colcon.colcon_core.package_identification:_identify(drone_dev/src/ArUco_detector_node) by extensions ['colcon_pkg']
[0.544s] Level 1:colcon.colcon_core.package_identification:_identify(drone_dev/src/ArUco_detector_node) by extension 'colcon_pkg'
[0.544s] Level 1:colcon.colcon_core.package_identification:_identify(drone_dev/src/ArUco_detector_node) by extensions ['colcon_meta']
[0.544s] Level 1:colcon.colcon_core.package_identification:_identify(drone_dev/src/ArUco_detector_node) by extension 'colcon_meta'
[0.544s] Level 1:colcon.colcon_core.package_identification:_identify(drone_dev/src/ArUco_detector_node) by extensions ['ros']
[0.544s] Level 1:colcon.colcon_core.package_identification:_identify(drone_dev/src/ArUco_detector_node) by extension 'ros'
[0.549s] DEBUG:colcon.colcon_core.package_identification:Package 'drone_dev/src/ArUco_detector_node' with type 'ros.ament_python' and name 'aruco_detector_node'
[0.549s] Level 1:colcon.colcon_core.package_identification:_identify(drone_dev/src/csi_camera_node) by extensions ['ignore', 'ignore_ament_install']
[0.550s] Level 1:colcon.colcon_core.package_identification:_identify(drone_dev/src/csi_camera_node) by extension 'ignore'
[0.550s] Level 1:colcon.colcon_core.package_identification:_identify(drone_dev/src/csi_camera_node) by extension 'ignore_ament_install'
[0.550s] Level 1:colcon.colcon_core.package_identification:_identify(drone_dev/src/csi_camera_node) by extensions ['colcon_pkg']
[0.550s] Level 1:colcon.colcon_core.package_identification:_identify(drone_dev/src/csi_camera_node) by extension 'colcon_pkg'
[0.550s] Level 1:colcon.colcon_core.package_identification:_identify(drone_dev/src/csi_camera_node) by extensions ['colcon_meta']
[0.550s] Level 1:colcon.colcon_core.package_identification:_identify(drone_dev/src/csi_camera_node) by extension 'colcon_meta'
[0.550s] Level 1:colcon.colcon_core.package_identification:_identify(drone_dev/src/csi_camera_node) by extensions ['ros']
[0.550s] Level 1:colcon.colcon_core.package_identification:_identify(drone_dev/src/csi_camera_node) by extension 'ros'
[0.552s] DEBUG:colcon.colcon_core.package_identification:Package 'drone_dev/src/csi_camera_node' with type 'ros.ament_python' and name 'csi_camera_publisher'
[0.552s] Level 1:colcon.colcon_core.package_identification:_identify(drone_dev/src/landing_controller_node) by extensions ['ignore', 'ignore_ament_install']
[0.552s] Level 1:colcon.colcon_core.package_identification:_identify(drone_dev/src/landing_controller_node) by extension 'ignore'
[0.552s] Level 1:colcon.colcon_core.package_identification:_identify(drone_dev/src/landing_controller_node) by extension 'ignore_ament_install'
[0.552s] Level 1:colcon.colcon_core.package_identification:_identify(drone_dev/src/landing_controller_node) by extensions ['colcon_pkg']
[0.552s] Level 1:colcon.colcon_core.package_identification:_identify(drone_dev/src/landing_controller_node) by extension 'colcon_pkg'
[0.552s] Level 1:colcon.colcon_core.package_identification:_identify(drone_dev/src/landing_controller_node) by extensions ['colcon_meta']
[0.553s] Level 1:colcon.colcon_core.package_identification:_identify(drone_dev/src/landing_controller_node) by extension 'colcon_meta'
[0.553s] Level 1:colcon.colcon_core.package_identification:_identify(drone_dev/src/landing_controller_node) by extensions ['ros']
[0.553s] Level 1:colcon.colcon_core.package_identification:_identify(drone_dev/src/landing_controller_node) by extension 'ros'
[0.554s] DEBUG:colcon.colcon_core.package_identification:Package 'drone_dev/src/landing_controller_node' with type 'ros.ament_python' and name 'landing_controller'
[0.554s] Level 1:colcon.colcon_core.package_identification:_identify(drone_dev/tools) by extensions ['ignore', 'ignore_ament_install']
[0.554s] Level 1:colcon.colcon_core.package_identification:_identify(drone_dev/tools) by extension 'ignore'
[0.554s] Level 1:colcon.colcon_core.package_identification:_identify(drone_dev/tools) by extension 'ignore_ament_install'
[0.554s] Level 1:colcon.colcon_core.package_identification:_identify(drone_dev/tools) by extensions ['colcon_pkg']
[0.554s] Level 1:colcon.colcon_core.package_identification:_identify(drone_dev/tools) by extension 'colcon_pkg'
[0.555s] Level 1:colcon.colcon_core.package_identification:_identify(drone_dev/tools) by extensions ['colcon_meta']
[0.555s] Level 1:colcon.colcon_core.package_identification:_identify(drone_dev/tools) by extension 'colcon_meta'
[0.555s] Level 1:colcon.colcon_core.package_identification:_identify(drone_dev/tools) by extensions ['ros']
[0.555s] Level 1:colcon.colcon_core.package_identification:_identify(drone_dev/tools) by extension 'ros'
[0.555s] Level 1:colcon.colcon_core.package_identification:_identify(drone_dev/tools) by extensions ['cmake', 'python']
[0.555s] Level 1:colcon.colcon_core.package_identification:_identify(drone_dev/tools) by extension 'cmake'
[0.555s] Level 1:colcon.colcon_core.package_identification:_identify(drone_dev/tools) by extension 'python'
[0.555s] Level 1:colcon.colcon_core.package_identification:_identify(drone_dev/tools) by extensions ['python_setup_py']
[0.555s] Level 1:colcon.colcon_core.package_identification:_identify(drone_dev/tools) by extension 'python_setup_py'
[0.555s] Level 1:colcon.colcon_core.package_identification:_identify(drone_dev_sim) by extensions ['ignore', 'ignore_ament_install']
[0.556s] Level 1:colcon.colcon_core.package_identification:_identify(drone_dev_sim) by extension 'ignore'
[0.556s] Level 1:colcon.colcon_core.package_identification:_identify(drone_dev_sim) by extension 'ignore_ament_install'
[0.556s] Level 1:colcon.colcon_core.package_identification:_identify(drone_dev_sim) by extensions ['colcon_pkg']
[0.556s] Level 1:colcon.colcon_core.package_identification:_identify(drone_dev_sim) by extension 'colcon_pkg'
[0.556s] Level 1:colcon.colcon_core.package_identification:_identify(drone_dev_sim) by extensions ['colcon_meta']
[0.556s] Level 1:colcon.colcon_core.package_identification:_identify(drone_dev_sim) by extension 'colcon_meta'
[0.556s] Level 1:colcon.colcon_core.package_identification:_identify(drone_dev_sim) by extensions ['ros']
[0.556s] Level 1:colcon.colcon_core.package_identification:_identify(drone_dev_sim) by extension 'ros'
[0.556s] Level 1:colcon.colcon_core.package_identification:_identify(drone_dev_sim) by extensions ['cmake', 'python']
[0.556s] Level 1:colcon.colcon_core.package_identification:_identify(drone_dev_sim) by extension 'cmake'
[0.564s] Level 1:colcon.colcon_core.package_identification:_identify(drone_dev_sim) by extension 'python'
[0.564s] DEBUG:colcon.colcon_core.package_identification:Package 'drone_dev_sim' with type 'cmake' and name 'drone_dev_sim'
[0.564s] Level 1:colcon.colcon_core.package_identification:_identify(install) by extensions ['ignore', 'ignore_ament_install']
[0.564s] Level 1:colcon.colcon_core.package_identification:_identify(install) by extension 'ignore'
[0.564s] Level 1:colcon.colcon_core.package_identification:_identify(install) ignored
[0.564s] Level 1:colcon.colcon_core.package_identification:_identify(landingPadDetection) by extensions ['ignore', 'ignore_ament_install']
[0.565s] Level 1:colcon.colcon_core.package_identification:_identify(landingPadDetection) by extension 'ignore'
[0.565s] Level 1:colcon.colcon_core.package_identification:_identify(landingPadDetection) by extension 'ignore_ament_install'
[0.565s] Level 1:colcon.colcon_core.package_identification:_identify(landingPadDetection) by extensions ['colcon_pkg']
[0.565s] Level 1:colcon.colcon_core.package_identification:_identify(landingPadDetection) by extension 'colcon_pkg'
[0.565s] Level 1:colcon.colcon_core.package_identification:_identify(landingPadDetection) by extensions ['colcon_meta']
[0.565s] Level 1:colcon.colcon_core.package_identification:_identify(landingPadDetection) by extension 'colcon_meta'
[0.565s] Level 1:colcon.colcon_core.package_identification:_identify(landingPadDetection) by extensions ['ros']
[0.565s] Level 1:colcon.colcon_core.package_identification:_identify(landingPadDetection) by extension 'ros'
[0.565s] Level 1:colcon.colcon_core.package_identification:_identify(landingPadDetection) by extensions ['cmake', 'python']
[0.565s] Level 1:colcon.colcon_core.package_identification:_identify(landingPadDetection) by extension 'cmake'
[0.566s] Level 1:colcon.colcon_core.package_identification:_identify(landingPadDetection) by extension 'python'
[0.566s] Level 1:colcon.colcon_core.package_identification:_identify(landingPadDetection) by extensions ['python_setup_py']
[0.566s] Level 1:colcon.colcon_core.package_identification:_identify(landingPadDetection) by extension 'python_setup_py'
[0.566s] Level 1:colcon.colcon_core.package_identification:_identify(landingPadDetection/Camera_calibration_Im219) by extensions ['ignore', 'ignore_ament_install']
[0.566s] Level 1:colcon.colcon_core.package_identification:_identify(landingPadDetection/Camera_calibration_Im219) by extension 'ignore'
[0.566s] Level 1:colcon.colcon_core.package_identification:_identify(landingPadDetection/Camera_calibration_Im219) by extension 'ignore_ament_install'
[0.566s] Level 1:colcon.colcon_core.package_identification:_identify(landingPadDetection/Camera_calibration_Im219) by extensions ['colcon_pkg']
[0.566s] Level 1:colcon.colcon_core.package_identification:_identify(landingPadDetection/Camera_calibration_Im219) by extension 'colcon_pkg'
[0.566s] Level 1:colcon.colcon_core.package_identification:_identify(landingPadDetection/Camera_calibration_Im219) by extensions ['colcon_meta']
[0.566s] Level 1:colcon.colcon_core.package_identification:_identify(landingPadDetection/Camera_calibration_Im219) by extension 'colcon_meta'
[0.567s] Level 1:colcon.colcon_core.package_identification:_identify(landingPadDetection/Camera_calibration_Im219) by extensions ['ros']
[0.567s] Level 1:colcon.colcon_core.package_identification:_identify(landingPadDetection/Camera_calibration_Im219) by extension 'ros'
[0.567s] Level 1:colcon.colcon_core.package_identification:_identify(landingPadDetection/Camera_calibration_Im219) by extensions ['cmake', 'python']
[0.567s] Level 1:colcon.colcon_core.package_identification:_identify(landingPadDetection/Camera_calibration_Im219) by extension 'cmake'
[0.567s] Level 1:colcon.colcon_core.package_identification:_identify(landingPadDetection/Camera_calibration_Im219) by extension 'python'
[0.567s] Level 1:colcon.colcon_core.package_identification:_identify(landingPadDetection/Camera_calibration_Im219) by extensions ['python_setup_py']
[0.567s] Level 1:colcon.colcon_core.package_identification:_identify(landingPadDetection/Camera_calibration_Im219) by extension 'python_setup_py'
[0.567s] Level 1:colcon.colcon_core.package_identification:_identify(landingPadDetection/Camera_calibration_Im219/ images_taken) by extensions ['ignore', 'ignore_ament_install']
[0.567s] Level 1:colcon.colcon_core.package_identification:_identify(landingPadDetection/Camera_calibration_Im219/ images_taken) by extension 'ignore'
[0.568s] Level 1:colcon.colcon_core.package_identification:_identify(landingPadDetection/Camera_calibration_Im219/ images_taken) by extension 'ignore_ament_install'
[0.568s] Level 1:colcon.colcon_core.package_identification:_identify(landingPadDetection/Camera_calibration_Im219/ images_taken) by extensions ['colcon_pkg']
[0.568s] Level 1:colcon.colcon_core.package_identification:_identify(landingPadDetection/Camera_calibration_Im219/ images_taken) by extension 'colcon_pkg'
[0.568s] Level 1:colcon.colcon_core.package_identification:_identify(landingPadDetection/Camera_calibration_Im219/ images_taken) by extensions ['colcon_meta']
[0.568s] Level 1:colcon.colcon_core.package_identification:_identify(landingPadDetection/Camera_calibration_Im219/ images_taken) by extension 'colcon_meta'
[0.568s] Level 1:colcon.colcon_core.package_identification:_identify(landingPadDetection/Camera_calibration_Im219/ images_taken) by extensions ['ros']
[0.568s] Level 1:colcon.colcon_core.package_identification:_identify(landingPadDetection/Camera_calibration_Im219/ images_taken) by extension 'ros'
[0.568s] Level 1:colcon.colcon_core.package_identification:_identify(landingPadDetection/Camera_calibration_Im219/ images_taken) by extensions ['cmake', 'python']
[0.568s] Level 1:colcon.colcon_core.package_identification:_identify(landingPadDetection/Camera_calibration_Im219/ images_taken) by extension 'cmake'
[0.568s] Level 1:colcon.colcon_core.package_identification:_identify(landingPadDetection/Camera_calibration_Im219/ images_taken) by extension 'python'
[0.568s] Level 1:colcon.colcon_core.package_identification:_identify(landingPadDetection/Camera_calibration_Im219/ images_taken) by extensions ['python_setup_py']
[0.569s] Level 1:colcon.colcon_core.package_identification:_identify(landingPadDetection/Camera_calibration_Im219/ images_taken) by extension 'python_setup_py'
[0.569s] Level 1:colcon.colcon_core.package_identification:_identify(landingPadDetection/Camera_calibration_OV9218) by extensions ['ignore', 'ignore_ament_install']
[0.569s] Level 1:colcon.colcon_core.package_identification:_identify(landingPadDetection/Camera_calibration_OV9218) by extension 'ignore'
[0.569s] Level 1:colcon.colcon_core.package_identification:_identify(landingPadDetection/Camera_calibration_OV9218) by extension 'ignore_ament_install'
[0.569s] Level 1:colcon.colcon_core.package_identification:_identify(landingPadDetection/Camera_calibration_OV9218) by extensions ['colcon_pkg']
[0.569s] Level 1:colcon.colcon_core.package_identification:_identify(landingPadDetection/Camera_calibration_OV9218) by extension 'colcon_pkg'
[0.569s] Level 1:colcon.colcon_core.package_identification:_identify(landingPadDetection/Camera_calibration_OV9218) by extensions ['colcon_meta']
[0.569s] Level 1:colcon.colcon_core.package_identification:_identify(landingPadDetection/Camera_calibration_OV9218) by extension 'colcon_meta'
[0.569s] Level 1:colcon.colcon_core.package_identification:_identify(landingPadDetection/Camera_calibration_OV9218) by extensions ['ros']
[0.569s] Level 1:colcon.colcon_core.package_identification:_identify(landingPadDetection/Camera_calibration_OV9218) by extension 'ros'
[0.570s] Level 1:colcon.colcon_core.package_identification:_identify(landingPadDetection/Camera_calibration_OV9218) by extensions ['cmake', 'python']
[0.570s] Level 1:colcon.colcon_core.package_identification:_identify(landingPadDetection/Camera_calibration_OV9218) by extension 'cmake'
[0.570s] Level 1:colcon.colcon_core.package_identification:_identify(landingPadDetection/Camera_calibration_OV9218) by extension 'python'
[0.570s] Level 1:colcon.colcon_core.package_identification:_identify(landingPadDetection/Camera_calibration_OV9218) by extensions ['python_setup_py']
[0.570s] Level 1:colcon.colcon_core.package_identification:_identify(landingPadDetection/Camera_calibration_OV9218) by extension 'python_setup_py'
[0.570s] Level 1:colcon.colcon_core.package_identification:_identify(landingPadDetection/Camera_calibration_OV9218/__pycache__) by extensions ['ignore', 'ignore_ament_install']
[0.570s] Level 1:colcon.colcon_core.package_identification:_identify(landingPadDetection/Camera_calibration_OV9218/__pycache__) by extension 'ignore'
[0.570s] Level 1:colcon.colcon_core.package_identification:_identify(landingPadDetection/Camera_calibration_OV9218/__pycache__) by extension 'ignore_ament_install'
[0.570s] Level 1:colcon.colcon_core.package_identification:_identify(landingPadDetection/Camera_calibration_OV9218/__pycache__) by extensions ['colcon_pkg']
[0.570s] Level 1:colcon.colcon_core.package_identification:_identify(landingPadDetection/Camera_calibration_OV9218/__pycache__) by extension 'colcon_pkg'
[0.571s] Level 1:colcon.colcon_core.package_identification:_identify(landingPadDetection/Camera_calibration_OV9218/__pycache__) by extensions ['colcon_meta']
[0.571s] Level 1:colcon.colcon_core.package_identification:_identify(landingPadDetection/Camera_calibration_OV9218/__pycache__) by extension 'colcon_meta'
[0.571s] Level 1:colcon.colcon_core.package_identification:_identify(landingPadDetection/Camera_calibration_OV9218/__pycache__) by extensions ['ros']
[0.571s] Level 1:colcon.colcon_core.package_identification:_identify(landingPadDetection/Camera_calibration_OV9218/__pycache__) by extension 'ros'
[0.571s] Level 1:colcon.colcon_core.package_identification:_identify(landingPadDetection/Camera_calibration_OV9218/__pycache__) by extensions ['cmake', 'python']
[0.571s] Level 1:colcon.colcon_core.package_identification:_identify(landingPadDetection/Camera_calibration_OV9218/__pycache__) by extension 'cmake'
[0.571s] Level 1:colcon.colcon_core.package_identification:_identify(landingPadDetection/Camera_calibration_OV9218/__pycache__) by extension 'python'
[0.571s] Level 1:colcon.colcon_core.package_identification:_identify(landingPadDetection/Camera_calibration_OV9218/__pycache__) by extensions ['python_setup_py']
[0.571s] Level 1:colcon.colcon_core.package_identification:_identify(landingPadDetection/Camera_calibration_OV9218/__pycache__) by extension 'python_setup_py'
[0.571s] Level 1:colcon.colcon_core.package_identification:_identify(landingPadDetection/Camera_calibration_OV9218/image_taken) by extensions ['ignore', 'ignore_ament_install']
[0.572s] Level 1:colcon.colcon_core.package_identification:_identify(landingPadDetection/Camera_calibration_OV9218/image_taken) by extension 'ignore'
[0.572s] Level 1:colcon.colcon_core.package_identification:_identify(landingPadDetection/Camera_calibration_OV9218/image_taken) by extension 'ignore_ament_install'
[0.572s] Level 1:colcon.colcon_core.package_identification:_identify(landingPadDetection/Camera_calibration_OV9218/image_taken) by extensions ['colcon_pkg']
[0.572s] Level 1:colcon.colcon_core.package_identification:_identify(landingPadDetection/Camera_calibration_OV9218/image_taken) by extension 'colcon_pkg'
[0.572s] Level 1:colcon.colcon_core.package_identification:_identify(landingPadDetection/Camera_calibration_OV9218/image_taken) by extensions ['colcon_meta']
[0.572s] Level 1:colcon.colcon_core.package_identification:_identify(landingPadDetection/Camera_calibration_OV9218/image_taken) by extension 'colcon_meta'
[0.572s] Level 1:colcon.colcon_core.package_identification:_identify(landingPadDetection/Camera_calibration_OV9218/image_taken) by extensions ['ros']
[0.572s] Level 1:colcon.colcon_core.package_identification:_identify(landingPadDetection/Camera_calibration_OV9218/image_taken) by extension 'ros'
[0.572s] Level 1:colcon.colcon_core.package_identification:_identify(landingPadDetection/Camera_calibration_OV9218/image_taken) by extensions ['cmake', 'python']
[0.572s] Level 1:colcon.colcon_core.package_identification:_identify(landingPadDetection/Camera_calibration_OV9218/image_taken) by extension 'cmake'
[0.572s] Level 1:colcon.colcon_core.package_identification:_identify(landingPadDetection/Camera_calibration_OV9218/image_taken) by extension 'python'
[0.573s] Level 1:colcon.colcon_core.package_identification:_identify(landingPadDetection/Camera_calibration_OV9218/image_taken) by extensions ['python_setup_py']
[0.573s] Level 1:colcon.colcon_core.package_identification:_identify(landingPadDetection/Camera_calibration_OV9218/image_taken) by extension 'python_setup_py'
[0.573s] Level 1:colcon.colcon_core.package_identification:_identify(landingPadDetection/__pycache__) by extensions ['ignore', 'ignore_ament_install']
[0.573s] Level 1:colcon.colcon_core.package_identification:_identify(landingPadDetection/__pycache__) by extension 'ignore'
[0.573s] Level 1:colcon.colcon_core.package_identification:_identify(landingPadDetection/__pycache__) by extension 'ignore_ament_install'
[0.573s] Level 1:colcon.colcon_core.package_identification:_identify(landingPadDetection/__pycache__) by extensions ['colcon_pkg']
[0.573s] Level 1:colcon.colcon_core.package_identification:_identify(landingPadDetection/__pycache__) by extension 'colcon_pkg'
[0.573s] Level 1:colcon.colcon_core.package_identification:_identify(landingPadDetection/__pycache__) by extensions ['colcon_meta']
[0.573s] Level 1:colcon.colcon_core.package_identification:_identify(landingPadDetection/__pycache__) by extension 'colcon_meta'
[0.573s] Level 1:colcon.colcon_core.package_identification:_identify(landingPadDetection/__pycache__) by extensions ['ros']
[0.573s] Level 1:colcon.colcon_core.package_identification:_identify(landingPadDetection/__pycache__) by extension 'ros'
[0.574s] Level 1:colcon.colcon_core.package_identification:_identify(landingPadDetection/__pycache__) by extensions ['cmake', 'python']
[0.574s] Level 1:colcon.colcon_core.package_identification:_identify(landingPadDetection/__pycache__) by extension 'cmake'
[0.574s] Level 1:colcon.colcon_core.package_identification:_identify(landingPadDetection/__pycache__) by extension 'python'
[0.574s] Level 1:colcon.colcon_core.package_identification:_identify(landingPadDetection/__pycache__) by extensions ['python_setup_py']
[0.574s] Level 1:colcon.colcon_core.package_identification:_identify(landingPadDetection/__pycache__) by extension 'python_setup_py'
[0.574s] Level 1:colcon.colcon_core.package_identification:_identify(landingPadDetection/mac_carera__) by extensions ['ignore', 'ignore_ament_install']
[0.574s] Level 1:colcon.colcon_core.package_identification:_identify(landingPadDetection/mac_carera__) by extension 'ignore'
[0.574s] Level 1:colcon.colcon_core.package_identification:_identify(landingPadDetection/mac_carera__) by extension 'ignore_ament_install'
[0.574s] Level 1:colcon.colcon_core.package_identification:_identify(landingPadDetection/mac_carera__) by extensions ['colcon_pkg']
[0.574s] Level 1:colcon.colcon_core.package_identification:_identify(landingPadDetection/mac_carera__) by extension 'colcon_pkg'
[0.575s] Level 1:colcon.colcon_core.package_identification:_identify(landingPadDetection/mac_carera__) by extensions ['colcon_meta']
[0.575s] Level 1:colcon.colcon_core.package_identification:_identify(landingPadDetection/mac_carera__) by extension 'colcon_meta'
[0.575s] Level 1:colcon.colcon_core.package_identification:_identify(landingPadDetection/mac_carera__) by extensions ['ros']
[0.575s] Level 1:colcon.colcon_core.package_identification:_identify(landingPadDetection/mac_carera__) by extension 'ros'
[0.575s] Level 1:colcon.colcon_core.package_identification:_identify(landingPadDetection/mac_carera__) by extensions ['cmake', 'python']
[0.575s] Level 1:colcon.colcon_core.package_identification:_identify(landingPadDetection/mac_carera__) by extension 'cmake'
[0.575s] Level 1:colcon.colcon_core.package_identification:_identify(landingPadDetection/mac_carera__) by extension 'python'
[0.575s] Level 1:colcon.colcon_core.package_identification:_identify(landingPadDetection/mac_carera__) by extensions ['python_setup_py']
[0.575s] Level 1:colcon.colcon_core.package_identification:_identify(landingPadDetection/mac_carera__) by extension 'python_setup_py'
[0.575s] Level 1:colcon.colcon_core.package_identification:_identify(log) by extensions ['ignore', 'ignore_ament_install']
[0.576s] Level 1:colcon.colcon_core.package_identification:_identify(log) by extension 'ignore'
[0.576s] Level 1:colcon.colcon_core.package_identification:_identify(log) ignored
[0.576s] Level 1:colcon.colcon_core.package_discovery:discover_packages(recursive) using defaults
[0.576s] Level 1:colcon.colcon_core.package_discovery:discover_packages(ignore) discover
[0.576s] Level 1:colcon.colcon_core.package_discovery:discover_packages(ignore) using defaults
[0.576s] Level 1:colcon.colcon_core.package_discovery:discover_packages(path) discover
[0.576s] Level 1:colcon.colcon_core.package_discovery:discover_packages(path) using defaults
[0.642s] INFO:colcon.colcon_core.package_selection:Skipping not selected package 'aruco_detector_node' in 'drone_dev/src/ArUco_detector_node'
[0.642s] INFO:colcon.colcon_core.package_selection:Skipping not selected package 'csi_camera_publisher' in 'drone_dev/src/csi_camera_node'
[0.642s] INFO:colcon.colcon_core.package_selection:Skipping not selected package 'drone_dev_sim' in 'drone_dev_sim'
[0.643s] Level 1:colcon.colcon_core.package_discovery:discover_packages(prefix_path) check parameters
[0.643s] Level 1:colcon.colcon_core.package_discovery:discover_packages(prefix_path) discover
[0.647s] DEBUG:colcon.colcon_installed_package_information.package_discovery:Found 280 installed packages in /opt/ros/humble
[0.649s] Level 1:colcon.colcon_core.package_discovery:discover_packages(prefix_path) using defaults
[0.718s] Level 5:colcon.colcon_core.verb:set package 'landing_controller' build argument 'cmake_args' from command line to 'None'
[0.718s] Level 5:colcon.colcon_core.verb:set package 'landing_controller' build argument 'cmake_target' from command line to 'None'
[0.718s] Level 5:colcon.colcon_core.verb:set package 'landing_controller' build argument 'cmake_target_skip_unavailable' from command line to 'False'
[0.718s] Level 5:colcon.colcon_core.verb:set package 'landing_controller' build argument 'cmake_clean_cache' from command line to 'False'
[0.718s] Level 5:colcon.colcon_core.verb:set package 'landing_controller' build argument 'cmake_clean_first' from command line to 'False'
[0.718s] Level 5:colcon.colcon_core.verb:set package 'landing_controller' build argument 'cmake_force_configure' from command line to 'False'
[0.718s] Level 5:colcon.colcon_core.verb:set package 'landing_controller' build argument 'ament_cmake_args' from command line to 'None'
[0.718s] Level 5:colcon.colcon_core.verb:set package 'landing_controller' build argument 'catkin_cmake_args' from command line to 'None'
[0.718s] Level 5:colcon.colcon_core.verb:set package 'landing_controller' build argument 'catkin_skip_building_tests' from command line to 'False'
[0.719s] DEBUG:colcon.colcon_core.verb:Building package 'landing_controller' with the following arguments: {'ament_cmake_args': None, 'build_base': '/home/harold/Workspace/Quads_Project/build/landing_controller', 'catkin_cmake_args': None, 'catkin_skip_building_tests': False, 'cmake_args': None, 'cmake_clean_cache': False, 'cmake_clean_first': False, 'cmake_force_configure': False, 'cmake_target': None, 'cmake_target_skip_unavailable': False, 'install_base': '/home/harold/Workspace/Quads_Project/install/landing_controller', 'merge_install': False, 'path': '/home/harold/Workspace/Quads_Project/drone_dev/src/landing_controller_node', 'symlink_install': False, 'test_result_base': None}
[0.719s] INFO:colcon.colcon_core.executor:Executing jobs using 'parallel' executor
[0.721s] DEBUG:colcon.colcon_parallel_executor.executor.parallel:run_until_complete
[0.721s] INFO:colcon.colcon_ros.task.ament_python.build:Building ROS package in '/home/harold/Workspace/Quads_Project/drone_dev/src/landing_controller_node' with build type 'ament_python'
[0.722s] Level 1:colcon.colcon_core.shell:create_environment_hook('landing_controller', 'ament_prefix_path')
[0.725s] INFO:colcon.colcon_core.plugin_system:Skipping extension 'colcon_core.shell.bat': Not used on non-Windows systems
[0.726s] INFO:colcon.colcon_core.shell:Creating environment hook '/home/harold/Workspace/Quads_Project/install/landing_controller/share/landing_controller/hook/ament_prefix_path.ps1'
[0.727s] INFO:colcon.colcon_core.shell:Creating environment descriptor '/home/harold/Workspace/Quads_Project/install/landing_controller/share/landing_controller/hook/ament_prefix_path.dsv'
[0.728s] INFO:colcon.colcon_core.shell:Creating environment hook '/home/harold/Workspace/Quads_Project/install/landing_controller/share/landing_controller/hook/ament_prefix_path.sh'
[0.730s] INFO:colcon.colcon_core.shell:Skip shell extension 'powershell' for command environment: Not usable outside of PowerShell
[0.730s] DEBUG:colcon.colcon_core.shell:Skip shell extension 'dsv' for command environment
[1.215s] INFO:colcon.colcon_core.task.python.build:Building Python package in '/home/harold/Workspace/Quads_Project/drone_dev/src/landing_controller_node'
[1.215s] INFO:colcon.colcon_core.shell:Skip shell extension 'powershell' for command environment: Not usable outside of PowerShell
[1.216s] DEBUG:colcon.colcon_core.shell:Skip shell extension 'dsv' for command environment
[1.912s] DEBUG:colcon.colcon_core.event_handler.log_command:Invoking command in '/home/harold/Workspace/Quads_Project/drone_dev/src/landing_controller_node': PYTHONPATH=/home/harold/Workspace/Quads_Project/build/landing_controller/prefix_override:/usr/lib/python3/dist-packages/colcon_core/task/python/colcon_distutils_commands:/home/harold/Workspace/Quads_Project/install/landing_controller/lib/python3.10/site-packages:${PYTHONPATH} /usr/bin/python3 -W ignore:setup.py install is deprecated -W ignore:easy_install command is deprecated setup.py egg_info --egg-base ../../../build/landing_controller build --build-base /home/harold/Workspace/Quads_Project/build/landing_controller/build install --record /home/harold/Workspace/Quads_Project/build/landing_controller/install.log --single-version-externally-managed install_data
[2.483s] DEBUG:colcon.colcon_core.event_handler.log_command:Invoked command in '/home/harold/Workspace/Quads_Project/drone_dev/src/landing_controller_node' returned '0': PYTHONPATH=/home/harold/Workspace/Quads_Project/build/landing_controller/prefix_override:/usr/lib/python3/dist-packages/colcon_core/task/python/colcon_distutils_commands:/home/harold/Workspace/Quads_Project/install/landing_controller/lib/python3.10/site-packages:${PYTHONPATH} /usr/bin/python3 -W ignore:setup.py install is deprecated -W ignore:easy_install command is deprecated setup.py egg_info --egg-base ../../../build/landing_controller build --build-base /home/harold/Workspace/Quads_Project/build/landing_controller/build install --record /home/harold/Workspace/Quads_Project/build/landing_controller/install.log --single-version-externally-managed install_data
[2.488s] Level 1:colcon.colcon_core.environment:checking '/home/harold/Workspace/Quads_Project/install/landing_controller' for CMake module files
[2.489s] Level 1:colcon.colcon_core.environment:checking '/home/harold/Workspace/Quads_Project/install/landing_controller' for CMake config files
[2.491s] Level 1:colcon.colcon_core.environment:checking '/home/harold/Workspace/Quads_Project/install/landing_controller/lib'
[2.491s] Level 1:colcon.colcon_core.environment:checking '/home/harold/Workspace/Quads_Project/install/landing_controller/bin'
[2.491s] Level 1:colcon.colcon_core.shell:create_environment_hook('landing_controller', 'path')
[2.492s] INFO:colcon.colcon_core.shell:Creating environment hook '/home/harold/Workspace/Quads_Project/install/landing_controller/share/landing_controller/hook/path.ps1'
[2.493s] INFO:colcon.colcon_core.shell:Creating environment descriptor '/home/harold/Workspace/Quads_Project/install/landing_controller/share/landing_controller/hook/path.dsv'
[2.494s] INFO:colcon.colcon_core.shell:Creating environment hook '/home/harold/Workspace/Quads_Project/install/landing_controller/share/landing_controller/hook/path.sh'
[2.495s] Level 1:colcon.colcon_core.environment:checking '/home/harold/Workspace/Quads_Project/install/landing_controller/lib/pkgconfig/landing_controller.pc'
[2.495s] Level 1:colcon.colcon_core.environment:checking '/home/harold/Workspace/Quads_Project/install/landing_controller/lib/python3.10/site-packages'
[2.496s] Level 1:colcon.colcon_core.shell:create_environment_hook('landing_controller', 'pythonpath')
[2.496s] INFO:colcon.colcon_core.shell:Creating environment hook '/home/harold/Workspace/Quads_Project/install/landing_controller/share/landing_controller/hook/pythonpath.ps1'
[2.497s] INFO:colcon.colcon_core.shell:Creating environment descriptor '/home/harold/Workspace/Quads_Project/install/landing_controller/share/landing_controller/hook/pythonpath.dsv'
[2.498s] INFO:colcon.colcon_core.shell:Creating environment hook '/home/harold/Workspace/Quads_Project/install/landing_controller/share/landing_controller/hook/pythonpath.sh'
[2.499s] Level 1:colcon.colcon_core.environment:checking '/home/harold/Workspace/Quads_Project/install/landing_controller/bin'
[2.500s] Level 1:colcon.colcon_core.shell:create_environment_hook('landing_controller', 'pythonscriptspath')
[2.500s] INFO:colcon.colcon_core.shell:Creating environment hook '/home/harold/Workspace/Quads_Project/install/landing_controller/share/landing_controller/hook/pythonscriptspath.ps1'
[2.501s] INFO:colcon.colcon_core.shell:Creating environment descriptor '/home/harold/Workspace/Quads_Project/install/landing_controller/share/landing_controller/hook/pythonscriptspath.dsv'
[2.502s] INFO:colcon.colcon_core.shell:Creating environment hook '/home/harold/Workspace/Quads_Project/install/landing_controller/share/landing_controller/hook/pythonscriptspath.sh'
[2.502s] Level 1:colcon.colcon_core.environment:create_environment_scripts_only(landing_controller)
[2.503s] INFO:colcon.colcon_core.shell:Creating package script '/home/harold/Workspace/Quads_Project/install/landing_controller/share/landing_controller/package.ps1'
[2.506s] INFO:colcon.colcon_core.shell:Creating package descriptor '/home/harold/Workspace/Quads_Project/install/landing_controller/share/landing_controller/package.dsv'
[2.508s] INFO:colcon.colcon_core.shell:Creating package script '/home/harold/Workspace/Quads_Project/install/landing_controller/share/landing_controller/package.sh'
[2.510s] INFO:colcon.colcon_core.shell:Creating package script '/home/harold/Workspace/Quads_Project/install/landing_controller/share/landing_controller/package.bash'
[2.512s] INFO:colcon.colcon_core.shell:Creating package script '/home/harold/Workspace/Quads_Project/install/landing_controller/share/landing_controller/package.zsh'
[2.513s] Level 1:colcon.colcon_core.environment:create_file_with_runtime_dependencies(/home/harold/Workspace/Quads_Project/install/landing_controller/share/colcon-core/packages/landing_controller)
[2.515s] DEBUG:colcon.colcon_parallel_executor.executor.parallel:closing loop
[2.515s] DEBUG:colcon.colcon_parallel_executor.executor.parallel:loop closed
[2.517s] DEBUG:colcon.colcon_parallel_executor.executor.parallel:run_until_complete finished with '0'
[2.517s] DEBUG:colcon.colcon_core.event_reactor:joining thread
[2.518s] DEBUG:colcon.colcon_core.event_reactor:joined thread
[2.519s] INFO:colcon.colcon_core.shell:Creating prefix script '/home/harold/Workspace/Quads_Project/install/local_setup.ps1'
[2.522s] INFO:colcon.colcon_core.shell:Creating prefix util module '/home/harold/Workspace/Quads_Project/install/_local_setup_util_ps1.py'
[2.527s] INFO:colcon.colcon_core.shell:Creating prefix chain script '/home/harold/Workspace/Quads_Project/install/setup.ps1'
[2.531s] INFO:colcon.colcon_core.shell:Creating prefix script '/home/harold/Workspace/Quads_Project/install/local_setup.sh'
[2.532s] INFO:colcon.colcon_core.shell:Creating prefix util module '/home/harold/Workspace/Quads_Project/install/_local_setup_util_sh.py'
[2.534s] INFO:colcon.colcon_core.shell:Creating prefix chain script '/home/harold/Workspace/Quads_Project/install/setup.sh'
[2.537s] INFO:colcon.colcon_core.shell:Creating prefix script '/home/harold/Workspace/Quads_Project/install/local_setup.bash'
[2.538s] INFO:colcon.colcon_core.shell:Creating prefix chain script '/home/harold/Workspace/Quads_Project/install/setup.bash'
[2.540s] INFO:colcon.colcon_core.shell:Creating prefix script '/home/harold/Workspace/Quads_Project/install/local_setup.zsh'
[2.542s] INFO:colcon.colcon_core.shell:Creating prefix chain script '/home/harold/Workspace/Quads_Project/install/setup.zsh'
