running egg_info
creating ../../../build/landing_controller/landing_controller.egg-info
writing ../../../build/landing_controller/landing_controller.egg-info/PKG-INFO
writing dependency_links to ../../../build/landing_controller/landing_controller.egg-info/dependency_links.txt
writing entry points to ../../../build/landing_controller/landing_controller.egg-info/entry_points.txt
writing requirements to ../../../build/landing_controller/landing_controller.egg-info/requires.txt
writing top-level names to ../../../build/landing_controller/landing_controller.egg-info/top_level.txt
writing manifest file '../../../build/landing_controller/landing_controller.egg-info/SOURCES.txt'
reading manifest file '../../../build/landing_controller/landing_controller.egg-info/SOURCES.txt'
writing manifest file '../../../build/landing_controller/landing_controller.egg-info/SOURCES.txt'
running build
running build_py
copying landing_controller/infer_axis_mapping.py -> /home/harold/Workspace/Quads_Project/build/landing_controller/build/lib/landing_controller
running install
running install_lib
copying /home/harold/Workspace/Quads_Project/build/landing_controller/build/lib/landing_controller/infer_axis_mapping.py -> /home/harold/Workspace/Quads_Project/install/landing_controller/lib/python3.10/site-packages/landing_controller
byte-compiling /home/harold/Workspace/Quads_Project/install/landing_controller/lib/python3.10/site-packages/landing_controller/infer_axis_mapping.py to infer_axis_mapping.cpython-310.pyc
running install_data
creating /home/harold/Workspace/Quads_Project/install/landing_controller/share/landing_controller/config
copying config/landing_params.yaml -> /home/harold/Workspace/Quads_Project/install/landing_controller/share/landing_controller/config
creating /home/harold/Workspace/Quads_Project/install/landing_controller/share/landing_controller/launch
copying launch/landing.launch.py -> /home/harold/Workspace/Quads_Project/install/landing_controller/share/landing_controller/launch
running install_egg_info
Copying ../../../build/landing_controller/landing_controller.egg-info to /home/harold/Workspace/Quads_Project/install/landing_controller/lib/python3.10/site-packages/landing_controller-0.0.1-py3.10.egg-info
running install_scripts
Installing landing_controller_node script to /home/harold/Workspace/Quads_Project/install/landing_controller/bin
writing list of installed files to '/home/harold/Workspace/Quads_Project/build/landing_controller/install.log'
