[1.189s] Invoking command in '/home/harold/Workspace/Quads_Project/drone_dev/src/landing_controller_node': PYTHONPATH=/home/harold/Workspace/Quads_Project/build/landing_controller/prefix_override:/usr/lib/python3/dist-packages/colcon_core/task/python/colcon_distutils_commands:/home/harold/Workspace/Quads_Project/install/landing_controller/lib/python3.10/site-packages:${PYTHONPATH} /usr/bin/python3 -W ignore:setup.py install is deprecated -W ignore:easy_install command is deprecated setup.py egg_info --egg-base ../../../build/landing_controller build --build-base /home/harold/Workspace/Quads_Project/build/landing_controller/build install --record /home/harold/Workspace/Quads_Project/build/landing_controller/install.log --single-version-externally-managed install_data
[1.626s] running egg_info
[1.627s] creating ../../../build/landing_controller/landing_controller.egg-info
[1.627s] writing ../../../build/landing_controller/landing_controller.egg-info/PKG-INFO
[1.628s] writing dependency_links to ../../../build/landing_controller/landing_controller.egg-info/dependency_links.txt
[1.628s] writing entry points to ../../../build/landing_controller/landing_controller.egg-info/entry_points.txt
[1.629s] writing requirements to ../../../build/landing_controller/landing_controller.egg-info/requires.txt
[1.629s] writing top-level names to ../../../build/landing_controller/landing_controller.egg-info/top_level.txt
[1.629s] writing manifest file '../../../build/landing_controller/landing_controller.egg-info/SOURCES.txt'
[1.632s] reading manifest file '../../../build/landing_controller/landing_controller.egg-info/SOURCES.txt'
[1.634s] writing manifest file '../../../build/landing_controller/landing_controller.egg-info/SOURCES.txt'
[1.634s] running build
[1.634s] running build_py
[1.634s] copying landing_controller/infer_axis_mapping.py -> /home/harold/Workspace/Quads_Project/build/landing_controller/build/lib/landing_controller
[1.635s] running install
[1.636s] running install_lib
[1.637s] copying /home/harold/Workspace/Quads_Project/build/landing_controller/build/lib/landing_controller/infer_axis_mapping.py -> /home/harold/Workspace/Quads_Project/install/landing_controller/lib/python3.10/site-packages/landing_controller
[1.639s] byte-compiling /home/harold/Workspace/Quads_Project/install/landing_controller/lib/python3.10/site-packages/landing_controller/infer_axis_mapping.py to infer_axis_mapping.cpython-310.pyc
[1.642s] running install_data
[1.642s] creating /home/harold/Workspace/Quads_Project/install/landing_controller/share/landing_controller/config
[1.643s] copying config/landing_params.yaml -> /home/harold/Workspace/Quads_Project/install/landing_controller/share/landing_controller/config
[1.643s] creating /home/harold/Workspace/Quads_Project/install/landing_controller/share/landing_controller/launch
[1.643s] copying launch/landing.launch.py -> /home/harold/Workspace/Quads_Project/install/landing_controller/share/landing_controller/launch
[1.643s] running install_egg_info
[1.649s] Copying ../../../build/landing_controller/landing_controller.egg-info to /home/harold/Workspace/Quads_Project/install/landing_controller/lib/python3.10/site-packages/landing_controller-0.0.1-py3.10.egg-info
[1.651s] running install_scripts
[1.690s] Installing landing_controller_node script to /home/harold/Workspace/Quads_Project/install/landing_controller/bin
[1.690s] writing list of installed files to '/home/harold/Workspace/Quads_Project/build/landing_controller/install.log'
[1.761s] Invoked command in '/home/harold/Workspace/Quads_Project/drone_dev/src/landing_controller_node' returned '0': PYTHONPATH=/home/harold/Workspace/Quads_Project/build/landing_controller/prefix_override:/usr/lib/python3/dist-packages/colcon_core/task/python/colcon_distutils_commands:/home/harold/Workspace/Quads_Project/install/landing_controller/lib/python3.10/site-packages:${PYTHONPATH} /usr/bin/python3 -W ignore:setup.py install is deprecated -W ignore:easy_install command is deprecated setup.py egg_info --egg-base ../../../build/landing_controller build --build-base /home/harold/Workspace/Quads_Project/build/landing_controller/build install --record /home/harold/Workspace/Quads_Project/build/landing_controller/install.log --single-version-externally-managed install_data
