[0.342s] DEBUG:colcon:Command line arguments: ['/usr/bin/colcon', 'build', '--symlink-install', '--base-paths', 'src']
[0.342s] DEBUG:colcon:Parsed command line arguments: Namespace(log_base=None, log_level=None, verb_name='build', build_base='build', install_base='install', merge_install=False, symlink_install=True, test_result_base=None, continue_on_error=False, executor='parallel', parallel_workers=4, event_handlers=None, ignore_user_meta=False, metas=['./colcon.meta'], base_paths=['src'], packages_ignore=None, packages_ignore_regex=None, paths=None, packages_up_to=None, packages_up_to_regex=None, packages_above=None, packages_above_and_dependencies=None, packages_above_depth=None, packages_select_by_dep=None, packages_skip_by_dep=None, packages_skip_up_to=None, packages_select_build_failed=False, packages_skip_build_finished=False, packages_select_test_failures=False, packages_skip_test_passed=False, packages_select=None, packages_skip=None, packages_select_regex=None, packages_skip_regex=None, packages_start=None, packages_end=None, allow_overriding=[], cmake_args=None, cmake_target=None, cmake_target_skip_unavailable=False, cmake_clean_cache=False, cmake_clean_first=False, cmake_force_configure=False, ament_cmake_args=None, catkin_cmake_args=None, catkin_skip_building_tests=False, mixin_files=None, mixin=None, verb_parser=<colcon_mixin.mixin.mixin_argument.MixinArgumentDecorator object at 0xffff95b861a0>, verb_extension=<colcon_core.verb.build.BuildVerb object at 0xffff95b85cf0>, main=<bound method BuildVerb.main of <colcon_core.verb.build.BuildVerb object at 0xffff95b85cf0>>, mixin_verb=('build',))
[0.863s] Level 1:colcon.colcon_core.package_discovery:discover_packages(colcon_meta) check parameters
[0.863s] Level 1:colcon.colcon_core.package_discovery:discover_packages(recursive) check parameters
[0.863s] Level 1:colcon.colcon_core.package_discovery:discover_packages(ignore) check parameters
[0.863s] Level 1:colcon.colcon_core.package_discovery:discover_packages(path) check parameters
[0.863s] Level 1:colcon.colcon_core.package_discovery:discover_packages(recursive) discover
[0.864s] INFO:colcon.colcon_core.package_discovery:Crawling recursively for packages in '/home/harold/Workspace/Quads_Project/src'
[0.864s] Level 1:colcon.colcon_core.package_discovery:discover_packages(recursive) using defaults
[0.921s] Level 1:colcon.colcon_core.package_discovery:discover_packages(prefix_path) check parameters
[0.921s] Level 1:colcon.colcon_core.package_discovery:discover_packages(prefix_path) discover
[0.926s] DEBUG:colcon.colcon_installed_package_information.package_discovery:Found 0 installed packages in /home/harold/Workspace/Quads_Project/install
[0.930s] DEBUG:colcon.colcon_installed_package_information.package_discovery:Found 280 installed packages in /opt/ros/humble
[0.934s] Level 1:colcon.colcon_core.package_discovery:discover_packages(prefix_path) using defaults
[1.086s] INFO:colcon.colcon_core.executor:Executing jobs using 'parallel' executor
[1.089s] DEBUG:colcon.colcon_parallel_executor.executor.parallel:run_until_complete
[1.090s] DEBUG:colcon.colcon_parallel_executor.executor.parallel:closing loop
[1.090s] DEBUG:colcon.colcon_parallel_executor.executor.parallel:loop closed
[1.090s] DEBUG:colcon.colcon_parallel_executor.executor.parallel:run_until_complete finished with '0'
[1.090s] DEBUG:colcon.colcon_core.event_reactor:joining thread
[1.091s] DEBUG:colcon.colcon_core.event_reactor:joined thread
[1.096s] INFO:colcon.colcon_core.plugin_system:Skipping extension 'colcon_core.shell.bat': Not used on non-Windows systems
[1.097s] INFO:colcon.colcon_core.shell:Creating prefix script '/home/harold/Workspace/Quads_Project/install/local_setup.ps1'
[1.100s] INFO:colcon.colcon_core.shell:Creating prefix util module '/home/harold/Workspace/Quads_Project/install/_local_setup_util_ps1.py'
[1.105s] INFO:colcon.colcon_core.shell:Creating prefix chain script '/home/harold/Workspace/Quads_Project/install/setup.ps1'
[1.108s] INFO:colcon.colcon_core.shell:Creating prefix script '/home/harold/Workspace/Quads_Project/install/local_setup.sh'
[1.110s] INFO:colcon.colcon_core.shell:Creating prefix util module '/home/harold/Workspace/Quads_Project/install/_local_setup_util_sh.py'
[1.112s] INFO:colcon.colcon_core.shell:Creating prefix chain script '/home/harold/Workspace/Quads_Project/install/setup.sh'
[1.115s] INFO:colcon.colcon_core.shell:Creating prefix script '/home/harold/Workspace/Quads_Project/install/local_setup.bash'
[1.116s] INFO:colcon.colcon_core.shell:Creating prefix chain script '/home/harold/Workspace/Quads_Project/install/setup.bash'
[1.119s] INFO:colcon.colcon_core.shell:Creating prefix script '/home/harold/Workspace/Quads_Project/install/local_setup.zsh'
[1.121s] INFO:colcon.colcon_core.shell:Creating prefix chain script '/home/harold/Workspace/Quads_Project/install/setup.zsh'
