/home/harold/Workspace/Quads_Project/install/landing_controller/lib/python3.10/site-packages/landing_controller/landing_controller_node.py
/home/harold/Workspace/Quads_Project/install/landing_controller/lib/python3.10/site-packages/landing_controller/infer_axis_mapping.py
/home/harold/Workspace/Quads_Project/install/landing_controller/lib/python3.10/site-packages/landing_controller/controller.py
/home/harold/Workspace/Quads_Project/install/landing_controller/lib/python3.10/site-packages/landing_controller/__init__.py
/home/harold/Workspace/Quads_Project/install/landing_controller/lib/python3.10/site-packages/landing_controller/__pycache__/landing_controller_node.cpython-310.pyc
/home/harold/Workspace/Quads_Project/install/landing_controller/lib/python3.10/site-packages/landing_controller/__pycache__/infer_axis_mapping.cpython-310.pyc
/home/harold/Workspace/Quads_Project/install/landing_controller/lib/python3.10/site-packages/landing_controller/__pycache__/controller.cpython-310.pyc
/home/harold/Workspace/Quads_Project/install/landing_controller/lib/python3.10/site-packages/landing_controller/__pycache__/__init__.cpython-310.pyc
/home/harold/Workspace/Quads_Project/install/landing_controller/share/ament_index/resource_index/packages/landing_controller
/home/harold/Workspace/Quads_Project/install/landing_controller/share/landing_controller/package.xml
/home/harold/Workspace/Quads_Project/install/landing_controller/share/landing_controller/config/landing_params.yaml
/home/harold/Workspace/Quads_Project/install/landing_controller/share/landing_controller/launch/landing.launch.py
/home/harold/Workspace/Quads_Project/install/landing_controller/lib/python3.10/site-packages/landing_controller-0.0.1-py3.10.egg-info/entry_points.txt
/home/harold/Workspace/Quads_Project/install/landing_controller/lib/python3.10/site-packages/landing_controller-0.0.1-py3.10.egg-info/requires.txt
/home/harold/Workspace/Quads_Project/install/landing_controller/lib/python3.10/site-packages/landing_controller-0.0.1-py3.10.egg-info/SOURCES.txt
/home/harold/Workspace/Quads_Project/install/landing_controller/lib/python3.10/site-packages/landing_controller-0.0.1-py3.10.egg-info/zip-safe
/home/harold/Workspace/Quads_Project/install/landing_controller/lib/python3.10/site-packages/landing_controller-0.0.1-py3.10.egg-info/PKG-INFO
/home/harold/Workspace/Quads_Project/install/landing_controller/lib/python3.10/site-packages/landing_controller-0.0.1-py3.10.egg-info/dependency_links.txt
/home/harold/Workspace/Quads_Project/install/landing_controller/lib/python3.10/site-packages/landing_controller-0.0.1-py3.10.egg-info/top_level.txt
/home/harold/Workspace/Quads_Project/install/landing_controller/lib/landing_controller/landing_controller_node
