running develop
running egg_info
creating aruco_detector_node.egg-info
writing aruco_detector_node.egg-info/PKG-INFO
writing dependency_links to aruco_detector_node.egg-info/dependency_links.txt
writing entry points to aruco_detector_node.egg-info/entry_points.txt
writing requirements to aruco_detector_node.egg-info/requires.txt
writing top-level names to aruco_detector_node.egg-info/top_level.txt
writing manifest file 'aruco_detector_node.egg-info/SOURCES.txt'
reading manifest file 'aruco_detector_node.egg-info/SOURCES.txt'
writing manifest file 'aruco_detector_node.egg-info/SOURCES.txt'
running build_ext
Creating /home/harold/Workspace/Quads_Project/install/aruco_detector_node/lib/python3.10/site-packages/aruco-detector-node.egg-link (link to .)
Installing aruco_detector_node script to /home/harold/Workspace/Quads_Project/install/aruco_detector_node/lib/aruco_detector_node

Installed /home/harold/Workspace/Quads_Project/build/aruco_detector_node
running symlink_data
creating /home/harold/Workspace/Quads_Project/install/aruco_detector_node/share/ament_index
creating /home/harold/Workspace/Quads_Project/install/aruco_detector_node/share/ament_index/resource_index
creating /home/harold/Workspace/Quads_Project/install/aruco_detector_node/share/ament_index/resource_index/packages
symbolically linking /home/harold/Workspace/Quads_Project/build/aruco_detector_node/resource/aruco_detector_node -> /home/harold/Workspace/Quads_Project/install/aruco_detector_node/share/ament_index/resource_index/packages
symbolically linking /home/harold/Workspace/Quads_Project/build/aruco_detector_node/package.xml -> /home/harold/Workspace/Quads_Project/install/aruco_detector_node/share/aruco_detector_node
