[1.460s] Invoking command in '/home/harold/Workspace/Quads_Project/build/aruco_detector_node': PYTHONPATH=/home/harold/Workspace/Quads_Project/build/aruco_detector_node/prefix_override:/usr/lib/python3/dist-packages/colcon_core/task/python/colcon_distutils_commands:/home/harold/Workspace/Quads_Project/install/aruco_detector_node/lib/python3.10/site-packages:${PYTHONPATH} /usr/bin/python3 -W ignore:setup.py install is deprecated -W ignore:easy_install command is deprecated setup.py develop --editable --build-directory /home/harold/Workspace/Quads_Project/build/aruco_detector_node/build --no-deps symlink_data
[1.934s] running develop
[2.232s] running egg_info
[2.232s] creating aruco_detector_node.egg-info
[2.233s] writing aruco_detector_node.egg-info/PKG-INFO
[2.233s] writing dependency_links to aruco_detector_node.egg-info/dependency_links.txt
[2.233s] writing entry points to aruco_detector_node.egg-info/entry_points.txt
[2.233s] writing requirements to aruco_detector_node.egg-info/requires.txt
[2.233s] writing top-level names to aruco_detector_node.egg-info/top_level.txt
[2.233s] writing manifest file 'aruco_detector_node.egg-info/SOURCES.txt'
[2.236s] reading manifest file 'aruco_detector_node.egg-info/SOURCES.txt'
[2.237s] writing manifest file 'aruco_detector_node.egg-info/SOURCES.txt'
[2.240s] running build_ext
[2.240s] Creating /home/harold/Workspace/Quads_Project/install/aruco_detector_node/lib/python3.10/site-packages/aruco-detector-node.egg-link (link to .)
[2.242s] Installing aruco_detector_node script to /home/harold/Workspace/Quads_Project/install/aruco_detector_node/lib/aruco_detector_node
[2.243s] 
[2.243s] Installed /home/harold/Workspace/Quads_Project/build/aruco_detector_node
[2.243s] running symlink_data
[2.244s] creating /home/harold/Workspace/Quads_Project/install/aruco_detector_node/share/ament_index
[2.244s] creating /home/harold/Workspace/Quads_Project/install/aruco_detector_node/share/ament_index/resource_index
[2.244s] creating /home/harold/Workspace/Quads_Project/install/aruco_detector_node/share/ament_index/resource_index/packages
[2.244s] symbolically linking /home/harold/Workspace/Quads_Project/build/aruco_detector_node/resource/aruco_detector_node -> /home/harold/Workspace/Quads_Project/install/aruco_detector_node/share/ament_index/resource_index/packages
[2.244s] symbolically linking /home/harold/Workspace/Quads_Project/build/aruco_detector_node/package.xml -> /home/harold/Workspace/Quads_Project/install/aruco_detector_node/share/aruco_detector_node
[2.309s] Invoked command in '/home/harold/Workspace/Quads_Project/build/aruco_detector_node' returned '0': PYTHONPATH=/home/harold/Workspace/Quads_Project/build/aruco_detector_node/prefix_override:/usr/lib/python3/dist-packages/colcon_core/task/python/colcon_distutils_commands:/home/harold/Workspace/Quads_Project/install/aruco_detector_node/lib/python3.10/site-packages:${PYTHONPATH} /usr/bin/python3 -W ignore:setup.py install is deprecated -W ignore:easy_install command is deprecated setup.py develop --editable --build-directory /home/harold/Workspace/Quads_Project/build/aruco_detector_node/build --no-deps symlink_data
