running egg_info
creating ../../../build/csi_camera_publisher/csi_camera_publisher.egg-info
writing ../../../build/csi_camera_publisher/csi_camera_publisher.egg-info/PKG-INFO
writing dependency_links to ../../../build/csi_camera_publisher/csi_camera_publisher.egg-info/dependency_links.txt
writing entry points to ../../../build/csi_camera_publisher/csi_camera_publisher.egg-info/entry_points.txt
writing requirements to ../../../build/csi_camera_publisher/csi_camera_publisher.egg-info/requires.txt
writing top-level names to ../../../build/csi_camera_publisher/csi_camera_publisher.egg-info/top_level.txt
writing manifest file '../../../build/csi_camera_publisher/csi_camera_publisher.egg-info/SOURCES.txt'
reading manifest file '../../../build/csi_camera_publisher/csi_camera_publisher.egg-info/SOURCES.txt'
writing manifest file '../../../build/csi_camera_publisher/csi_camera_publisher.egg-info/SOURCES.txt'
running build
running build_py
creating /home/harold/Workspace/Quads_Project/build/csi_camera_publisher/build
creating /home/harold/Workspace/Quads_Project/build/csi_camera_publisher/build/lib
creating /home/harold/Workspace/Quads_Project/build/csi_camera_publisher/build/lib/csi_camera_publisher
copying csi_camera_publisher/csi_camera_node.py -> /home/harold/Workspace/Quads_Project/build/csi_camera_publisher/build/lib/csi_camera_publisher
copying csi_camera_publisher/__init__.py -> /home/harold/Workspace/Quads_Project/build/csi_camera_publisher/build/lib/csi_camera_publisher
running install
running install_lib
creating /home/harold/Workspace/Quads_Project/install/csi_camera_publisher/lib/python3.10/site-packages/csi_camera_publisher
copying /home/harold/Workspace/Quads_Project/build/csi_camera_publisher/build/lib/csi_camera_publisher/csi_camera_node.py -> /home/harold/Workspace/Quads_Project/install/csi_camera_publisher/lib/python3.10/site-packages/csi_camera_publisher
copying /home/harold/Workspace/Quads_Project/build/csi_camera_publisher/build/lib/csi_camera_publisher/__init__.py -> /home/harold/Workspace/Quads_Project/install/csi_camera_publisher/lib/python3.10/site-packages/csi_camera_publisher
byte-compiling /home/harold/Workspace/Quads_Project/install/csi_camera_publisher/lib/python3.10/site-packages/csi_camera_publisher/csi_camera_node.py to csi_camera_node.cpython-310.pyc
byte-compiling /home/harold/Workspace/Quads_Project/install/csi_camera_publisher/lib/python3.10/site-packages/csi_camera_publisher/__init__.py to __init__.cpython-310.pyc
running install_data
creating /home/harold/Workspace/Quads_Project/install/csi_camera_publisher/share/ament_index
creating /home/harold/Workspace/Quads_Project/install/csi_camera_publisher/share/ament_index/resource_index
creating /home/harold/Workspace/Quads_Project/install/csi_camera_publisher/share/ament_index/resource_index/packages
copying resource/csi_camera_publisher -> /home/harold/Workspace/Quads_Project/install/csi_camera_publisher/share/ament_index/resource_index/packages
copying package.xml -> /home/harold/Workspace/Quads_Project/install/csi_camera_publisher/share/csi_camera_publisher
creating /home/harold/Workspace/Quads_Project/install/csi_camera_publisher/share/csi_camera_publisher/launch
copying launch/camera.launch.py -> /home/harold/Workspace/Quads_Project/install/csi_camera_publisher/share/csi_camera_publisher/launch
creating /home/harold/Workspace/Quads_Project/install/csi_camera_publisher/share/csi_camera_publisher/config
copying config/camera_params.yaml -> /home/harold/Workspace/Quads_Project/install/csi_camera_publisher/share/csi_camera_publisher/config
creating /home/harold/Workspace/Quads_Project/install/csi_camera_publisher/share/csi_camera_publisher/data
copying data/dist_coeffs.npy -> /home/harold/Workspace/Quads_Project/install/csi_camera_publisher/share/csi_camera_publisher/data
copying data/camera_matrix.npy -> /home/harold/Workspace/Quads_Project/install/csi_camera_publisher/share/csi_camera_publisher/data
running install_egg_info
Copying ../../../build/csi_camera_publisher/csi_camera_publisher.egg-info to /home/harold/Workspace/Quads_Project/install/csi_camera_publisher/lib/python3.10/site-packages/csi_camera_publisher-0.1.0-py3.10.egg-info
running install_scripts
Installing csi_camera_node script to /home/harold/Workspace/Quads_Project/install/csi_camera_publisher/lib/csi_camera_publisher
writing list of installed files to '/home/harold/Workspace/Quads_Project/build/csi_camera_publisher/install.log'
