[2.164s] Invoking command in '/home/harold/Workspace/Quads_Project/drone_dev/src/csi_camera_node': PYTHONPATH=/home/harold/Workspace/Quads_Project/build/csi_camera_publisher/prefix_override:/usr/lib/python3/dist-packages/colcon_core/task/python/colcon_distutils_commands:/home/harold/Workspace/Quads_Project/install/csi_camera_publisher/lib/python3.10/site-packages:${PYTHONPATH} /usr/bin/python3 -W ignore:setup.py install is deprecated -W ignore:easy_install command is deprecated setup.py egg_info --egg-base ../../../build/csi_camera_publisher build --build-base /home/harold/Workspace/Quads_Project/build/csi_camera_publisher/build install --record /home/harold/Workspace/Quads_Project/build/csi_camera_publisher/install.log --single-version-externally-managed install_data
[2.613s] running egg_info
[2.615s] creating ../../../build/csi_camera_publisher/csi_camera_publisher.egg-info
[2.615s] writing ../../../build/csi_camera_publisher/csi_camera_publisher.egg-info/PKG-INFO
[2.615s] writing dependency_links to ../../../build/csi_camera_publisher/csi_camera_publisher.egg-info/dependency_links.txt
[2.616s] writing entry points to ../../../build/csi_camera_publisher/csi_camera_publisher.egg-info/entry_points.txt
[2.616s] writing requirements to ../../../build/csi_camera_publisher/csi_camera_publisher.egg-info/requires.txt
[2.616s] writing top-level names to ../../../build/csi_camera_publisher/csi_camera_publisher.egg-info/top_level.txt
[2.616s] writing manifest file '../../../build/csi_camera_publisher/csi_camera_publisher.egg-info/SOURCES.txt'
[2.620s] reading manifest file '../../../build/csi_camera_publisher/csi_camera_publisher.egg-info/SOURCES.txt'
[2.621s] writing manifest file '../../../build/csi_camera_publisher/csi_camera_publisher.egg-info/SOURCES.txt'
[2.622s] running build
[2.622s] running build_py
[2.623s] creating /home/harold/Workspace/Quads_Project/build/csi_camera_publisher/build
[2.623s] creating /home/harold/Workspace/Quads_Project/build/csi_camera_publisher/build/lib
[2.623s] creating /home/harold/Workspace/Quads_Project/build/csi_camera_publisher/build/lib/csi_camera_publisher
[2.623s] copying csi_camera_publisher/csi_camera_node.py -> /home/harold/Workspace/Quads_Project/build/csi_camera_publisher/build/lib/csi_camera_publisher
[2.623s] copying csi_camera_publisher/__init__.py -> /home/harold/Workspace/Quads_Project/build/csi_camera_publisher/build/lib/csi_camera_publisher
[2.624s] running install
[2.624s] running install_lib
[2.626s] creating /home/harold/Workspace/Quads_Project/install/csi_camera_publisher/lib/python3.10/site-packages/csi_camera_publisher
[2.626s] copying /home/harold/Workspace/Quads_Project/build/csi_camera_publisher/build/lib/csi_camera_publisher/csi_camera_node.py -> /home/harold/Workspace/Quads_Project/install/csi_camera_publisher/lib/python3.10/site-packages/csi_camera_publisher
[2.626s] copying /home/harold/Workspace/Quads_Project/build/csi_camera_publisher/build/lib/csi_camera_publisher/__init__.py -> /home/harold/Workspace/Quads_Project/install/csi_camera_publisher/lib/python3.10/site-packages/csi_camera_publisher
[2.627s] byte-compiling /home/harold/Workspace/Quads_Project/install/csi_camera_publisher/lib/python3.10/site-packages/csi_camera_publisher/csi_camera_node.py to csi_camera_node.cpython-310.pyc
[2.632s] byte-compiling /home/harold/Workspace/Quads_Project/install/csi_camera_publisher/lib/python3.10/site-packages/csi_camera_publisher/__init__.py to __init__.cpython-310.pyc
[2.632s] running install_data
[2.633s] creating /home/harold/Workspace/Quads_Project/install/csi_camera_publisher/share/ament_index
[2.633s] creating /home/harold/Workspace/Quads_Project/install/csi_camera_publisher/share/ament_index/resource_index
[2.634s] creating /home/harold/Workspace/Quads_Project/install/csi_camera_publisher/share/ament_index/resource_index/packages
[2.634s] copying resource/csi_camera_publisher -> /home/harold/Workspace/Quads_Project/install/csi_camera_publisher/share/ament_index/resource_index/packages
[2.634s] copying package.xml -> /home/harold/Workspace/Quads_Project/install/csi_camera_publisher/share/csi_camera_publisher
[2.635s] creating /home/harold/Workspace/Quads_Project/install/csi_camera_publisher/share/csi_camera_publisher/launch
[2.635s] copying launch/camera.launch.py -> /home/harold/Workspace/Quads_Project/install/csi_camera_publisher/share/csi_camera_publisher/launch
[2.635s] creating /home/harold/Workspace/Quads_Project/install/csi_camera_publisher/share/csi_camera_publisher/config
[2.635s] copying config/camera_params.yaml -> /home/harold/Workspace/Quads_Project/install/csi_camera_publisher/share/csi_camera_publisher/config
[2.636s] creating /home/harold/Workspace/Quads_Project/install/csi_camera_publisher/share/csi_camera_publisher/data
[2.636s] copying data/dist_coeffs.npy -> /home/harold/Workspace/Quads_Project/install/csi_camera_publisher/share/csi_camera_publisher/data
[2.636s] copying data/camera_matrix.npy -> /home/harold/Workspace/Quads_Project/install/csi_camera_publisher/share/csi_camera_publisher/data
[2.636s] running install_egg_info
[2.639s] Copying ../../../build/csi_camera_publisher/csi_camera_publisher.egg-info to /home/harold/Workspace/Quads_Project/install/csi_camera_publisher/lib/python3.10/site-packages/csi_camera_publisher-0.1.0-py3.10.egg-info
[2.640s] running install_scripts
[2.681s] Installing csi_camera_node script to /home/harold/Workspace/Quads_Project/install/csi_camera_publisher/lib/csi_camera_publisher
[2.681s] writing list of installed files to '/home/harold/Workspace/Quads_Project/build/csi_camera_publisher/install.log'
[2.758s] Invoked command in '/home/harold/Workspace/Quads_Project/drone_dev/src/csi_camera_node' returned '0': PYTHONPATH=/home/harold/Workspace/Quads_Project/build/csi_camera_publisher/prefix_override:/usr/lib/python3/dist-packages/colcon_core/task/python/colcon_distutils_commands:/home/harold/Workspace/Quads_Project/install/csi_camera_publisher/lib/python3.10/site-packages:${PYTHONPATH} /usr/bin/python3 -W ignore:setup.py install is deprecated -W ignore:easy_install command is deprecated setup.py egg_info --egg-base ../../../build/csi_camera_publisher build --build-base /home/harold/Workspace/Quads_Project/build/csi_camera_publisher/build install --record /home/harold/Workspace/Quads_Project/build/csi_camera_publisher/install.log --single-version-externally-managed install_data
