[0.211s] DEBUG:colcon:Command line arguments: ['/usr/bin/colcon', 'build', '--symlink-install', '--packages-select', 'aruco_detector_node']
[0.212s] DEBUG:colcon:Parsed command line arguments: Namespace(log_base=None, log_level=None, verb_name='build', build_base='build', install_base='install', merge_install=False, symlink_install=True, test_result_base=None, continue_on_error=False, executor='parallel', parallel_workers=6, event_handlers=None, ignore_user_meta=False, metas=['./colcon.meta'], base_paths=['.'], packages_ignore=None, packages_ignore_regex=None, paths=None, packages_up_to=None, packages_up_to_regex=None, packages_above=None, packages_above_and_dependencies=None, packages_above_depth=None, packages_select_by_dep=None, packages_skip_by_dep=None, packages_skip_up_to=None, packages_select_build_failed=False, packages_skip_build_finished=False, packages_select_test_failures=False, packages_skip_test_passed=False, packages_select=['aruco_detector_node'], packages_skip=None, packages_select_regex=None, packages_skip_regex=None, packages_start=None, packages_end=None, allow_overriding=[], cmake_args=None, cmake_target=None, cmake_target_skip_unavailable=False, cmake_clean_cache=False, cmake_clean_first=False, cmake_force_configure=False, ament_cmake_args=None, catkin_cmake_args=None, catkin_skip_building_tests=False, mixin_files=None, mixin=None, verb_parser=<colcon_mixin.mixin.mixin_argument.MixinArgumentDecorator object at 0xffffae2f61a0>, verb_extension=<colcon_core.verb.build.BuildVerb object at 0xffffae2f5cf0>, main=<bound method BuildVerb.main of <colcon_core.verb.build.BuildVerb object at 0xffffae2f5cf0>>, mixin_verb=('build',))
[0.529s] Level 1:colcon.colcon_core.package_discovery:discover_packages(colcon_meta) check parameters
[0.529s] Level 1:colcon.colcon_core.package_discovery:discover_packages(recursive) check parameters
[0.529s] Level 1:colcon.colcon_core.package_discovery:discover_packages(ignore) check parameters
[0.529s] Level 1:colcon.colcon_core.package_discovery:discover_packages(path) check parameters
[0.529s] Level 1:colcon.colcon_core.package_discovery:discover_packages(colcon_meta) discover
[0.529s] Level 1:colcon.colcon_core.package_discovery:discover_packages(recursive) discover
[0.529s] INFO:colcon.colcon_core.package_discovery:Crawling recursively for packages in '/home/harold/Workspace/Quads_Project'
[0.530s] Level 1:colcon.colcon_core.package_identification:_identify(.) by extensions ['ignore', 'ignore_ament_install']
[0.530s] Level 1:colcon.colcon_core.package_identification:_identify(.) by extension 'ignore'
[0.530s] Level 1:colcon.colcon_core.package_identification:_identify(.) by extension 'ignore_ament_install'
[0.530s] Level 1:colcon.colcon_core.package_identification:_identify(.) by extensions ['colcon_pkg']
[0.530s] Level 1:colcon.colcon_core.package_identification:_identify(.) by extension 'colcon_pkg'
[0.530s] Level 1:colcon.colcon_core.package_identification:_identify(.) by extensions ['colcon_meta']
[0.530s] Level 1:colcon.colcon_core.package_identification:_identify(.) by extension 'colcon_meta'
[0.530s] Level 1:colcon.colcon_core.package_identification:_identify(.) by extensions ['ros']
[0.531s] Level 1:colcon.colcon_core.package_identification:_identify(.) by extension 'ros'
[0.551s] Level 1:colcon.colcon_core.package_identification:_identify(.) by extensions ['cmake', 'python']
[0.551s] Level 1:colcon.colcon_core.package_identification:_identify(.) by extension 'cmake'
[0.551s] Level 1:colcon.colcon_core.package_identification:_identify(.) by extension 'python'
[0.551s] Level 1:colcon.colcon_core.package_identification:_identify(.) by extensions ['python_setup_py']
[0.551s] Level 1:colcon.colcon_core.package_identification:_identify(.) by extension 'python_setup_py'
[0.552s] Level 1:colcon.colcon_core.package_identification:_identify(build) by extensions ['ignore', 'ignore_ament_install']
[0.552s] Level 1:colcon.colcon_core.package_identification:_identify(build) by extension 'ignore'
[0.552s] Level 1:colcon.colcon_core.package_identification:_identify(build) ignored
[0.552s] Level 1:colcon.colcon_core.package_identification:_identify(drone_dev) by extensions ['ignore', 'ignore_ament_install']
[0.553s] Level 1:colcon.colcon_core.package_identification:_identify(drone_dev) by extension 'ignore'
[0.553s] Level 1:colcon.colcon_core.package_identification:_identify(drone_dev) by extension 'ignore_ament_install'
[0.553s] Level 1:colcon.colcon_core.package_identification:_identify(drone_dev) by extensions ['colcon_pkg']
[0.553s] Level 1:colcon.colcon_core.package_identification:_identify(drone_dev) by extension 'colcon_pkg'
[0.553s] Level 1:colcon.colcon_core.package_identification:_identify(drone_dev) by extensions ['colcon_meta']
[0.553s] Level 1:colcon.colcon_core.package_identification:_identify(drone_dev) by extension 'colcon_meta'
[0.553s] Level 1:colcon.colcon_core.package_identification:_identify(drone_dev) by extensions ['ros']
[0.553s] Level 1:colcon.colcon_core.package_identification:_identify(drone_dev) by extension 'ros'
[0.553s] Level 1:colcon.colcon_core.package_identification:_identify(drone_dev) by extensions ['cmake', 'python']
[0.553s] Level 1:colcon.colcon_core.package_identification:_identify(drone_dev) by extension 'cmake'
[0.553s] Level 1:colcon.colcon_core.package_identification:_identify(drone_dev) by extension 'python'
[0.554s] Level 1:colcon.colcon_core.package_identification:_identify(drone_dev) by extensions ['python_setup_py']
[0.554s] Level 1:colcon.colcon_core.package_identification:_identify(drone_dev) by extension 'python_setup_py'
[0.554s] Level 1:colcon.colcon_core.package_identification:_identify(drone_dev/airframe) by extensions ['ignore', 'ignore_ament_install']
[0.554s] Level 1:colcon.colcon_core.package_identification:_identify(drone_dev/airframe) by extension 'ignore'
[0.554s] Level 1:colcon.colcon_core.package_identification:_identify(drone_dev/airframe) by extension 'ignore_ament_install'
[0.554s] Level 1:colcon.colcon_core.package_identification:_identify(drone_dev/airframe) by extensions ['colcon_pkg']
[0.554s] Level 1:colcon.colcon_core.package_identification:_identify(drone_dev/airframe) by extension 'colcon_pkg'
[0.554s] Level 1:colcon.colcon_core.package_identification:_identify(drone_dev/airframe) by extensions ['colcon_meta']
[0.554s] Level 1:colcon.colcon_core.package_identification:_identify(drone_dev/airframe) by extension 'colcon_meta'
[0.554s] Level 1:colcon.colcon_core.package_identification:_identify(drone_dev/airframe) by extensions ['ros']
[0.555s] Level 1:colcon.colcon_core.package_identification:_identify(drone_dev/airframe) by extension 'ros'
[0.555s] Level 1:colcon.colcon_core.package_identification:_identify(drone_dev/airframe) by extensions ['cmake', 'python']
[0.555s] Level 1:colcon.colcon_core.package_identification:_identify(drone_dev/airframe) by extension 'cmake'
[0.555s] Level 1:colcon.colcon_core.package_identification:_identify(drone_dev/airframe) by extension 'python'
[0.555s] Level 1:colcon.colcon_core.package_identification:_identify(drone_dev/airframe) by extensions ['python_setup_py']
[0.555s] Level 1:colcon.colcon_core.package_identification:_identify(drone_dev/airframe) by extension 'python_setup_py'
[0.555s] Level 1:colcon.colcon_core.package_identification:_identify(drone_dev/build) by extensions ['ignore', 'ignore_ament_install']
[0.555s] Level 1:colcon.colcon_core.package_identification:_identify(drone_dev/build) by extension 'ignore'
[0.555s] Level 1:colcon.colcon_core.package_identification:_identify(drone_dev/build) ignored
[0.556s] Level 1:colcon.colcon_core.package_identification:_identify(drone_dev/install) by extensions ['ignore', 'ignore_ament_install']
[0.556s] Level 1:colcon.colcon_core.package_identification:_identify(drone_dev/install) by extension 'ignore'
[0.556s] Level 1:colcon.colcon_core.package_identification:_identify(drone_dev/install) ignored
[0.556s] Level 1:colcon.colcon_core.package_identification:_identify(drone_dev/log) by extensions ['ignore', 'ignore_ament_install']
[0.556s] Level 1:colcon.colcon_core.package_identification:_identify(drone_dev/log) by extension 'ignore'
[0.556s] Level 1:colcon.colcon_core.package_identification:_identify(drone_dev/log) ignored
[0.557s] Level 1:colcon.colcon_core.package_identification:_identify(drone_dev/src) by extensions ['ignore', 'ignore_ament_install']
[0.557s] Level 1:colcon.colcon_core.package_identification:_identify(drone_dev/src) by extension 'ignore'
[0.557s] Level 1:colcon.colcon_core.package_identification:_identify(drone_dev/src) by extension 'ignore_ament_install'
[0.557s] Level 1:colcon.colcon_core.package_identification:_identify(drone_dev/src) by extensions ['colcon_pkg']
[0.557s] Level 1:colcon.colcon_core.package_identification:_identify(drone_dev/src) by extension 'colcon_pkg'
[0.557s] Level 1:colcon.colcon_core.package_identification:_identify(drone_dev/src) by extensions ['colcon_meta']
[0.557s] Level 1:colcon.colcon_core.package_identification:_identify(drone_dev/src) by extension 'colcon_meta'
[0.557s] Level 1:colcon.colcon_core.package_identification:_identify(drone_dev/src) by extensions ['ros']
[0.557s] Level 1:colcon.colcon_core.package_identification:_identify(drone_dev/src) by extension 'ros'
[0.558s] Level 1:colcon.colcon_core.package_identification:_identify(drone_dev/src) by extensions ['cmake', 'python']
[0.558s] Level 1:colcon.colcon_core.package_identification:_identify(drone_dev/src) by extension 'cmake'
[0.558s] Level 1:colcon.colcon_core.package_identification:_identify(drone_dev/src) by extension 'python'
[0.558s] Level 1:colcon.colcon_core.package_identification:_identify(drone_dev/src) by extensions ['python_setup_py']
[0.558s] Level 1:colcon.colcon_core.package_identification:_identify(drone_dev/src) by extension 'python_setup_py'
[0.558s] Level 1:colcon.colcon_core.package_identification:_identify(drone_dev/src/ArUco_detector_node) by extensions ['ignore', 'ignore_ament_install']
[0.558s] Level 1:colcon.colcon_core.package_identification:_identify(drone_dev/src/ArUco_detector_node) by extension 'ignore'
[0.558s] Level 1:colcon.colcon_core.package_identification:_identify(drone_dev/src/ArUco_detector_node) by extension 'ignore_ament_install'
[0.559s] Level 1:colcon.colcon_core.package_identification:_identify(drone_dev/src/ArUco_detector_node) by extensions ['colcon_pkg']
[0.559s] Level 1:colcon.colcon_core.package_identification:_identify(drone_dev/src/ArUco_detector_node) by extension 'colcon_pkg'
[0.559s] Level 1:colcon.colcon_core.package_identification:_identify(drone_dev/src/ArUco_detector_node) by extensions ['colcon_meta']
[0.559s] Level 1:colcon.colcon_core.package_identification:_identify(drone_dev/src/ArUco_detector_node) by extension 'colcon_meta'
[0.559s] Level 1:colcon.colcon_core.package_identification:_identify(drone_dev/src/ArUco_detector_node) by extensions ['ros']
[0.559s] Level 1:colcon.colcon_core.package_identification:_identify(drone_dev/src/ArUco_detector_node) by extension 'ros'
[0.567s] DEBUG:colcon.colcon_core.package_identification:Package 'drone_dev/src/ArUco_detector_node' with type 'ros.ament_python' and name 'aruco_detector_node'
[0.567s] Level 1:colcon.colcon_core.package_identification:_identify(drone_dev/src/csi_camera_node) by extensions ['ignore', 'ignore_ament_install']
[0.568s] Level 1:colcon.colcon_core.package_identification:_identify(drone_dev/src/csi_camera_node) by extension 'ignore'
[0.568s] Level 1:colcon.colcon_core.package_identification:_identify(drone_dev/src/csi_camera_node) by extension 'ignore_ament_install'
[0.568s] Level 1:colcon.colcon_core.package_identification:_identify(drone_dev/src/csi_camera_node) by extensions ['colcon_pkg']
[0.568s] Level 1:colcon.colcon_core.package_identification:_identify(drone_dev/src/csi_camera_node) by extension 'colcon_pkg'
[0.568s] Level 1:colcon.colcon_core.package_identification:_identify(drone_dev/src/csi_camera_node) by extensions ['colcon_meta']
[0.568s] Level 1:colcon.colcon_core.package_identification:_identify(drone_dev/src/csi_camera_node) by extension 'colcon_meta'
[0.568s] Level 1:colcon.colcon_core.package_identification:_identify(drone_dev/src/csi_camera_node) by extensions ['ros']
[0.568s] Level 1:colcon.colcon_core.package_identification:_identify(drone_dev/src/csi_camera_node) by extension 'ros'
[0.570s] DEBUG:colcon.colcon_core.package_identification:Package 'drone_dev/src/csi_camera_node' with type 'ros.ament_python' and name 'csi_camera_publisher'
[0.570s] Level 1:colcon.colcon_core.package_identification:_identify(drone_dev/src/landing_controller_node) by extensions ['ignore', 'ignore_ament_install']
[0.570s] Level 1:colcon.colcon_core.package_identification:_identify(drone_dev/src/landing_controller_node) by extension 'ignore'
[0.571s] Level 1:colcon.colcon_core.package_identification:_identify(drone_dev/src/landing_controller_node) by extension 'ignore_ament_install'
[0.571s] Level 1:colcon.colcon_core.package_identification:_identify(drone_dev/src/landing_controller_node) by extensions ['colcon_pkg']
[0.571s] Level 1:colcon.colcon_core.package_identification:_identify(drone_dev/src/landing_controller_node) by extension 'colcon_pkg'
[0.571s] Level 1:colcon.colcon_core.package_identification:_identify(drone_dev/src/landing_controller_node) by extensions ['colcon_meta']
[0.571s] Level 1:colcon.colcon_core.package_identification:_identify(drone_dev/src/landing_controller_node) by extension 'colcon_meta'
[0.571s] Level 1:colcon.colcon_core.package_identification:_identify(drone_dev/src/landing_controller_node) by extensions ['ros']
[0.571s] Level 1:colcon.colcon_core.package_identification:_identify(drone_dev/src/landing_controller_node) by extension 'ros'
[0.571s] Level 1:colcon.colcon_core.package_identification:_identify(drone_dev/src/landing_controller_node) by extensions ['cmake', 'python']
[0.571s] Level 1:colcon.colcon_core.package_identification:_identify(drone_dev/src/landing_controller_node) by extension 'cmake'
[0.571s] Level 1:colcon.colcon_core.package_identification:_identify(drone_dev/src/landing_controller_node) by extension 'python'
[0.572s] Level 1:colcon.colcon_core.package_identification:_identify(drone_dev/src/landing_controller_node) by extensions ['python_setup_py']
[0.572s] Level 1:colcon.colcon_core.package_identification:_identify(drone_dev/src/landing_controller_node) by extension 'python_setup_py'
[0.572s] Level 1:colcon.colcon_core.package_identification:_identify(drone_dev_sim) by extensions ['ignore', 'ignore_ament_install']
[0.572s] Level 1:colcon.colcon_core.package_identification:_identify(drone_dev_sim) by extension 'ignore'
[0.572s] Level 1:colcon.colcon_core.package_identification:_identify(drone_dev_sim) by extension 'ignore_ament_install'
[0.572s] Level 1:colcon.colcon_core.package_identification:_identify(drone_dev_sim) by extensions ['colcon_pkg']
[0.572s] Level 1:colcon.colcon_core.package_identification:_identify(drone_dev_sim) by extension 'colcon_pkg'
[0.572s] Level 1:colcon.colcon_core.package_identification:_identify(drone_dev_sim) by extensions ['colcon_meta']
[0.572s] Level 1:colcon.colcon_core.package_identification:_identify(drone_dev_sim) by extension 'colcon_meta'
[0.573s] Level 1:colcon.colcon_core.package_identification:_identify(drone_dev_sim) by extensions ['ros']
[0.573s] Level 1:colcon.colcon_core.package_identification:_identify(drone_dev_sim) by extension 'ros'
[0.573s] Level 1:colcon.colcon_core.package_identification:_identify(drone_dev_sim) by extensions ['cmake', 'python']
[0.573s] Level 1:colcon.colcon_core.package_identification:_identify(drone_dev_sim) by extension 'cmake'
[0.580s] Level 1:colcon.colcon_core.package_identification:_identify(drone_dev_sim) by extension 'python'
[0.580s] DEBUG:colcon.colcon_core.package_identification:Package 'drone_dev_sim' with type 'cmake' and name 'drone_dev_sim'
[0.581s] Level 1:colcon.colcon_core.package_identification:_identify(install) by extensions ['ignore', 'ignore_ament_install']
[0.581s] Level 1:colcon.colcon_core.package_identification:_identify(install) by extension 'ignore'
[0.581s] Level 1:colcon.colcon_core.package_identification:_identify(install) ignored
[0.581s] Level 1:colcon.colcon_core.package_identification:_identify(landingPadDetection) by extensions ['ignore', 'ignore_ament_install']
[0.581s] Level 1:colcon.colcon_core.package_identification:_identify(landingPadDetection) by extension 'ignore'
[0.581s] Level 1:colcon.colcon_core.package_identification:_identify(landingPadDetection) by extension 'ignore_ament_install'
[0.581s] Level 1:colcon.colcon_core.package_identification:_identify(landingPadDetection) by extensions ['colcon_pkg']
[0.582s] Level 1:colcon.colcon_core.package_identification:_identify(landingPadDetection) by extension 'colcon_pkg'
[0.582s] Level 1:colcon.colcon_core.package_identification:_identify(landingPadDetection) by extensions ['colcon_meta']
[0.582s] Level 1:colcon.colcon_core.package_identification:_identify(landingPadDetection) by extension 'colcon_meta'
[0.582s] Level 1:colcon.colcon_core.package_identification:_identify(landingPadDetection) by extensions ['ros']
[0.582s] Level 1:colcon.colcon_core.package_identification:_identify(landingPadDetection) by extension 'ros'
[0.582s] Level 1:colcon.colcon_core.package_identification:_identify(landingPadDetection) by extensions ['cmake', 'python']
[0.582s] Level 1:colcon.colcon_core.package_identification:_identify(landingPadDetection) by extension 'cmake'
[0.582s] Level 1:colcon.colcon_core.package_identification:_identify(landingPadDetection) by extension 'python'
[0.582s] Level 1:colcon.colcon_core.package_identification:_identify(landingPadDetection) by extensions ['python_setup_py']
[0.582s] Level 1:colcon.colcon_core.package_identification:_identify(landingPadDetection) by extension 'python_setup_py'
[0.583s] Level 1:colcon.colcon_core.package_identification:_identify(landingPadDetection/Camera_calibration_Im219) by extensions ['ignore', 'ignore_ament_install']
[0.583s] Level 1:colcon.colcon_core.package_identification:_identify(landingPadDetection/Camera_calibration_Im219) by extension 'ignore'
[0.583s] Level 1:colcon.colcon_core.package_identification:_identify(landingPadDetection/Camera_calibration_Im219) by extension 'ignore_ament_install'
[0.583s] Level 1:colcon.colcon_core.package_identification:_identify(landingPadDetection/Camera_calibration_Im219) by extensions ['colcon_pkg']
[0.583s] Level 1:colcon.colcon_core.package_identification:_identify(landingPadDetection/Camera_calibration_Im219) by extension 'colcon_pkg'
[0.583s] Level 1:colcon.colcon_core.package_identification:_identify(landingPadDetection/Camera_calibration_Im219) by extensions ['colcon_meta']
[0.583s] Level 1:colcon.colcon_core.package_identification:_identify(landingPadDetection/Camera_calibration_Im219) by extension 'colcon_meta'
[0.583s] Level 1:colcon.colcon_core.package_identification:_identify(landingPadDetection/Camera_calibration_Im219) by extensions ['ros']
[0.583s] Level 1:colcon.colcon_core.package_identification:_identify(landingPadDetection/Camera_calibration_Im219) by extension 'ros'
[0.583s] Level 1:colcon.colcon_core.package_identification:_identify(landingPadDetection/Camera_calibration_Im219) by extensions ['cmake', 'python']
[0.583s] Level 1:colcon.colcon_core.package_identification:_identify(landingPadDetection/Camera_calibration_Im219) by extension 'cmake'
[0.584s] Level 1:colcon.colcon_core.package_identification:_identify(landingPadDetection/Camera_calibration_Im219) by extension 'python'
[0.584s] Level 1:colcon.colcon_core.package_identification:_identify(landingPadDetection/Camera_calibration_Im219) by extensions ['python_setup_py']
[0.584s] Level 1:colcon.colcon_core.package_identification:_identify(landingPadDetection/Camera_calibration_Im219) by extension 'python_setup_py'
[0.584s] Level 1:colcon.colcon_core.package_identification:_identify(landingPadDetection/Camera_calibration_Im219/ images_taken) by extensions ['ignore', 'ignore_ament_install']
[0.584s] Level 1:colcon.colcon_core.package_identification:_identify(landingPadDetection/Camera_calibration_Im219/ images_taken) by extension 'ignore'
[0.584s] Level 1:colcon.colcon_core.package_identification:_identify(landingPadDetection/Camera_calibration_Im219/ images_taken) by extension 'ignore_ament_install'
[0.584s] Level 1:colcon.colcon_core.package_identification:_identify(landingPadDetection/Camera_calibration_Im219/ images_taken) by extensions ['colcon_pkg']
[0.584s] Level 1:colcon.colcon_core.package_identification:_identify(landingPadDetection/Camera_calibration_Im219/ images_taken) by extension 'colcon_pkg'
[0.584s] Level 1:colcon.colcon_core.package_identification:_identify(landingPadDetection/Camera_calibration_Im219/ images_taken) by extensions ['colcon_meta']
[0.585s] Level 1:colcon.colcon_core.package_identification:_identify(landingPadDetection/Camera_calibration_Im219/ images_taken) by extension 'colcon_meta'
[0.585s] Level 1:colcon.colcon_core.package_identification:_identify(landingPadDetection/Camera_calibration_Im219/ images_taken) by extensions ['ros']
[0.585s] Level 1:colcon.colcon_core.package_identification:_identify(landingPadDetection/Camera_calibration_Im219/ images_taken) by extension 'ros'
[0.585s] Level 1:colcon.colcon_core.package_identification:_identify(landingPadDetection/Camera_calibration_Im219/ images_taken) by extensions ['cmake', 'python']
[0.585s] Level 1:colcon.colcon_core.package_identification:_identify(landingPadDetection/Camera_calibration_Im219/ images_taken) by extension 'cmake'
[0.585s] Level 1:colcon.colcon_core.package_identification:_identify(landingPadDetection/Camera_calibration_Im219/ images_taken) by extension 'python'
[0.585s] Level 1:colcon.colcon_core.package_identification:_identify(landingPadDetection/Camera_calibration_Im219/ images_taken) by extensions ['python_setup_py']
[0.585s] Level 1:colcon.colcon_core.package_identification:_identify(landingPadDetection/Camera_calibration_Im219/ images_taken) by extension 'python_setup_py'
[0.585s] Level 1:colcon.colcon_core.package_identification:_identify(landingPadDetection/Camera_calibration_OV9218) by extensions ['ignore', 'ignore_ament_install']
[0.585s] Level 1:colcon.colcon_core.package_identification:_identify(landingPadDetection/Camera_calibration_OV9218) by extension 'ignore'
[0.586s] Level 1:colcon.colcon_core.package_identification:_identify(landingPadDetection/Camera_calibration_OV9218) by extension 'ignore_ament_install'
[0.586s] Level 1:colcon.colcon_core.package_identification:_identify(landingPadDetection/Camera_calibration_OV9218) by extensions ['colcon_pkg']
[0.586s] Level 1:colcon.colcon_core.package_identification:_identify(landingPadDetection/Camera_calibration_OV9218) by extension 'colcon_pkg'
[0.586s] Level 1:colcon.colcon_core.package_identification:_identify(landingPadDetection/Camera_calibration_OV9218) by extensions ['colcon_meta']
[0.586s] Level 1:colcon.colcon_core.package_identification:_identify(landingPadDetection/Camera_calibration_OV9218) by extension 'colcon_meta'
[0.586s] Level 1:colcon.colcon_core.package_identification:_identify(landingPadDetection/Camera_calibration_OV9218) by extensions ['ros']
[0.586s] Level 1:colcon.colcon_core.package_identification:_identify(landingPadDetection/Camera_calibration_OV9218) by extension 'ros'
[0.586s] Level 1:colcon.colcon_core.package_identification:_identify(landingPadDetection/Camera_calibration_OV9218) by extensions ['cmake', 'python']
[0.586s] Level 1:colcon.colcon_core.package_identification:_identify(landingPadDetection/Camera_calibration_OV9218) by extension 'cmake'
[0.586s] Level 1:colcon.colcon_core.package_identification:_identify(landingPadDetection/Camera_calibration_OV9218) by extension 'python'
[0.586s] Level 1:colcon.colcon_core.package_identification:_identify(landingPadDetection/Camera_calibration_OV9218) by extensions ['python_setup_py']
[0.586s] Level 1:colcon.colcon_core.package_identification:_identify(landingPadDetection/Camera_calibration_OV9218) by extension 'python_setup_py'
[0.587s] Level 1:colcon.colcon_core.package_identification:_identify(landingPadDetection/Camera_calibration_OV9218/__pycache__) by extensions ['ignore', 'ignore_ament_install']
[0.587s] Level 1:colcon.colcon_core.package_identification:_identify(landingPadDetection/Camera_calibration_OV9218/__pycache__) by extension 'ignore'
[0.587s] Level 1:colcon.colcon_core.package_identification:_identify(landingPadDetection/Camera_calibration_OV9218/__pycache__) by extension 'ignore_ament_install'
[0.587s] Level 1:colcon.colcon_core.package_identification:_identify(landingPadDetection/Camera_calibration_OV9218/__pycache__) by extensions ['colcon_pkg']
[0.587s] Level 1:colcon.colcon_core.package_identification:_identify(landingPadDetection/Camera_calibration_OV9218/__pycache__) by extension 'colcon_pkg'
[0.587s] Level 1:colcon.colcon_core.package_identification:_identify(landingPadDetection/Camera_calibration_OV9218/__pycache__) by extensions ['colcon_meta']
[0.587s] Level 1:colcon.colcon_core.package_identification:_identify(landingPadDetection/Camera_calibration_OV9218/__pycache__) by extension 'colcon_meta'
[0.587s] Level 1:colcon.colcon_core.package_identification:_identify(landingPadDetection/Camera_calibration_OV9218/__pycache__) by extensions ['ros']
[0.587s] Level 1:colcon.colcon_core.package_identification:_identify(landingPadDetection/Camera_calibration_OV9218/__pycache__) by extension 'ros'
[0.588s] Level 1:colcon.colcon_core.package_identification:_identify(landingPadDetection/Camera_calibration_OV9218/__pycache__) by extensions ['cmake', 'python']
[0.588s] Level 1:colcon.colcon_core.package_identification:_identify(landingPadDetection/Camera_calibration_OV9218/__pycache__) by extension 'cmake'
[0.588s] Level 1:colcon.colcon_core.package_identification:_identify(landingPadDetection/Camera_calibration_OV9218/__pycache__) by extension 'python'
[0.588s] Level 1:colcon.colcon_core.package_identification:_identify(landingPadDetection/Camera_calibration_OV9218/__pycache__) by extensions ['python_setup_py']
[0.588s] Level 1:colcon.colcon_core.package_identification:_identify(landingPadDetection/Camera_calibration_OV9218/__pycache__) by extension 'python_setup_py'
[0.588s] Level 1:colcon.colcon_core.package_identification:_identify(landingPadDetection/Camera_calibration_OV9218/image_taken) by extensions ['ignore', 'ignore_ament_install']
[0.588s] Level 1:colcon.colcon_core.package_identification:_identify(landingPadDetection/Camera_calibration_OV9218/image_taken) by extension 'ignore'
[0.588s] Level 1:colcon.colcon_core.package_identification:_identify(landingPadDetection/Camera_calibration_OV9218/image_taken) by extension 'ignore_ament_install'
[0.588s] Level 1:colcon.colcon_core.package_identification:_identify(landingPadDetection/Camera_calibration_OV9218/image_taken) by extensions ['colcon_pkg']
[0.588s] Level 1:colcon.colcon_core.package_identification:_identify(landingPadDetection/Camera_calibration_OV9218/image_taken) by extension 'colcon_pkg'
[0.589s] Level 1:colcon.colcon_core.package_identification:_identify(landingPadDetection/Camera_calibration_OV9218/image_taken) by extensions ['colcon_meta']
[0.589s] Level 1:colcon.colcon_core.package_identification:_identify(landingPadDetection/Camera_calibration_OV9218/image_taken) by extension 'colcon_meta'
[0.589s] Level 1:colcon.colcon_core.package_identification:_identify(landingPadDetection/Camera_calibration_OV9218/image_taken) by extensions ['ros']
[0.589s] Level 1:colcon.colcon_core.package_identification:_identify(landingPadDetection/Camera_calibration_OV9218/image_taken) by extension 'ros'
[0.589s] Level 1:colcon.colcon_core.package_identification:_identify(landingPadDetection/Camera_calibration_OV9218/image_taken) by extensions ['cmake', 'python']
[0.589s] Level 1:colcon.colcon_core.package_identification:_identify(landingPadDetection/Camera_calibration_OV9218/image_taken) by extension 'cmake'
[0.589s] Level 1:colcon.colcon_core.package_identification:_identify(landingPadDetection/Camera_calibration_OV9218/image_taken) by extension 'python'
[0.589s] Level 1:colcon.colcon_core.package_identification:_identify(landingPadDetection/Camera_calibration_OV9218/image_taken) by extensions ['python_setup_py']
[0.589s] Level 1:colcon.colcon_core.package_identification:_identify(landingPadDetection/Camera_calibration_OV9218/image_taken) by extension 'python_setup_py'
[0.589s] Level 1:colcon.colcon_core.package_identification:_identify(landingPadDetection/__pycache__) by extensions ['ignore', 'ignore_ament_install']
[0.590s] Level 1:colcon.colcon_core.package_identification:_identify(landingPadDetection/__pycache__) by extension 'ignore'
[0.590s] Level 1:colcon.colcon_core.package_identification:_identify(landingPadDetection/__pycache__) by extension 'ignore_ament_install'
[0.590s] Level 1:colcon.colcon_core.package_identification:_identify(landingPadDetection/__pycache__) by extensions ['colcon_pkg']
[0.590s] Level 1:colcon.colcon_core.package_identification:_identify(landingPadDetection/__pycache__) by extension 'colcon_pkg'
[0.590s] Level 1:colcon.colcon_core.package_identification:_identify(landingPadDetection/__pycache__) by extensions ['colcon_meta']
[0.590s] Level 1:colcon.colcon_core.package_identification:_identify(landingPadDetection/__pycache__) by extension 'colcon_meta'
[0.590s] Level 1:colcon.colcon_core.package_identification:_identify(landingPadDetection/__pycache__) by extensions ['ros']
[0.590s] Level 1:colcon.colcon_core.package_identification:_identify(landingPadDetection/__pycache__) by extension 'ros'
[0.590s] Level 1:colcon.colcon_core.package_identification:_identify(landingPadDetection/__pycache__) by extensions ['cmake', 'python']
[0.590s] Level 1:colcon.colcon_core.package_identification:_identify(landingPadDetection/__pycache__) by extension 'cmake'
[0.590s] Level 1:colcon.colcon_core.package_identification:_identify(landingPadDetection/__pycache__) by extension 'python'
[0.590s] Level 1:colcon.colcon_core.package_identification:_identify(landingPadDetection/__pycache__) by extensions ['python_setup_py']
[0.591s] Level 1:colcon.colcon_core.package_identification:_identify(landingPadDetection/__pycache__) by extension 'python_setup_py'
[0.591s] Level 1:colcon.colcon_core.package_identification:_identify(landingPadDetection/mac_carera__) by extensions ['ignore', 'ignore_ament_install']
[0.591s] Level 1:colcon.colcon_core.package_identification:_identify(landingPadDetection/mac_carera__) by extension 'ignore'
[0.591s] Level 1:colcon.colcon_core.package_identification:_identify(landingPadDetection/mac_carera__) by extension 'ignore_ament_install'
[0.591s] Level 1:colcon.colcon_core.package_identification:_identify(landingPadDetection/mac_carera__) by extensions ['colcon_pkg']
[0.591s] Level 1:colcon.colcon_core.package_identification:_identify(landingPadDetection/mac_carera__) by extension 'colcon_pkg'
[0.591s] Level 1:colcon.colcon_core.package_identification:_identify(landingPadDetection/mac_carera__) by extensions ['colcon_meta']
[0.591s] Level 1:colcon.colcon_core.package_identification:_identify(landingPadDetection/mac_carera__) by extension 'colcon_meta'
[0.591s] Level 1:colcon.colcon_core.package_identification:_identify(landingPadDetection/mac_carera__) by extensions ['ros']
[0.591s] Level 1:colcon.colcon_core.package_identification:_identify(landingPadDetection/mac_carera__) by extension 'ros'
[0.592s] Level 1:colcon.colcon_core.package_identification:_identify(landingPadDetection/mac_carera__) by extensions ['cmake', 'python']
[0.592s] Level 1:colcon.colcon_core.package_identification:_identify(landingPadDetection/mac_carera__) by extension 'cmake'
[0.592s] Level 1:colcon.colcon_core.package_identification:_identify(landingPadDetection/mac_carera__) by extension 'python'
[0.592s] Level 1:colcon.colcon_core.package_identification:_identify(landingPadDetection/mac_carera__) by extensions ['python_setup_py']
[0.592s] Level 1:colcon.colcon_core.package_identification:_identify(landingPadDetection/mac_carera__) by extension 'python_setup_py'
[0.592s] Level 1:colcon.colcon_core.package_identification:_identify(log) by extensions ['ignore', 'ignore_ament_install']
[0.592s] Level 1:colcon.colcon_core.package_identification:_identify(log) by extension 'ignore'
[0.592s] Level 1:colcon.colcon_core.package_identification:_identify(log) ignored
[0.592s] Level 1:colcon.colcon_core.package_discovery:discover_packages(recursive) using defaults
[0.593s] Level 1:colcon.colcon_core.package_discovery:discover_packages(ignore) discover
[0.593s] Level 1:colcon.colcon_core.package_discovery:discover_packages(ignore) using defaults
[0.593s] Level 1:colcon.colcon_core.package_discovery:discover_packages(path) discover
[0.593s] Level 1:colcon.colcon_core.package_discovery:discover_packages(path) using defaults
[0.654s] INFO:colcon.colcon_core.package_selection:Skipping not selected package 'csi_camera_publisher' in 'drone_dev/src/csi_camera_node'
[0.654s] INFO:colcon.colcon_core.package_selection:Skipping not selected package 'drone_dev_sim' in 'drone_dev_sim'
[0.655s] Level 1:colcon.colcon_core.package_discovery:discover_packages(prefix_path) check parameters
[0.655s] Level 1:colcon.colcon_core.package_discovery:discover_packages(prefix_path) discover
[0.659s] DEBUG:colcon.colcon_installed_package_information.package_discovery:Found 280 installed packages in /opt/ros/humble
[0.662s] Level 1:colcon.colcon_core.package_discovery:discover_packages(prefix_path) using defaults
[0.731s] Level 5:colcon.colcon_core.verb:set package 'aruco_detector_node' build argument 'cmake_args' from command line to 'None'
[0.731s] Level 5:colcon.colcon_core.verb:set package 'aruco_detector_node' build argument 'cmake_target' from command line to 'None'
[0.731s] Level 5:colcon.colcon_core.verb:set package 'aruco_detector_node' build argument 'cmake_target_skip_unavailable' from command line to 'False'
[0.731s] Level 5:colcon.colcon_core.verb:set package 'aruco_detector_node' build argument 'cmake_clean_cache' from command line to 'False'
[0.731s] Level 5:colcon.colcon_core.verb:set package 'aruco_detector_node' build argument 'cmake_clean_first' from command line to 'False'
[0.731s] Level 5:colcon.colcon_core.verb:set package 'aruco_detector_node' build argument 'cmake_force_configure' from command line to 'False'
[0.731s] Level 5:colcon.colcon_core.verb:set package 'aruco_detector_node' build argument 'ament_cmake_args' from command line to 'None'
[0.731s] Level 5:colcon.colcon_core.verb:set package 'aruco_detector_node' build argument 'catkin_cmake_args' from command line to 'None'
[0.731s] Level 5:colcon.colcon_core.verb:set package 'aruco_detector_node' build argument 'catkin_skip_building_tests' from command line to 'False'
[0.731s] DEBUG:colcon.colcon_core.verb:Building package 'aruco_detector_node' with the following arguments: {'ament_cmake_args': None, 'build_base': '/home/harold/Workspace/Quads_Project/build/aruco_detector_node', 'catkin_cmake_args': None, 'catkin_skip_building_tests': False, 'cmake_args': None, 'cmake_clean_cache': False, 'cmake_clean_first': False, 'cmake_force_configure': False, 'cmake_target': None, 'cmake_target_skip_unavailable': False, 'install_base': '/home/harold/Workspace/Quads_Project/install/aruco_detector_node', 'merge_install': False, 'path': '/home/harold/Workspace/Quads_Project/drone_dev/src/ArUco_detector_node', 'symlink_install': True, 'test_result_base': None}
[0.732s] INFO:colcon.colcon_core.executor:Executing jobs using 'parallel' executor
[0.734s] DEBUG:colcon.colcon_parallel_executor.executor.parallel:run_until_complete
[0.734s] INFO:colcon.colcon_ros.task.ament_python.build:Building ROS package in '/home/harold/Workspace/Quads_Project/drone_dev/src/ArUco_detector_node' with build type 'ament_python'
[0.734s] Level 1:colcon.colcon_core.shell:create_environment_hook('aruco_detector_node', 'ament_prefix_path')
[0.738s] INFO:colcon.colcon_core.plugin_system:Skipping extension 'colcon_core.shell.bat': Not used on non-Windows systems
[0.738s] INFO:colcon.colcon_core.shell:Creating environment hook '/home/harold/Workspace/Quads_Project/install/aruco_detector_node/share/aruco_detector_node/hook/ament_prefix_path.ps1'
[0.742s] INFO:colcon.colcon_core.shell:Creating environment descriptor '/home/harold/Workspace/Quads_Project/install/aruco_detector_node/share/aruco_detector_node/hook/ament_prefix_path.dsv'
[0.743s] INFO:colcon.colcon_core.shell:Creating environment hook '/home/harold/Workspace/Quads_Project/install/aruco_detector_node/share/aruco_detector_node/hook/ament_prefix_path.sh'
[0.745s] INFO:colcon.colcon_core.shell:Skip shell extension 'powershell' for command environment: Not usable outside of PowerShell
[0.745s] DEBUG:colcon.colcon_core.shell:Skip shell extension 'dsv' for command environment
[1.232s] INFO:colcon.colcon_core.task.python.build:Building Python package in '/home/harold/Workspace/Quads_Project/drone_dev/src/ArUco_detector_node'
[1.233s] INFO:colcon.colcon_core.shell:Skip shell extension 'powershell' for command environment: Not usable outside of PowerShell
[1.233s] DEBUG:colcon.colcon_core.shell:Skip shell extension 'dsv' for command environment
[2.195s] DEBUG:colcon.colcon_core.event_handler.log_command:Invoking command in '/home/harold/Workspace/Quads_Project/build/aruco_detector_node': PYTHONPATH=/home/harold/Workspace/Quads_Project/build/aruco_detector_node/prefix_override:/usr/lib/python3/dist-packages/colcon_core/task/python/colcon_distutils_commands:/home/harold/Workspace/Quads_Project/install/aruco_detector_node/lib/python3.10/site-packages:${PYTHONPATH} /usr/bin/python3 -W ignore:setup.py install is deprecated -W ignore:easy_install command is deprecated setup.py develop --editable --build-directory /home/harold/Workspace/Quads_Project/build/aruco_detector_node/build --no-deps symlink_data
[3.042s] Level 1:colcon.colcon_core.shell:create_environment_hook('aruco_detector_node', 'pythonpath_develop')
[3.043s] INFO:colcon.colcon_core.shell:Creating environment hook '/home/harold/Workspace/Quads_Project/build/aruco_detector_node/share/aruco_detector_node/hook/pythonpath_develop.ps1'
[3.045s] DEBUG:colcon.colcon_core.event_handler.log_command:Invoked command in '/home/harold/Workspace/Quads_Project/build/aruco_detector_node' returned '0': PYTHONPATH=/home/harold/Workspace/Quads_Project/build/aruco_detector_node/prefix_override:/usr/lib/python3/dist-packages/colcon_core/task/python/colcon_distutils_commands:/home/harold/Workspace/Quads_Project/install/aruco_detector_node/lib/python3.10/site-packages:${PYTHONPATH} /usr/bin/python3 -W ignore:setup.py install is deprecated -W ignore:easy_install command is deprecated setup.py develop --editable --build-directory /home/harold/Workspace/Quads_Project/build/aruco_detector_node/build --no-deps symlink_data
[3.046s] INFO:colcon.colcon_core.shell:Creating environment descriptor '/home/harold/Workspace/Quads_Project/build/aruco_detector_node/share/aruco_detector_node/hook/pythonpath_develop.dsv'
[3.048s] INFO:colcon.colcon_core.shell:Creating environment hook '/home/harold/Workspace/Quads_Project/build/aruco_detector_node/share/aruco_detector_node/hook/pythonpath_develop.sh'
[3.056s] Level 1:colcon.colcon_core.environment:checking '/home/harold/Workspace/Quads_Project/install/aruco_detector_node' for CMake module files
[3.057s] Level 1:colcon.colcon_core.environment:checking '/home/harold/Workspace/Quads_Project/install/aruco_detector_node' for CMake config files
[3.059s] Level 1:colcon.colcon_core.environment:checking '/home/harold/Workspace/Quads_Project/install/aruco_detector_node/lib'
[3.059s] Level 1:colcon.colcon_core.environment:checking '/home/harold/Workspace/Quads_Project/install/aruco_detector_node/bin'
[3.060s] Level 1:colcon.colcon_core.environment:checking '/home/harold/Workspace/Quads_Project/install/aruco_detector_node/lib/pkgconfig/aruco_detector_node.pc'
[3.060s] Level 1:colcon.colcon_core.environment:checking '/home/harold/Workspace/Quads_Project/install/aruco_detector_node/lib/python3.10/site-packages'
[3.061s] Level 1:colcon.colcon_core.shell:create_environment_hook('aruco_detector_node', 'pythonpath')
[3.062s] INFO:colcon.colcon_core.shell:Creating environment hook '/home/harold/Workspace/Quads_Project/install/aruco_detector_node/share/aruco_detector_node/hook/pythonpath.ps1'
[3.063s] INFO:colcon.colcon_core.shell:Creating environment descriptor '/home/harold/Workspace/Quads_Project/install/aruco_detector_node/share/aruco_detector_node/hook/pythonpath.dsv'
[3.064s] INFO:colcon.colcon_core.shell:Creating environment hook '/home/harold/Workspace/Quads_Project/install/aruco_detector_node/share/aruco_detector_node/hook/pythonpath.sh'
[3.067s] Level 1:colcon.colcon_core.environment:checking '/home/harold/Workspace/Quads_Project/install/aruco_detector_node/bin'
[3.067s] Level 1:colcon.colcon_core.environment:create_environment_scripts_only(aruco_detector_node)
[3.068s] INFO:colcon.colcon_core.shell:Creating package script '/home/harold/Workspace/Quads_Project/install/aruco_detector_node/share/aruco_detector_node/package.ps1'
[3.074s] INFO:colcon.colcon_core.shell:Creating package descriptor '/home/harold/Workspace/Quads_Project/install/aruco_detector_node/share/aruco_detector_node/package.dsv'
[3.078s] INFO:colcon.colcon_core.shell:Creating package script '/home/harold/Workspace/Quads_Project/install/aruco_detector_node/share/aruco_detector_node/package.sh'
[3.081s] INFO:colcon.colcon_core.shell:Creating package script '/home/harold/Workspace/Quads_Project/install/aruco_detector_node/share/aruco_detector_node/package.bash'
[3.084s] INFO:colcon.colcon_core.shell:Creating package script '/home/harold/Workspace/Quads_Project/install/aruco_detector_node/share/aruco_detector_node/package.zsh'
[3.087s] Level 1:colcon.colcon_core.environment:create_file_with_runtime_dependencies(/home/harold/Workspace/Quads_Project/install/aruco_detector_node/share/colcon-core/packages/aruco_detector_node)
[3.088s] DEBUG:colcon.colcon_parallel_executor.executor.parallel:closing loop
[3.089s] DEBUG:colcon.colcon_parallel_executor.executor.parallel:loop closed
[3.089s] DEBUG:colcon.colcon_parallel_executor.executor.parallel:run_until_complete finished with '0'
[3.090s] DEBUG:colcon.colcon_core.event_reactor:joining thread
[3.090s] DEBUG:colcon.colcon_core.event_reactor:joined thread
[3.091s] INFO:colcon.colcon_core.shell:Creating prefix script '/home/harold/Workspace/Quads_Project/install/local_setup.ps1'
[3.093s] INFO:colcon.colcon_core.shell:Creating prefix util module '/home/harold/Workspace/Quads_Project/install/_local_setup_util_ps1.py'
[3.097s] INFO:colcon.colcon_core.shell:Creating prefix chain script '/home/harold/Workspace/Quads_Project/install/setup.ps1'
[3.101s] INFO:colcon.colcon_core.shell:Creating prefix script '/home/harold/Workspace/Quads_Project/install/local_setup.sh'
[3.103s] INFO:colcon.colcon_core.shell:Creating prefix util module '/home/harold/Workspace/Quads_Project/install/_local_setup_util_sh.py'
[3.105s] INFO:colcon.colcon_core.shell:Creating prefix chain script '/home/harold/Workspace/Quads_Project/install/setup.sh'
[3.108s] INFO:colcon.colcon_core.shell:Creating prefix script '/home/harold/Workspace/Quads_Project/install/local_setup.bash'
[3.110s] INFO:colcon.colcon_core.shell:Creating prefix chain script '/home/harold/Workspace/Quads_Project/install/setup.bash'
[3.113s] INFO:colcon.colcon_core.shell:Creating prefix script '/home/harold/Workspace/Quads_Project/install/local_setup.zsh'
[3.114s] INFO:colcon.colcon_core.shell:Creating prefix chain script '/home/harold/Workspace/Quads_Project/install/setup.zsh'
