running develop
Removing /home/harold/Workspace/Quads_Project/install/aruco_detector_node/lib/python3.10/site-packages/aruco-detector-node.egg-link (link to .)
running egg_info
writing ../../../build/aruco_detector_node/aruco_detector_node.egg-info/PKG-INFO
writing dependency_links to ../../../build/aruco_detector_node/aruco_detector_node.egg-info/dependency_links.txt
writing entry points to ../../../build/aruco_detector_node/aruco_detector_node.egg-info/entry_points.txt
writing requirements to ../../../build/aruco_detector_node/aruco_detector_node.egg-info/requires.txt
writing top-level names to ../../../build/aruco_detector_node/aruco_detector_node.egg-info/top_level.txt
reading manifest file '../../../build/aruco_detector_node/aruco_detector_node.egg-info/SOURCES.txt'
writing manifest file '../../../build/aruco_detector_node/aruco_detector_node.egg-info/SOURCES.txt'
running build
running build_py
creating /home/harold/Workspace/Quads_Project/build/aruco_detector_node/build
creating /home/harold/Workspace/Quads_Project/build/aruco_detector_node/build/lib
creating /home/harold/Workspace/Quads_Project/build/aruco_detector_node/build/lib/ArUco_detector_node
copying ArUco_detector_node/aruco_detector_publisher.py -> /home/harold/Workspace/Quads_Project/build/aruco_detector_node/build/lib/ArUco_detector_node
copying ArUco_detector_node/aruco_detector.py -> /home/harold/Workspace/Quads_Project/build/aruco_detector_node/build/lib/ArUco_detector_node
copying ArUco_detector_node/__init__.py -> /home/harold/Workspace/Quads_Project/build/aruco_detector_node/build/lib/ArUco_detector_node
running install
running install_lib
creating /home/harold/Workspace/Quads_Project/install/aruco_detector_node/lib/python3.10/site-packages/ArUco_detector_node
copying /home/harold/Workspace/Quads_Project/build/aruco_detector_node/build/lib/ArUco_detector_node/aruco_detector_publisher.py -> /home/harold/Workspace/Quads_Project/install/aruco_detector_node/lib/python3.10/site-packages/ArUco_detector_node
copying /home/harold/Workspace/Quads_Project/build/aruco_detector_node/build/lib/ArUco_detector_node/aruco_detector.py -> /home/harold/Workspace/Quads_Project/install/aruco_detector_node/lib/python3.10/site-packages/ArUco_detector_node
copying /home/harold/Workspace/Quads_Project/build/aruco_detector_node/build/lib/ArUco_detector_node/__init__.py -> /home/harold/Workspace/Quads_Project/install/aruco_detector_node/lib/python3.10/site-packages/ArUco_detector_node
byte-compiling /home/harold/Workspace/Quads_Project/install/aruco_detector_node/lib/python3.10/site-packages/ArUco_detector_node/aruco_detector_publisher.py to aruco_detector_publisher.cpython-310.pyc
byte-compiling /home/harold/Workspace/Quads_Project/install/aruco_detector_node/lib/python3.10/site-packages/ArUco_detector_node/aruco_detector.py to aruco_detector.cpython-310.pyc
byte-compiling /home/harold/Workspace/Quads_Project/install/aruco_detector_node/lib/python3.10/site-packages/ArUco_detector_node/__init__.py to __init__.cpython-310.pyc
running install_data
copying resource/aruco_detector_node -> /home/harold/Workspace/Quads_Project/install/aruco_detector_node/share/ament_index/resource_index/packages
copying package.xml -> /home/harold/Workspace/Quads_Project/install/aruco_detector_node/share/aruco_detector_node
running install_egg_info
Copying ../../../build/aruco_detector_node/aruco_detector_node.egg-info to /home/harold/Workspace/Quads_Project/install/aruco_detector_node/lib/python3.10/site-packages/aruco_detector_node-0.1.0-py3.10.egg-info
running install_scripts
Installing aruco_detector_node script to /home/harold/Workspace/Quads_Project/install/aruco_detector_node/lib/aruco_detector_node
writing list of installed files to '/home/harold/Workspace/Quads_Project/build/aruco_detector_node/install.log'
